ImageX	ImageY	BModeResponse	DopplerResponse	DopplerCentroidDistance	frame
[
276.838684	188.106430	606.960022	1401.167847	900.000000	2;
200.842484	316.277710	2608.590088	1401.167847	25537.000000	2;
200.842484	316.277710	2608.590088	1401.167847	25537.000000	2;
200.842484	316.277710	2608.590088	1401.167847	25537.000000	2;
333.763245	323.939911	1696.380005	1401.167847	28224.000000	2;
333.763245	323.939911	1696.380005	1401.167847	28224.000000	2;
333.763245	323.939911	1696.380005	1401.167847	28224.000000	2;
253.415695	204.626541	88.309998	1401.167847	3145.000000	2;
238.186508	261.475342	146.860001	1401.167847	12970.000000	2;
354.015625	233.031738	61.439999	1401.167847	11185.000000	2;
355.513519	160.511551	20.350000	1401.167847	5265.000000	2;
210.978622	242.041382	36.490002	1401.167847	12456.000000	2;
375.976563	278.006989	55.869999	1401.167847	23976.000000	2;
398.920441	71.962746	37.580002	1401.167847	19154.000000	2;
276.885620	188.560150	639.590027	1585.931763	1089.000000	3;
259.726807	319.306763	5297.970215	1585.931763	26244.000000	3;
259.726807	319.306763	5297.970215	1585.931763	26244.000000	3;
259.726807	319.306763	5297.970215	1585.931763	26244.000000	3;
259.726807	319.306763	5297.970215	1585.931763	26244.000000	3;
259.726807	319.306763	5297.970215	1585.931763	26244.000000	3;
259.726807	319.306763	5297.970215	1585.931763	26244.000000	3;
259.726807	319.306763	5297.970215	1585.931763	26244.000000	3;
253.459747	205.033035	106.559998	1585.931763	3601.000000	3;
448.402771	59.588917	574.190002	1585.931763	29665.000000	3;
238.223007	261.128387	170.800003	1585.931763	13617.000000	3;
354.015625	233.031738	61.439999	1585.931763	11281.000000	3;
355.513519	160.511551	20.350000	1585.931763	4905.000000	3;
378.220184	278.030884	77.709999	1585.931763	24210.000000	3;
210.536667	242.044342	41.049999	1585.931763	13410.000000	3;
398.912598	71.531242	48.169998	1585.931763	18020.000000	3;
277.185364	187.564774	553.530029	1456.518555	1089.000000	4;
200.154510	316.197083	2617.260010	1456.518555	26500.000000	4;
200.154510	316.197083	2617.260010	1456.518555	26500.000000	4;
200.154510	316.197083	2617.260010	1456.518555	26500.000000	4;
333.258301	323.546783	1785.859985	1456.518555	28900.000000	4;
333.258301	323.546783	1785.859985	1456.518555	28900.000000	4;
333.258301	323.546783	1785.859985	1456.518555	28900.000000	4;
253.412735	204.612244	89.669998	1456.518555	3425.000000	4;
238.566132	261.445679	141.220001	1456.518555	13568.000000	4;
355.288727	233.005951	57.110001	1456.518555	12097.000000	4;
441.091187	57.029625	107.680000	1456.518555	32360.000000	4;
355.506653	160.503860	14.250000	1456.518555	5620.000000	4;
210.521027	242.026779	32.110001	1456.518555	13005.000000	4;
398.459930	71.049324	32.439999	1456.518555	19081.000000	4;
270.164948	197.922211	1719.459961	1971.210815	1089.000000	5;
279.409485	139.510468	26.740000	1971.210815	64.000000	5;
244.856140	259.185455	505.140015	1971.210815	11105.000000	5;
446.407227	59.767380	850.010010	1971.210815	27136.000000	5;
353.213654	161.044708	113.180000	1971.210815	3821.000000	5;
242.419724	126.000992	40.360001	1971.210815	1737.000000	5;
303.548187	261.950195	219.470001	1971.210815	12321.000000	5;
354.821503	233.063217	129.699997	1971.210815	10693.000000	5;
376.322052	278.004578	248.750000	1971.210815	21458.000000	5;
259.531555	102.484322	25.830000	1971.210815	2386.000000	5;
277.725067	187.972946	597.659973	1872.094238	576.000000	6;
269.716248	319.025421	5303.089844	1872.094238	23409.000000	6;
269.716248	319.025421	5303.089844	1872.094238	23409.000000	6;
269.716248	319.025421	5303.089844	1872.094238	23409.000000	6;
269.716248	319.025421	5303.089844	1872.094238	23409.000000	6;
269.716248	319.025421	5303.089844	1872.094238	23409.000000	6;
269.716248	319.025421	5303.089844	1872.094238	23409.000000	6;
269.716248	319.025421	5303.089844	1872.094238	23409.000000	6;
254.003754	205.036087	119.970001	1872.094238	2792.000000	6;
352.949829	161.445297	78.510002	1872.094238	3609.000000	6;
239.163208	261.074829	145.949997	1872.094238	11925.000000	6;
355.417877	233.412247	87.010002	1872.094238	9594.000000	6;
378.886108	277.979492	75.080002	1872.094238	21625.000000	6;
213.989365	258.045105	47.009998	1872.094238	14624.000000	6;
398.448639	71.018913	51.290001	1872.094238	18505.000000	6;
258.504913	254.488373	19.350000	1872.094238	10034.000000	6;
277.246216	187.552155	549.080017	1414.605591	1024.000000	7;
202.240265	315.788269	2524.270020	1414.605591	26177.000000	7;
202.240265	315.788269	2524.270020	1414.605591	26177.000000	7;
202.240265	315.788269	2524.270020	1414.605591	26177.000000	7;
343.141968	323.175629	2285.389893	1414.605591	27893.000000	7;
343.141968	323.175629	2285.389893	1414.605591	27893.000000	7;
343.141968	323.175629	2285.389893	1414.605591	27893.000000	7;
343.141968	323.175629	2285.389893	1414.605591	27893.000000	7;
343.141968	323.175629	2285.389893	1414.605591	27893.000000	7;
254.425110	205.472717	93.669998	1414.605591	3425.000000	7;
351.163818	162.463135	64.279999	1414.605591	4500.000000	7;
354.971405	233.037750	63.299999	1414.605591	11650.000000	7;
442.599274	58.764191	149.399994	1414.605591	32020.000000	7;
398.955872	71.504425	79.059998	1414.605591	18394.000000	7;
213.988281	258.981781	63.160000	1414.605591	15602.000000	7;
240.518478	261.506012	44.919998	1414.605591	13700.000000	7;
277.325134	189.469086	532.309998	1819.919556	241.000000	8;
296.976013	320.906677	5213.779785	1819.919556	19881.000000	8;
296.976013	320.906677	5213.779785	1819.919556	19881.000000	8;
296.976013	320.906677	5213.779785	1819.919556	19881.000000	8;
296.976013	320.906677	5213.779785	1819.919556	19881.000000	8;
296.976013	320.906677	5213.779785	1819.919556	19881.000000	8;
296.976013	320.906677	5213.779785	1819.919556	19881.000000	8;
296.976013	320.906677	5213.779785	1819.919556	19881.000000	8;
237.500320	253.193176	173.669998	1819.919556	8570.000000	8;
186.602478	251.432678	89.580002	1819.919556	16724.000000	8;
213.054749	261.000275	71.059998	1819.919556	13940.000000	8;
302.497467	255.521210	19.799999	1819.919556	7605.000000	8;
278.087646	190.530426	675.010010	1963.661621	225.000000	9;
216.878448	256.308807	867.719971	1963.661621	8570.000000	9;
216.878448	256.308807	867.719971	1963.661621	8570.000000	9;
216.878448	256.308807	867.719971	1963.661621	8570.000000	9;
272.010437	117.955246	97.860001	1963.661621	2368.000000	9;
220.315613	313.515747	758.219971	1963.661621	21320.000000	9;
220.315613	313.515747	758.219971	1963.661621	21320.000000	9;
220.315613	313.515747	758.219971	1963.661621	21320.000000	9;
253.541901	146.982040	36.759998	1963.661621	1517.000000	9;
298.371033	229.998932	65.680000	1963.661621	3721.000000	9;
360.456329	230.552414	72.029999	1963.661621	7690.000000	9;
227.980667	145.491440	31.559999	1963.661621	3805.000000	9;
303.361816	257.050690	44.000000	1963.661621	7793.000000	9;
279.093872	191.757965	736.359985	1840.863525	49.000000	10;
193.803604	254.980850	1179.890015	1840.863525	7685.000000	10;
193.803604	254.980850	1179.890015	1840.863525	7685.000000	10;
193.803604	254.980850	1179.890015	1840.863525	7685.000000	10;
261.725830	149.369308	161.059998	1840.863525	1152.000000	10;
296.620819	230.542557	113.959999	1840.863525	2704.000000	10;
361.415955	153.357224	112.339996	1840.863525	4000.000000	10;
272.656433	118.929161	90.489998	1840.863525	3280.000000	10;
362.316162	231.564438	86.510002	1840.863525	6409.000000	10;
360.538818	238.945969	86.059998	1840.863525	7081.000000	10;
387.013763	193.501221	37.029999	1840.863525	7969.000000	10;
181.859146	117.581650	61.910000	1840.863525	14698.000000	10;
278.181793	190.516296	327.200012	1347.551880	61.000000	11;
284.544189	322.959717	6515.950195	1347.551880	17161.000000	11;
284.544189	322.959717	6515.950195	1347.551880	17161.000000	11;
284.544189	322.959717	6515.950195	1347.551880	17161.000000	11;
284.544189	322.959717	6515.950195	1347.551880	17161.000000	11;
284.544189	322.959717	6515.950195	1347.551880	17161.000000	11;
284.544189	322.959717	6515.950195	1347.551880	17161.000000	11;
284.544189	322.959717	6515.950195	1347.551880	17161.000000	11;
284.544189	322.959717	6515.950195	1347.551880	17161.000000	11;
284.544189	322.959717	6515.950195	1347.551880	17161.000000	11;
191.689392	255.538254	599.219971	1347.551880	10229.000000	11;
262.536133	149.019165	41.220001	1347.551880	1517.000000	11;
297.985779	231.982147	57.680000	1347.551880	2601.000000	11;
363.389099	240.026855	159.009995	1347.551880	7208.000000	11;
363.004578	153.502289	17.459999	1347.551880	5249.000000	11;
411.008423	142.022202	26.129999	1347.551880	14752.000000	11;
280.814148	191.415466	340.410004	1401.951904	64.000000	12;
256.870880	320.795319	4095.810059	1401.951904	17689.000000	12;
256.870880	320.795319	4095.810059	1401.951904	17689.000000	12;
256.870880	320.795319	4095.810059	1401.951904	17689.000000	12;
256.870880	320.795319	4095.810059	1401.951904	17689.000000	12;
256.870880	320.795319	4095.810059	1401.951904	17689.000000	12;
256.870880	320.795319	4095.810059	1401.951904	17689.000000	12;
256.870880	320.795319	4095.810059	1401.951904	17689.000000	12;
199.951538	256.981049	451.980011	1401.951904	9140.000000	12;
365.955780	240.585312	124.139999	1401.951904	8929.000000	12;
188.243713	120.420021	111.400002	1401.951904	10880.000000	12;
412.709290	143.050766	127.239998	1401.951904	15730.000000	12;
386.492828	131.445648	57.869999	1401.951904	11629.000000	12;
256.544098	262.477966	27.219999	1401.951904	7465.000000	12;
283.011353	191.376816	335.049988	1902.779663	16.000000	13;
320.468384	134.725220	234.110001	1902.779663	2522.000000	13;
200.495956	257.282959	556.989990	1902.779663	8209.000000	13;
204.215454	315.396515	1144.949951	1902.779663	17482.000000	13;
204.215454	315.396515	1144.949951	1902.779663	17482.000000	13;
204.215454	315.396515	1144.949951	1902.779663	17482.000000	13;
193.841858	120.041351	229.729996	1902.779663	9225.000000	13;
250.890060	261.594208	153.350006	1902.779663	6370.000000	13;
367.477692	239.331100	132.949997	1902.779663	8392.000000	13;
414.277588	143.424026	204.229996	1902.779663	15696.000000	13;
388.319244	131.026276	80.690002	1902.779663	12202.000000	13;
394.956635	122.485466	45.419998	1902.779663	14813.000000	13;
283.767212	190.872818	220.789993	1835.389160	1.000000	14;
213.491928	319.038574	2148.399902	1835.389160	16200.000000	14;
213.491928	319.038574	2148.399902	1835.389160	16200.000000	14;
213.491928	319.038574	2148.399902	1835.389160	16200.000000	14;
345.231903	328.906799	2022.449951	1835.389160	18496.000000	14;
345.231903	328.906799	2022.449951	1835.389160	18496.000000	14;
345.231903	328.906799	2022.449951	1835.389160	18496.000000	14;
213.137589	257.533356	135.690002	1835.389160	8730.000000	14;
186.810944	258.438507	173.500000	1835.389160	12469.000000	14;
323.059052	138.982620	39.119999	1835.389160	3272.000000	14;
250.495483	262.495850	56.450001	1835.389160	6354.000000	14;
192.899094	120.970192	96.629997	1835.389160	11152.000000	14;
312.511902	260.509552	29.850000	1835.389160	5858.000000	14;
419.286041	143.517029	76.629997	1835.389160	18322.000000	14;
283.998230	191.873840	222.259995	1839.890015	16.000000	15;
218.826355	320.815308	1903.800049	1839.890015	17189.000000	15;
218.826355	320.815308	1903.800049	1839.890015	17189.000000	15;
218.826355	320.815308	1903.800049	1839.890015	17189.000000	15;
286.472015	151.954010	64.150002	1839.890015	961.000000	15;
197.307800	260.099365	344.799988	1839.890015	9685.000000	15;
307.092529	325.690857	302.070007	1839.890015	19325.000000	15;
224.045761	121.963043	91.989998	1839.890015	6425.000000	15;
315.843109	262.030640	67.239998	1839.890015	6401.000000	15;
324.522888	139.502594	21.190001	1839.890015	3305.000000	15;
192.945068	121.934738	58.990002	1839.890015	11117.000000	15;
174.455643	277.516388	20.740000	1839.890015	19913.000000	15;
285.438171	192.411896	194.149994	1685.365601	0.000000	16;
361.629242	331.372711	2509.139893	1685.365601	17689.000000	16;
361.629242	331.372711	2509.139893	1685.365601	17689.000000	16;
361.629242	331.372711	2509.139893	1685.365601	17689.000000	16;
361.629242	331.372711	2509.139893	1685.365601	17689.000000	16;
361.629242	331.372711	2509.139893	1685.365601	17689.000000	16;
211.898407	321.007385	1934.959961	1685.365601	15952.000000	16;
211.898407	321.007385	1934.959961	1685.365601	15952.000000	16;
211.898407	321.007385	1934.959961	1685.365601	15952.000000	16;
288.223267	152.417404	104.000000	1685.365601	1369.000000	16;
201.220322	261.490417	283.720001	1685.365601	9524.000000	16;
339.495789	183.999069	32.090000	1685.365601	2061.000000	16;
226.827805	122.477661	53.950001	1685.365601	7873.000000	16;
175.005524	278.505249	18.090000	1685.365601	20392.000000	16;
290.278717	193.529800	269.440002	1406.758057	0.000000	17;
378.642029	332.907227	3052.219971	1406.758057	17488.000000	17;
378.642029	332.907227	3052.219971	1406.758057	17488.000000	17;
378.642029	332.907227	3052.219971	1406.758057	17488.000000	17;
378.642029	332.907227	3052.219971	1406.758057	17488.000000	17;
378.642029	332.907227	3052.219971	1406.758057	17488.000000	17;
292.937836	153.483337	168.100006	1406.758057	1444.000000	17;
215.745987	322.114838	1551.569946	1406.758057	15737.000000	17;
215.745987	322.114838	1551.569946	1406.758057	15737.000000	17;
215.745987	322.114838	1551.569946	1406.758057	15737.000000	17;
343.230103	185.564041	216.809998	1406.758057	2329.000000	17;
211.947784	263.976624	157.399994	1406.758057	8242.000000	17;
440.144226	149.024902	206.050003	1406.758057	22213.000000	17;
408.506531	181.026978	45.230000	1406.758057	14282.000000	17;
292.919281	199.287949	515.330017	1292.679810	1.000000	18;
316.752472	156.803421	216.139999	1292.679810	1249.000000	18;
347.105316	187.899155	257.130005	1292.679810	2304.000000	18;
230.020645	324.012543	1562.939941	1292.679810	16384.000000	18;
230.020645	324.012543	1562.939941	1292.679810	16384.000000	18;
230.020645	324.012543	1562.939941	1292.679810	16384.000000	18;
230.020645	324.012543	1562.939941	1292.679810	16384.000000	18;
230.020645	324.012543	1562.939941	1292.679810	16384.000000	18;
216.631271	266.514160	351.230011	1292.679810	8100.000000	18;
402.536377	182.430145	85.110001	1292.679810	11713.000000	18;
293.151703	200.323044	704.500000	1711.045044	0.000000	19;
320.379730	156.496902	316.339996	1711.045044	1277.000000	19;
347.845703	189.374969	266.390015	1711.045044	2025.000000	19;
215.323944	266.932190	557.690002	1711.045044	7760.000000	19;
402.686676	154.993942	198.330002	1711.045044	10829.000000	19;
405.897369	182.991226	115.070000	1711.045044	11089.000000	19;
259.487610	203.505707	10.500000	1711.045044	1042.000000	19;
259.074890	283.548615	38.060001	1711.045044	8644.000000	19;
251.540634	289.986145	33.220001	1711.045044	10394.000000	19;
293.404083	201.795242	447.739990	1521.641968	0.000000	20;
236.228638	325.704803	1838.800049	1521.641968	15129.000000	20;
236.228638	325.704803	1838.800049	1521.641968	15129.000000	20;
236.228638	325.704803	1838.800049	1521.641968	15129.000000	20;
236.228638	325.704803	1838.800049	1521.641968	15129.000000	20;
236.228638	325.704803	1838.800049	1521.641968	15129.000000	20;
327.336578	157.449326	134.800003	1521.641968	1928.000000	20;
414.311005	154.325928	597.770020	1521.641968	9725.000000	20;
350.451660	190.486740	121.459999	1521.641968	2417.000000	20;
213.700684	267.609528	355.940002	1521.641968	8333.000000	20;
410.973541	283.965729	46.090000	1521.641968	19546.000000	20;
260.512726	285.488312	19.270000	1521.641968	8593.000000	20;
294.159882	200.009033	181.649994	1382.260742	9.000000	21;
289.204254	332.692261	4309.209961	1382.260742	17161.000000	21;
289.204254	332.692261	4309.209961	1382.260742	17161.000000	21;
289.204254	332.692261	4309.209961	1382.260742	17161.000000	21;
289.204254	332.692261	4309.209961	1382.260742	17161.000000	21;
289.204254	332.692261	4309.209961	1382.260742	17161.000000	21;
289.204254	332.692261	4309.209961	1382.260742	17161.000000	21;
289.204254	332.692261	4309.209961	1382.260742	17161.000000	21;
382.645599	161.021896	72.629997	1382.260742	8017.000000	21;
207.996521	269.993378	60.299999	1382.260742	11709.000000	21;
297.263641	205.805038	823.520020	1521.059814	9.000000	22;
385.556213	161.343414	1085.579956	1521.059814	2938.000000	22;
385.556213	161.343414	1085.579956	1521.059814	2938.000000	22;
385.556213	161.343414	1085.579956	1521.059814	2938.000000	22;
196.338669	264.311493	474.589996	1521.059814	10656.000000	22;
329.058289	162.013901	52.490002	1521.059814	1537.000000	22;
318.935547	302.998016	216.149994	1521.059814	10916.000000	22;
308.420319	141.500946	26.290001	1521.059814	2740.000000	22;
175.894928	175.096329	85.650002	1521.059814	13058.000000	22;
224.437607	274.046143	43.349998	1521.059814	10573.000000	22;
394.990265	186.471405	33.919998	1521.059814	8872.000000	22;
385.026031	199.019516	18.440001	1521.059814	7234.000000	22;
296.451874	201.424332	192.399994	1792.740356	4.000000	23;
270.130310	332.657959	2598.449951	1792.740356	16900.000000	23;
270.130310	332.657959	2598.449951	1792.740356	16900.000000	23;
270.130310	332.657959	2598.449951	1792.740356	16900.000000	23;
270.130310	332.657959	2598.449951	1792.740356	16900.000000	23;
270.130310	332.657959	2598.449951	1792.740356	16900.000000	23;
299.990143	212.032150	27.370001	1792.740356	196.000000	23;
374.008759	163.670868	382.649994	1792.740356	4036.000000	23;
383.266541	337.117004	243.229996	1792.740356	23165.000000	23;
321.745117	304.037598	97.849998	1792.740356	11461.000000	23;
404.456421	160.476456	21.450001	1792.740356	12041.000000	23;
195.527115	264.488586	21.020000	1792.740356	14290.000000	23;
189.982895	258.010376	16.370001	1792.740356	14836.000000	23;
297.353363	205.819733	835.669983	1436.872314	16.000000	24;
377.414581	163.118561	869.719971	1436.872314	2929.000000	24;
377.414581	163.118561	869.719971	1436.872314	2929.000000	24;
377.414581	163.118561	869.719971	1436.872314	2929.000000	24;
328.134369	302.203522	398.660004	1436.872314	10937.000000	24;
191.346558	260.735016	408.100006	1436.872314	12436.000000	24;
400.081970	179.811981	115.410004	1436.872314	9509.000000	24;
382.697479	198.535599	62.509998	1436.872314	6250.000000	24;
305.497864	141.495285	23.299999	1436.872314	2617.000000	24;
226.052612	274.498260	25.850000	1436.872314	10889.000000	24;
276.994202	290.000000	15.550000	1436.872314	9441.000000	24;
295.424774	205.350281	383.549988	1703.649658	9.000000	25;
376.664703	161.967300	731.729980	1703.649658	2749.000000	25;
376.664703	161.967300	731.729980	1703.649658	2749.000000	25;
376.664703	161.967300	731.729980	1703.649658	2749.000000	25;
265.398865	330.681396	2098.750000	1703.649658	16900.000000	25;
265.398865	330.681396	2098.750000	1703.649658	16900.000000	25;
265.398865	330.681396	2098.750000	1703.649658	16900.000000	25;
265.398865	330.681396	2098.750000	1703.649658	16900.000000	25;
265.398865	330.681396	2098.750000	1703.649658	16900.000000	25;
190.965912	259.996643	325.299988	1703.649658	13682.000000	25;
381.600677	198.482788	96.190002	1703.649658	5185.000000	25;
399.983276	178.910599	106.370003	1703.649658	8660.000000	25;
319.412262	303.060730	94.870003	1703.649658	11285.000000	25;
424.597961	154.995529	42.459999	1703.649658	15445.000000	25;
343.987000	298.495178	23.870001	1703.649658	11848.000000	25;
362.954742	334.514679	39.540001	1703.649658	22069.000000	25;
295.981079	205.404266	369.579987	1778.201172	10.000000	26;
388.991760	161.653625	1469.140015	1778.201172	2441.000000	26;
388.991760	161.653625	1469.140015	1778.201172	2441.000000	26;
388.991760	161.653625	1469.140015	1778.201172	2441.000000	26;
267.207489	331.317230	2043.180054	1778.201172	16641.000000	26;
267.207489	331.317230	2043.180054	1778.201172	16641.000000	26;
267.207489	331.317230	2043.180054	1778.201172	16641.000000	26;
267.207489	331.317230	2043.180054	1778.201172	16641.000000	26;
267.207489	331.317230	2043.180054	1778.201172	16641.000000	26;
382.465759	199.635376	180.050003	1778.201172	4624.000000	26;
404.242920	177.931732	220.449997	1778.201172	8477.000000	26;
193.477600	262.203522	288.760010	1778.201172	14416.000000	26;
412.706360	339.382080	482.730011	1778.201172	26045.000000	26;
322.508209	295.035309	66.269997	1778.201172	9316.000000	26;
365.485901	336.496948	27.990000	1778.201172	22069.000000	26;
298.403412	207.517365	340.089996	2147.089600	9.000000	27;
373.896088	164.249420	838.330017	2147.089600	2836.000000	27;
240.205231	328.973602	864.799988	2147.089600	16273.000000	27;
240.205231	328.973602	864.799988	2147.089600	16273.000000	27;
240.205231	328.973602	864.799988	2147.089600	16273.000000	27;
384.112518	201.543793	159.509995	2147.089600	5625.000000	27;
345.041962	150.509628	61.240002	2147.089600	3637.000000	27;
199.726608	263.654327	130.470001	2147.089600	12869.000000	27;
326.883118	296.969330	94.190002	2147.089600	9698.000000	27;
299.524200	207.837372	448.980011	1747.675171	4.000000	28;
377.634613	164.471695	1016.349976	1747.675171	2441.000000	28;
377.634613	164.471695	1016.349976	1747.675171	2441.000000	28;
377.634613	164.471695	1016.349976	1747.675171	2441.000000	28;
295.992279	183.998276	23.290001	1747.675171	233.000000	28;
345.189270	151.072083	136.100006	1747.675171	2986.000000	28;
328.412628	297.510773	113.320000	1747.675171	9605.000000	28;
387.321533	204.520081	65.220001	1747.675171	5792.000000	28;
267.198730	285.981445	89.470001	1747.675171	8357.000000	28;
202.763458	265.171265	81.510002	1747.675171	13700.000000	28;
282.941833	311.996552	72.709999	1747.675171	12800.000000	28;
300.545044	204.384262	194.970001	1414.235962	4.000000	29;
367.432007	166.802917	511.660004	1414.235962	2993.000000	29;
270.037079	332.372742	2337.449951	1414.235962	16129.000000	29;
270.037079	332.372742	2337.449951	1414.235962	16129.000000	29;
270.037079	332.372742	2337.449951	1414.235962	16129.000000	29;
270.037079	332.372742	2337.449951	1414.235962	16129.000000	29;
270.037079	332.372742	2337.449951	1414.235962	16129.000000	29;
343.761658	151.955734	196.309998	1414.235962	2986.000000	29;
391.941833	338.642609	645.010010	1414.235962	21860.000000	29;
391.941833	338.642609	645.010010	1414.235962	21860.000000	29;
391.941833	338.642609	645.010010	1414.235962	21860.000000	29;
270.018158	287.003662	62.779999	1414.235962	8125.000000	29;
284.967438	141.516281	17.510000	1414.235962	3474.000000	29;
408.383179	163.986954	53.630001	1414.235962	11357.000000	29;
301.223907	208.306488	538.390015	1418.690308	4.000000	30;
294.816711	183.675293	174.929993	1418.690308	144.000000	30;
383.084412	167.298370	887.080017	1418.690308	3701.000000	30;
339.657623	152.227448	284.369995	1418.690308	2525.000000	30;
289.776947	143.678345	210.039993	1418.690308	2704.000000	30;
316.488647	181.006042	34.770000	1418.690308	481.000000	30;
261.990204	286.997101	254.210007	1418.690308	7757.000000	30;
263.008514	186.493271	14.110000	1418.690308	1145.000000	30;
284.436737	313.460571	41.099998	1418.690308	13032.000000	30;
300.880981	205.888702	257.959991	1656.826416	1.000000	31;
358.990082	338.087158	1460.040039	1656.826416	17545.000000	31;
358.990082	338.087158	1460.040039	1656.826416	17545.000000	31;
358.990082	338.087158	1460.040039	1656.826416	17545.000000	31;
253.286880	332.459595	1136.420044	1656.826416	16145.000000	31;
253.286880	332.459595	1136.420044	1656.826416	16145.000000	31;
253.286880	332.459595	1136.420044	1656.826416	16145.000000	31;
303.499664	216.509933	14.590000	1656.826416	212.000000	31;
376.319397	169.966415	203.669998	1656.826416	5465.000000	31;
304.595398	208.339630	423.690002	1561.687500	1.000000	32;
319.656311	337.627991	2643.199951	1561.687500	16384.000000	32;
319.656311	337.627991	2643.199951	1561.687500	16384.000000	32;
319.656311	337.627991	2643.199951	1561.687500	16384.000000	32;
319.656311	337.627991	2643.199951	1561.687500	16384.000000	32;
319.656311	337.627991	2643.199951	1561.687500	16384.000000	32;
371.512177	172.038162	43.500000	1561.687500	5524.000000	32;
273.405212	294.030518	54.709999	1561.687500	8362.000000	32;
305.072327	211.453613	821.429993	1657.133301	4.000000	33;
352.412079	177.994934	726.239990	1657.133301	722.000000	33;
248.904312	193.647110	343.510010	1657.133301	1250.000000	33;
299.976776	188.000320	30.570000	1657.133301	169.000000	33;
330.366760	234.000244	41.990002	1657.133301	1429.000000	33;
251.362747	232.028763	46.230000	1657.133301	2900.000000	33;
274.501160	294.607544	133.029999	1657.133301	8424.000000	33;
305.208832	210.713394	879.760010	1613.969727	4.000000	34;
354.832520	177.281815	843.320007	1613.969727	685.000000	34;
301.310791	186.967789	43.150002	1613.969727	169.000000	34;
250.670135	192.653381	321.799988	1613.969727	1321.000000	34;
330.370209	232.489380	29.200001	1613.969727	1341.000000	34;
274.228180	292.995941	147.550003	1613.969727	8362.000000	34;
250.489395	230.507813	17.920000	1613.969727	3385.000000	34;
306.222961	213.402145	821.770020	1539.281250	4.000000	35;
353.348602	180.338562	1031.250000	1539.281250	740.000000	35;
353.348602	180.338562	1031.250000	1539.281250	740.000000	35;
353.348602	180.338562	1031.250000	1539.281250	740.000000	35;
258.759125	194.956589	250.139999	1539.281250	754.000000	35;
304.472809	189.495316	21.320000	1539.281250	170.000000	35;
277.818481	297.007568	141.139999	1539.281250	8425.000000	35;
350.490906	320.505249	10.450000	1539.281250	15857.000000	35;
306.246063	212.054688	479.440002	1512.088867	9.000000	36;
270.571716	195.478088	221.380005	1512.088867	146.000000	36;
337.788544	181.240997	531.799988	1512.088867	656.000000	36;
308.150879	187.590012	54.880001	1512.088867	178.000000	36;
277.486603	296.099365	153.660004	1512.088867	8477.000000	36;
307.011780	208.681335	221.460007	1277.245972	25.000000	37;
306.513092	188.574066	157.770004	1277.245972	81.000000	37;
275.907593	195.064606	102.160004	1277.245972	160.000000	37;
333.466248	180.591568	382.529999	1277.245972	697.000000	37;
351.491699	232.486176	19.889999	1277.245972	3461.000000	37;
323.548187	184.616318	971.390015	1353.063354	81.000000	38;
307.925171	207.494080	92.089996	1353.063354	20.000000	38;
281.480530	194.977829	60.869999	1353.063354	169.000000	38;
352.975403	232.479370	25.200001	1353.063354	3400.000000	38;
309.161377	207.776672	219.179993	1508.260620	4.000000	39;
316.959076	185.503647	1299.760010	1508.260620	64.000000	39;
316.959076	185.503647	1299.760010	1508.260620	64.000000	39;
316.959076	185.503647	1299.760010	1508.260620	64.000000	39;
268.508911	195.490524	17.940001	1508.260620	997.000000	39;
228.812698	194.548782	43.459999	1508.260620	4936.000000	39;
354.510620	232.497452	23.559999	1508.260620	3145.000000	39;
371.485748	178.485733	11.570000	1508.260620	5018.000000	39;
311.238831	213.253235	671.000000	1254.097290	1.000000	40;
332.931824	182.765167	267.970001	1254.097290	389.000000	40;
238.564682	196.890961	541.280029	1254.097290	1616.000000	40;
238.564682	196.890961	541.280029	1254.097290	1616.000000	40;
238.564682	196.890961	541.280029	1254.097290	1616.000000	40;
326.463654	194.984512	27.110001	1254.097290	185.000000	40;
311.972534	190.003387	23.670000	1254.097290	169.000000	40;
290.981873	194.005417	31.420000	1254.097290	337.000000	40;
301.507050	190.510300	9.230000	1254.097290	233.000000	40;
332.496338	240.509933	9.570000	1254.097290	1586.000000	40;
402.130127	205.023041	39.500000	1254.097290	7225.000000	40;
378.490417	179.961639	14.600000	1254.097290	4754.000000	40;
314.369476	210.457886	287.059998	1236.482056	9.000000	41;
349.390259	337.757080	2260.479980	1236.482056	16641.000000	41;
349.390259	337.757080	2260.479980	1236.482056	16641.000000	41;
349.390259	337.757080	2260.479980	1236.482056	16641.000000	41;
349.390259	337.757080	2260.479980	1236.482056	16641.000000	41;
349.390259	337.757080	2260.479980	1236.482056	16641.000000	41;
234.865524	197.491653	236.179993	1236.482056	3616.000000	41;
215.504318	330.877319	391.299988	1236.482056	21937.000000	41;
314.819214	211.746567	365.929993	1262.012085	16.000000	42;
328.658386	337.335297	4216.830078	1262.012085	15625.000000	42;
328.658386	337.335297	4216.830078	1262.012085	15625.000000	42;
328.658386	337.335297	4216.830078	1262.012085	15625.000000	42;
328.658386	337.335297	4216.830078	1262.012085	15625.000000	42;
328.658386	337.335297	4216.830078	1262.012085	15625.000000	42;
328.658386	337.335297	4216.830078	1262.012085	15625.000000	42;
328.658386	337.335297	4216.830078	1262.012085	15625.000000	42;
231.378922	198.010483	86.800003	1262.012085	6257.000000	42;
316.890076	209.986969	195.679993	1174.566650	25.000000	43;
330.368195	336.461060	3273.959961	1174.566650	16129.000000	43;
330.368195	336.461060	3273.959961	1174.566650	16129.000000	43;
330.368195	336.461060	3273.959961	1174.566650	16129.000000	43;
330.368195	336.461060	3273.959961	1174.566650	16129.000000	43;
330.368195	336.461060	3273.959961	1174.566650	16129.000000	43;
330.368195	336.461060	3273.959961	1174.566650	16129.000000	43;
330.368195	336.461060	3273.959961	1174.566650	16129.000000	43;
234.401428	199.006958	54.630001	1174.566650	5933.000000	43;
318.499756	214.403610	886.469971	1237.284424	9.000000	44;
299.798004	188.544266	67.430000	1237.284424	170.000000	44;
238.184280	204.463837	472.320007	1237.284424	3025.000000	44;
309.478302	173.510132	10.370000	1237.284424	730.000000	44;
318.726257	215.098221	1033.439941	1257.614502	4.000000	45;
235.816467	205.332382	441.440002	1257.614502	2916.000000	45;
253.082642	216.990433	52.270000	1257.614502	2500.000000	45;
281.570557	167.487549	18.070000	1257.614502	1618.000000	45;
344.975708	187.486115	11.520000	1257.614502	1325.000000	45;
367.944214	119.977264	47.509998	1257.614502	9209.000000	45;
399.155365	123.946182	49.240002	1257.614502	12832.000000	45;
316.067657	217.309082	779.739990	1722.325684	25.000000	46;
285.725189	167.408661	62.299999	1722.325684	1450.000000	46;
231.403259	204.585358	168.600006	1722.325684	4225.000000	46;
243.945023	218.491882	106.040001	1722.325684	2745.000000	46;
325.506165	173.968781	12.170000	1722.325684	1066.000000	46;
229.454544	174.009918	24.200001	1722.325684	6466.000000	46;
318.101868	214.543823	354.970001	1681.012573	169.000000	47;
271.848328	333.124023	1637.290039	1681.012573	17161.000000	47;
271.848328	333.124023	1637.290039	1681.012573	17161.000000	47;
271.848328	333.124023	1637.290039	1681.012573	17161.000000	47;
271.848328	333.124023	1637.290039	1681.012573	17161.000000	47;
271.848328	333.124023	1637.290039	1681.012573	17161.000000	47;
344.035889	119.397697	452.350006	1681.012573	5765.000000	47;
321.475281	224.515579	18.620001	1681.012573	725.000000	47;
318.055176	214.009262	274.399994	1510.868652	64.000000	48;
247.580566	333.092163	1773.699951	1510.868652	15876.000000	48;
247.580566	333.092163	1773.699951	1510.868652	15876.000000	48;
247.580566	333.092163	1773.699951	1510.868652	15876.000000	48;
389.065857	340.391083	1455.250000	1510.868652	18793.000000	48;
389.065857	340.391083	1455.250000	1510.868652	18793.000000	48;
389.065857	340.391083	1455.250000	1510.868652	18793.000000	48;
343.336395	119.415154	421.220001	1510.868652	6682.000000	48;
284.494904	288.997162	42.090000	1510.868652	7625.000000	48;
332.051392	336.499207	50.400002	1510.868652	17978.000000	48;
428.519104	321.505432	21.190001	1510.868652	27613.000000	48;
317.618683	218.273743	563.299988	1566.777466	81.000000	49;
265.189178	332.809845	1850.719971	1566.777466	15625.000000	49;
265.189178	332.809845	1850.719971	1566.777466	15625.000000	49;
265.189178	332.809845	1850.719971	1566.777466	15625.000000	49;
265.189178	332.809845	1850.719971	1566.777466	15625.000000	49;
265.189178	332.809845	1850.719971	1566.777466	15625.000000	49;
342.910187	119.014778	457.529999	1566.777466	6602.000000	49;
284.988739	289.010834	74.680000	1566.777466	7549.000000	49;
317.248474	223.899094	1169.640015	1953.439697	81.000000	50;
284.020416	289.407990	254.710007	1953.439697	7394.000000	50;
402.044098	216.318771	138.779999	1953.439697	5353.000000	50;
320.012390	172.503296	12.120000	1953.439697	809.000000	50;
262.026581	190.000000	10.910000	1953.439697	2237.000000	50;
289.991119	276.470978	16.879999	1953.439697	5837.000000	50;
234.904312	291.518372	31.040001	1953.439697	12962.000000	50;
218.022202	224.509293	16.670000	1953.439697	8765.000000	50;
316.653168	218.864761	519.799988	1459.363892	121.000000	51;
254.374008	333.558136	1707.280029	1459.363892	16133.000000	51;
254.374008	333.558136	1707.280029	1459.363892	16133.000000	51;
254.374008	333.558136	1707.280029	1459.363892	16133.000000	51;
372.483276	337.810211	1194.089966	1459.363892	17545.000000	51;
372.483276	337.810211	1194.089966	1459.363892	17545.000000	51;
372.483276	337.810211	1194.089966	1459.363892	17545.000000	51;
343.614807	118.958626	184.899994	1459.363892	6884.000000	51;
285.971375	290.037445	61.139999	1459.363892	7969.000000	51;
320.387512	219.808762	605.630005	1424.266235	100.000000	52;
314.678680	336.916656	4026.260010	1424.266235	15876.000000	52;
314.678680	336.916656	4026.260010	1424.266235	15876.000000	52;
314.678680	336.916656	4026.260010	1424.266235	15876.000000	52;
314.678680	336.916656	4026.260010	1424.266235	15876.000000	52;
314.678680	336.916656	4026.260010	1424.266235	15876.000000	52;
314.678680	336.916656	4026.260010	1424.266235	15876.000000	52;
314.678680	336.916656	4026.260010	1424.266235	15876.000000	52;
241.490784	261.026031	69.500000	1424.266235	7492.000000	52;
335.510040	120.508644	21.410000	1424.266235	7085.000000	52;
424.008759	98.003868	49.150002	1424.266235	22052.000000	52;
320.133789	219.402832	718.070007	1537.704346	64.000000	53;
327.414063	336.709595	3517.590088	1537.704346	15625.000000	53;
327.414063	336.709595	3517.590088	1537.704346	15625.000000	53;
327.414063	336.709595	3517.590088	1537.704346	15625.000000	53;
327.414063	336.709595	3517.590088	1537.704346	15625.000000	53;
327.414063	336.709595	3517.590088	1537.704346	15625.000000	53;
327.414063	336.709595	3517.590088	1537.704346	15625.000000	53;
327.414063	336.709595	3517.590088	1537.704346	15625.000000	53;
334.473083	120.496155	27.309999	1537.704346	7145.000000	53;
385.001221	135.503860	24.610001	1537.704346	9113.000000	53;
319.570160	219.478333	622.789978	1461.527832	64.000000	54;
320.599548	335.671173	5765.890137	1461.527832	14400.000000	54;
320.599548	335.671173	5765.890137	1461.527832	14400.000000	54;
320.599548	335.671173	5765.890137	1461.527832	14400.000000	54;
320.599548	335.671173	5765.890137	1461.527832	14400.000000	54;
320.599548	335.671173	5765.890137	1461.527832	14400.000000	54;
320.599548	335.671173	5765.890137	1461.527832	14400.000000	54;
320.599548	335.671173	5765.890137	1461.527832	14400.000000	54;
320.599548	335.671173	5765.890137	1461.527832	14400.000000	54;
320.599548	335.671173	5765.890137	1461.527832	14400.000000	54;
320.304169	219.331482	751.229980	1390.508789	100.000000	55;
306.473511	334.950623	3711.729980	1390.508789	15625.000000	55;
306.473511	334.950623	3711.729980	1390.508789	15625.000000	55;
306.473511	334.950623	3711.729980	1390.508789	15625.000000	55;
306.473511	334.950623	3711.729980	1390.508789	15625.000000	55;
306.473511	334.950623	3711.729980	1390.508789	15625.000000	55;
306.473511	334.950623	3711.729980	1390.508789	15625.000000	55;
306.473511	334.950623	3711.729980	1390.508789	15625.000000	55;
333.868774	120.041176	90.830002	1390.508789	6642.000000	55;
320.705292	220.542648	951.969971	1477.827148	256.000000	56;
287.442566	331.288269	902.570007	1477.827148	17161.000000	56;
287.442566	331.288269	902.570007	1477.827148	17161.000000	56;
287.442566	331.288269	902.570007	1477.827148	17161.000000	56;
333.203461	119.993828	168.589996	1477.827148	5501.000000	56;
389.034973	136.466171	91.489998	1477.827148	7460.000000	56;
321.709991	221.195679	933.619995	1245.782959	100.000000	57;
339.343384	118.256569	386.880005	1245.782959	6409.000000	57;
357.520172	186.997391	49.830002	1245.782959	1352.000000	57;
281.507477	202.004517	35.470001	1245.782959	1024.000000	57;
279.143066	269.602905	142.589996	1245.782959	4901.000000	57;
393.722931	136.639999	173.720001	1245.782959	8065.000000	57;
322.500916	237.014236	16.150000	1245.782959	1098.000000	57;
240.338104	328.593292	82.489998	1245.782959	19594.000000	57;
406.644043	287.056213	51.580002	1245.782959	13778.000000	57;
381.958984	115.993111	29.020000	1245.782959	10946.000000	57;
320.901428	220.453812	439.019989	1212.268555	144.000000	58;
328.472321	333.321808	2933.820068	1212.268555	14641.000000	58;
328.472321	333.321808	2933.820068	1212.268555	14641.000000	58;
328.472321	333.321808	2933.820068	1212.268555	14641.000000	58;
328.472321	333.321808	2933.820068	1212.268555	14641.000000	58;
328.472321	333.321808	2933.820068	1212.268555	14641.000000	58;
358.534882	186.517609	29.540001	1212.268555	1521.000000	58;
392.868500	136.993027	116.129997	1212.268555	8192.000000	58;
272.993256	270.007935	50.389999	1212.268555	6037.000000	58;
285.986145	269.487427	35.349998	1212.268555	5140.000000	58;
408.008118	287.489471	18.510000	1212.268555	14625.000000	58;
322.006348	220.859436	365.690002	1099.652466	25.000000	59;
335.597565	335.092865	3367.479980	1099.652466	12996.000000	59;
335.597565	335.092865	3367.479980	1099.652466	12996.000000	59;
335.597565	335.092865	3367.479980	1099.652466	12996.000000	59;
335.597565	335.092865	3367.479980	1099.652466	12996.000000	59;
335.597565	335.092865	3367.479980	1099.652466	12996.000000	59;
355.798767	115.022163	154.289993	1099.652466	9610.000000	59;
381.875824	116.014961	168.470001	1099.652466	11600.000000	59;
328.290375	120.978935	95.879997	1099.652466	7760.000000	59;
361.013306	187.503418	26.299999	1099.652466	2165.000000	59;
274.978119	271.008575	48.910000	1099.652466	4850.000000	59;
253.432236	115.484169	87.800003	1099.652466	11898.000000	59;
388.954651	137.487717	26.469999	1099.652466	9945.000000	59;
322.995667	221.440811	522.780029	1269.004639	4.000000	60;
347.493835	338.636505	2029.349976	1269.004639	14641.000000	60;
347.493835	338.636505	2029.349976	1269.004639	14641.000000	60;
347.493835	338.636505	2029.349976	1269.004639	14641.000000	60;
241.132431	332.560608	773.169983	1269.004639	16160.000000	60;
328.668640	121.419289	129.100006	1269.004639	7921.000000	60;
384.592285	116.967537	113.680000	1269.004639	11645.000000	60;
354.440979	116.476799	70.050003	1269.004639	9554.000000	60;
255.361847	116.480217	63.700001	1269.004639	12506.000000	60;
276.964783	271.522125	24.420000	1269.004639	5128.000000	60;
403.508057	290.478729	31.040001	1269.004639	11858.000000	60;
324.302704	220.408890	417.049988	1523.291260	9.000000	61;
345.369110	338.108948	1736.939941	1523.291260	14641.000000	61;
345.369110	338.108948	1736.939941	1523.291260	14641.000000	61;
345.369110	338.108948	1736.939941	1523.291260	14641.000000	61;
250.007767	333.018066	554.119995	1523.291260	16189.000000	61;
404.042847	290.504059	28.250000	1523.291260	12013.000000	61;
325.721588	220.456253	373.149994	1417.270264	25.000000	62;
345.801910	338.054291	1701.839966	1417.270264	14884.000000	62;
345.801910	338.054291	1701.839966	1417.270264	14884.000000	62;
345.801910	338.054291	1701.839966	1417.270264	14884.000000	62;
253.758987	333.070313	555.609985	1417.270264	16424.000000	62;
326.414825	220.449234	392.130005	1190.715698	36.000000	63;
313.060333	336.584717	3328.080078	1190.715698	14161.000000	63;
313.060333	336.584717	3328.080078	1190.715698	14161.000000	63;
313.060333	336.584717	3328.080078	1190.715698	14161.000000	63;
313.060333	336.584717	3328.080078	1190.715698	14161.000000	63;
313.060333	336.584717	3328.080078	1190.715698	14161.000000	63;
313.060333	336.584717	3328.080078	1190.715698	14161.000000	63;
313.060333	336.584717	3328.080078	1190.715698	14161.000000	63;
360.978394	302.513214	35.189999	1190.715698	9242.000000	63;
328.531586	220.051773	352.859985	1157.446655	36.000000	64;
324.738190	336.879669	2933.179932	1157.446655	14400.000000	64;
324.738190	336.879669	2933.179932	1157.446655	14400.000000	64;
324.738190	336.879669	2933.179932	1157.446655	14400.000000	64;
324.738190	336.879669	2933.179932	1157.446655	14400.000000	64;
324.738190	336.879669	2933.179932	1157.446655	14400.000000	64;
363.386993	302.962067	60.619999	1157.446655	9242.000000	64;
327.977936	228.904602	1279.530029	1076.701172	36.000000	65;
357.349487	303.033691	277.549988	1076.701172	8164.000000	65;
343.628754	284.499146	159.570007	1076.701172	5057.000000	65;
363.430145	276.992554	41.660000	1076.701172	5009.000000	65;
420.155792	165.898727	61.810001	1076.701172	8989.000000	65;
384.351715	164.494522	29.200001	1076.701172	4426.000000	65;
329.456573	228.058472	1221.640015	1256.044067	25.000000	66;
343.862061	283.914490	198.580002	1256.044067	4981.000000	66;
359.297211	301.985382	254.929993	1256.044067	8177.000000	66;
385.395844	163.510010	28.469999	1256.044067	5141.000000	66;
363.138062	276.480377	26.000000	1256.044067	5314.000000	66;
329.966797	224.439133	912.789978	1182.060425	16.000000	67;
338.383087	287.139221	378.579987	1182.060425	4900.000000	67;
332.505859	245.457947	55.529999	1182.060425	809.000000	67;
368.932983	302.528656	169.509995	1182.060425	8705.000000	67;
331.552856	223.709839	736.609985	1274.085327	4.000000	68;
339.989929	287.293365	264.059998	1274.085327	4761.000000	68;
371.911072	302.524994	199.619995	1274.085327	8357.000000	68;
333.966278	224.612854	948.330017	1110.419434	16.000000	69;
375.871002	303.343323	241.550003	1110.419434	8528.000000	69;
328.995728	291.498413	28.150000	1110.419434	6088.000000	69;
339.526459	224.586334	956.950012	964.566589	16.000000	70;
378.292877	304.384521	106.629997	964.566589	8705.000000	70;
339.052826	224.980743	906.500000	534.961914	9.000000	71;
341.501373	242.492233	10.950000	534.961914	730.000000	71;
272.380188	285.978760	42.400002	534.961914	8885.000000	71;
405.024902	228.478775	13.660000	534.961914	4165.000000	71;
342.758759	225.419586	468.700012	689.090271	9.000000	72;
410.028625	226.519089	15.720000	689.090271	4196.000000	72;
342.278198	226.399567	697.830017	643.175476	9.000000	73;
344.503754	243.989075	26.559999	643.175476	676.000000	73;
411.035187	226.501892	26.420000	643.175476	3821.000000	73;
408.513641	292.503021	21.610001	643.175476	9257.000000	73;
346.524139	226.011673	766.729980	571.496399	9.000000	74;
346.034912	224.639572	415.290009	719.408630	36.000000	75;
347.331055	222.762024	321.079987	719.176025	25.000000	76;
346.672333	223.479797	341.079987	570.988892	16.000000	77;
351.178864	228.471283	453.279999	627.481934	49.000000	78;
419.993774	224.007706	40.200001	627.481934	4810.000000	78;
351.387268	228.963791	498.570007	569.953125	36.000000	79;
420.477997	224.020676	33.849998	569.953125	4525.000000	79;
354.867584	222.984207	183.580002	220.901611	25.000000	80;
354.987457	259.470825	20.730000	220.901611	1685.000000	80;
354.765717	224.304428	250.630005	617.543518	25.000000	81;
355.273407	228.483780	549.010010	377.041779	25.000000	82;
321.029510	228.017502	20.000000	377.041779	810.000000	82;
370.424927	298.000000	41.490002	377.041779	6661.000000	82;
355.519196	224.951752	157.509995	484.181793	37.000000	83;
355.435455	224.935822	179.050003	370.077118	25.000000	84;
405.054657	224.514587	21.590000	370.077118	2845.000000	84;
354.984589	224.513168	104.470001	307.420776	25.000000	85;
373.433289	248.036255	70.070000	307.420776	800.000000	85;
349.982361	236.020676	16.440001	307.420776	400.000000	85;
356.113373	225.786804	250.339996	245.466034	36.000000	86;
347.514709	215.496246	14.630000	245.466034	81.000000	86;
375.363861	248.503723	38.970001	245.466034	1105.000000	86;
351.434784	217.028503	41.400002	184.375946	9.000000	87;
355.025391	226.982941	76.779999	184.375946	81.000000	87;
385.984802	237.004761	33.560001	184.375946	976.000000	87;
355.541809	226.528275	60.650002	177.401016	5.000000	88;
354.482544	226.031097	44.700001	237.543610	40.000000	89;
354.004700	226.505249	63.790001	299.499939	25.000000	90;
370.997650	242.993774	25.670000	299.499939	680.000000	90;
404.537811	231.509247	11.900000	299.499939	2425.000000	90;
356.812378	227.033493	84.800003	262.558319	16.000000	91;
369.414368	239.517761	66.150002	262.558319	377.000000	91;
361.647827	225.309204	242.910004	268.024445	4.000000	92;
362.023865	225.951111	151.339996	302.498535	9.000000	93;
392.990540	235.486649	86.550003	302.498535	953.000000	93;
364.968140	226.209457	234.080002	296.977539	16.000000	94;
395.438416	236.504135	78.510002	296.977539	1217.000000	94;
366.023773	227.928833	153.160004	460.925415	49.000000	95;
398.402222	237.490463	78.639999	460.925415	1378.000000	95;
368.267487	227.246231	443.440002	409.668274	9.000000	96;
369.866669	239.018875	84.750000	409.668274	324.000000	96;
399.949371	237.952362	113.769997	409.668274	1280.000000	96;
381.450195	277.014191	98.580002	409.668274	3257.000000	96;
369.120514	227.684753	423.010010	486.421143	16.000000	97;
371.426910	239.499542	120.330002	486.421143	340.000000	97;
401.430115	238.009399	52.150002	486.421143	1733.000000	97;
369.410980	229.319901	320.950012	773.449829	36.000000	98;
370.852875	240.023590	76.730003	773.449829	324.000000	98;
373.896606	230.798462	425.760010	562.874084	36.000000	99;
375.236267	241.023041	82.870003	562.874084	324.000000	99;
375.127502	231.454285	394.619995	648.254150	25.000000	100;
382.036652	242.002029	24.549999	648.254150	314.000000	100;
428.011871	252.969925	125.660004	648.254150	2845.000000	100;
371.515045	241.508545	12.290000	648.254150	290.000000	100;
403.424500	266.474213	79.269997	648.254150	2210.000000	100;
326.507416	237.505371	19.530001	648.254150	2194.000000	100;
451.020172	219.955536	33.730000	648.254150	5333.000000	100;
375.647461	231.548721	375.489990	736.091919	4.000000	101;
383.966278	242.027145	24.320000	736.091919	245.000000	101;
437.850616	253.513672	152.899994	736.091919	3226.000000	101;
359.005157	254.501038	29.059999	736.091919	850.000000	101;
453.659637	226.007446	98.099998	736.091919	5329.000000	101;
342.546173	209.505020	19.920000	736.091919	1097.000000	101;
402.506592	266.992889	37.900002	736.091919	2097.000000	101;
379.533722	232.442535	325.350006	892.132202	16.000000	102;
384.019653	243.009201	23.930000	892.132202	305.000000	102;
450.092926	226.501282	221.490005	892.132202	4225.000000	102;
356.954010	255.491592	35.660000	892.132202	985.000000	102;
342.511993	210.504684	19.200001	892.132202	1037.000000	102;
445.913757	254.991241	71.900002	892.132202	4880.000000	102;
385.543549	231.621628	493.450012	907.310669	1.000000	103;
385.024719	243.001434	34.790001	907.310669	337.000000	103;
342.987793	211.958679	34.369999	907.310669	820.000000	103;
355.506012	255.501831	19.150000	907.310669	1037.000000	103;
387.914124	230.407211	643.719971	995.841492	0.000000	104;
385.521057	242.532623	52.720001	995.841492	260.000000	104;
343.992035	211.979904	47.770000	995.841492	794.000000	104;
354.498383	256.497559	12.340000	995.841492	1130.000000	104;
389.500061	230.225784	526.130005	825.069763	9.000000	105;
344.017334	212.489563	19.629999	825.069763	922.000000	105;
389.589447	230.152130	713.849976	575.743164	0.000000	106;
385.459961	241.173645	62.830002	575.743164	153.000000	106;
438.824524	229.231125	471.440002	575.743164	2116.000000	106;
343.523254	211.976746	39.139999	575.743164	1130.000000	106;
364.502350	256.496063	19.070000	575.743164	962.000000	106;
389.235809	232.418594	609.330017	771.015564	9.000000	107;
446.371246	229.800659	263.220001	771.015564	4357.000000	107;
385.148682	233.404266	298.220001	947.867188	16.000000	108;
442.970245	231.036606	431.869995	947.867188	2117.000000	108;
389.011322	244.491776	19.440001	947.867188	314.000000	108;
388.996582	233.365601	315.779999	842.103760	49.000000	109;
388.165558	244.478714	98.639999	842.103760	361.000000	109;
431.421814	230.388535	369.700012	842.103760	1453.000000	109;
388.419739	233.465149	312.609985	970.661743	36.000000	110;
437.103027	229.670944	576.890015	970.661743	1601.000000	110;
387.657959	233.478012	194.600006	1078.012695	50.000000	111;
436.269470	230.051178	455.339996	1078.012695	2029.000000	111;
388.762146	234.759277	400.920013	1098.416748	9.000000	112;
433.539459	230.550262	584.500000	1098.416748	900.000000	112;
359.772827	335.452606	357.609985	1098.416748	11025.000000	112;
408.159821	337.973541	147.039993	1098.416748	11808.000000	112;
326.003235	222.491638	18.549999	1098.416748	3050.000000	112;
359.467499	298.499847	30.910000	1098.416748	5161.000000	112;
415.295776	235.363815	1872.949951	793.114075	1.000000	113;
415.295776	235.363815	1872.949951	793.114075	1.000000	113;
415.295776	235.363815	1872.949951	793.114075	1.000000	113;
360.412476	298.419678	98.309998	793.114075	5384.000000	113;
480.521332	254.036179	103.120003	793.114075	7681.000000	113;
360.491791	278.475769	25.600000	793.114075	3226.000000	113;
483.338379	217.041245	54.320000	793.114075	7985.000000	113;
326.000610	222.488815	16.100000	793.114075	3730.000000	113;
485.558197	239.025635	20.280001	793.114075	8957.000000	113;
394.351135	234.298599	345.950012	1109.000732	9.000000	114;
436.036469	229.468475	261.890015	1109.000732	1369.000000	114;
454.230713	244.001862	219.960007	1109.000732	3085.000000	114;
382.798370	335.024902	683.640015	1109.000732	10816.000000	114;
382.798370	335.024902	683.640015	1109.000732	10816.000000	114;
382.798370	335.024902	683.640015	1109.000732	10816.000000	114;
364.391632	277.993500	55.509998	1109.000732	2628.000000	114;
361.023254	298.000000	51.590000	1109.000732	5108.000000	114;
396.066711	234.319656	352.779999	603.569824	36.000000	115;
453.829132	243.704346	413.019989	603.569824	2132.000000	115;
436.049591	229.012634	148.820007	603.569824	1025.000000	115;
397.536743	335.986450	457.350006	603.569824	11664.000000	115;
364.411316	278.495361	54.020000	603.569824	3280.000000	115;
341.420013	332.588409	176.899994	603.569824	12625.000000	115;
472.773895	337.968933	112.330002	603.569824	17141.000000	115;
452.515503	254.510727	20.969999	603.569824	3700.000000	115;
396.046326	233.956116	411.779999	687.673035	121.000000	116;
450.562469	243.644562	416.100006	687.673035	2336.000000	116;
395.501190	243.503082	21.070000	687.673035	529.000000	116;
361.509247	278.511566	21.600000	687.673035	4148.000000	116;
465.991974	230.004196	26.180000	687.673035	5122.000000	116;
398.421722	232.907700	372.459991	672.566223	49.000000	117;
449.152740	242.161652	404.200012	672.566223	1249.000000	117;
395.507813	243.010406	30.740000	672.566223	397.000000	117;
472.618866	239.444611	41.430000	672.566223	4450.000000	117;
397.205627	233.443146	289.950012	867.232117	81.000000	118;
447.553070	242.946625	267.730011	867.232117	1768.000000	118;
474.048950	240.039459	173.619995	867.232117	4612.000000	118;
396.839691	232.542465	274.489990	855.827209	81.000000	119;
446.597137	241.527573	234.449997	855.827209	1777.000000	119;
469.708679	237.953995	283.489990	855.827209	3533.000000	119;
436.495697	228.498398	40.549999	855.827209	1125.000000	119;
397.940765	233.002335	214.740005	735.095093	81.000000	120;
464.864532	240.171783	596.719971	735.095093	1769.000000	120;
436.975800	227.522125	16.950001	735.095093	754.000000	120;
400.787872	233.109344	167.449997	649.331055	36.000000	121;
466.254730	238.341461	462.339996	649.331055	1681.000000	121;
403.751282	232.919662	193.789993	441.048676	25.000000	122;
469.961670	237.260696	247.649994	441.048676	2768.000000	122;
408.438843	233.424759	280.679993	656.221008	25.000000	123;
419.350800	197.093613	124.339996	656.221008	650.000000	123;
396.029663	247.015640	24.940001	656.221008	464.000000	123;
467.263397	238.630875	133.100006	656.221008	2785.000000	123;
443.518707	240.502533	9.890000	656.221008	1352.000000	123;
403.512207	185.504074	9.820000	656.221008	1525.000000	123;
413.948914	235.256042	336.279999	776.660400	25.000000	124;
441.988312	243.941895	37.689999	776.660400	932.000000	124;
424.031830	233.467453	70.660004	508.323639	45.000000	125;
404.473999	236.991699	31.350000	508.323639	58.000000	125;
390.025879	237.486557	58.740002	508.323639	305.000000	125;
421.360260	245.982605	40.250000	508.323639	281.000000	125;
234.793472	77.687553	191.360001	424.237274	1129.000000	126;
431.251160	228.868561	164.559998	424.237274	51701.000000	126;
390.429352	237.491364	76.440002	424.237274	45445.000000	126;
196.482803	23.000000	7.850000	424.237274	6084.000000	126;
420.627594	245.563141	60.980000	424.237274	56264.000000	126;
227.780243	76.913017	34.720001	123.360352	8424.000000	127;
188.012451	31.517269	24.900000	123.360352	16868.000000	127;
202.007568	31.483912	15.850000	123.360352	13940.000000	127;
435.911469	226.937729	41.910000	123.360352	41000.000000	127;
402.450806	241.492294	25.309999	123.360352	40154.000000	127;
404.338440	241.978439	110.389999	407.286957	25.000000	128;
418.035858	232.980209	26.780001	407.286957	25.000000	128;
427.503754	243.526169	14.710000	407.286957	289.000000	128;
418.010773	232.504974	12.080000	515.338562	1.000000	129;
405.519531	241.007217	109.540001	515.338562	25.000000	129;
428.501556	243.507782	9.630000	515.338562	164.000000	129;
407.078461	241.436752	72.010002	194.422729	32.000000	130;
409.072815	240.975098	57.810001	181.552078	16.000000	131;
410.485779	240.489700	10.190000	107.946869	49.000000	132;
];