ImageX	ImageY	BModeResponse	DopplerResponse	DopplerCentroidDistance	frame
[
310.929718	75.000000	-107374176.000000	-107374176.000000	-107374176.000000	2;
309.814819	68.000000	-107374176.000000	-107374176.000000	-107374176.000000	3;
308.609314	68.000000	-107374176.000000	-107374176.000000	-107374176.000000	4;
311.475586	73.000000	-107374176.000000	-107374176.000000	-107374176.000000	5;
316.505890	74.000000	-107374176.000000	-107374176.000000	-107374176.000000	6;
315.457581	64.000000	-107374176.000000	-107374176.000000	-107374176.000000	7;
315.943085	70.000000	-107374176.000000	-107374176.000000	-107374176.000000	8;
313.193756	77.000000	-107374176.000000	-107374176.000000	-107374176.000000	9;
314.987335	68.000000	-107374176.000000	-107374176.000000	-107374176.000000	10;
313.392456	66.000000	-107374176.000000	-107374176.000000	-107374176.000000	11;
313.967896	66.000000	-107374176.000000	-107374176.000000	-107374176.000000	12;
310.992310	71.000000	-107374176.000000	-107374176.000000	-107374176.000000	13;
313.043243	70.000000	-107374176.000000	-107374176.000000	-107374176.000000	14;
311.814819	71.000000	-107374176.000000	-107374176.000000	-107374176.000000	15;
311.279114	67.000000	-107374176.000000	-107374176.000000	-107374176.000000	16;
310.261200	67.000000	-107374176.000000	-107374176.000000	-107374176.000000	17;
330.480347	68.000000	-107374176.000000	-107374176.000000	-107374176.000000	18;
337.276642	71.000000	-107374176.000000	-107374176.000000	-107374176.000000	19;
336.830414	70.000000	-107374176.000000	-107374176.000000	-107374176.000000	20;
341.885101	76.000000	-107374176.000000	-107374176.000000	-107374176.000000	21;
339.395203	78.000000	-107374176.000000	-107374176.000000	-107374176.000000	22;
349.643585	76.000000	-107374176.000000	-107374176.000000	-107374176.000000	23;
351.518494	89.000000	-107374176.000000	-107374176.000000	-107374176.000000	24;
356.648712	88.000000	-107374176.000000	-107374176.000000	-107374176.000000	25;
354.971436	89.000000	-107374176.000000	-107374176.000000	-107374176.000000	26;
356.067352	92.000000	-107374176.000000	-107374176.000000	-107374176.000000	27;
356.384949	90.000000	-107374176.000000	-107374176.000000	-107374176.000000	28;
353.257904	89.000000	-107374176.000000	-107374176.000000	-107374176.000000	29;
353.533264	91.000000	-107374176.000000	-107374176.000000	-107374176.000000	30;
346.627869	93.000000	-107374176.000000	-107374176.000000	-107374176.000000	31;
338.925903	88.000000	-107374176.000000	-107374176.000000	-107374176.000000	32;
333.410156	85.000000	-107374176.000000	-107374176.000000	-107374176.000000	33;
333.757324	89.000000	-107374176.000000	-107374176.000000	-107374176.000000	34;
337.606354	78.000000	-107374176.000000	-107374176.000000	-107374176.000000	35;
333.258301	82.000000	-107374176.000000	-107374176.000000	-107374176.000000	36;
324.315582	86.000000	-107374176.000000	-107374176.000000	-107374176.000000	37;
333.505371	81.000000	-107374176.000000	-107374176.000000	-107374176.000000	38;
332.882629	77.000000	-107374176.000000	-107374176.000000	-107374176.000000	39;
332.668060	86.000000	-107374176.000000	-107374176.000000	-107374176.000000	40;
325.794769	89.000000	-107374176.000000	-107374176.000000	-107374176.000000	41;
322.936859	88.000000	-107374176.000000	-107374176.000000	-107374176.000000	42;
320.276520	100.000000	-107374176.000000	-107374176.000000	-107374176.000000	43;
324.434509	90.000000	-107374176.000000	-107374176.000000	-107374176.000000	44;
326.271484	95.000000	-107374176.000000	-107374176.000000	-107374176.000000	45;
322.932800	93.000000	-107374176.000000	-107374176.000000	-107374176.000000	46;
324.668091	93.000000	-107374176.000000	-107374176.000000	-107374176.000000	47;
328.141876	101.000000	-107374176.000000	-107374176.000000	-107374176.000000	48;
326.161926	96.000000	-107374176.000000	-107374176.000000	-107374176.000000	49;
327.304901	91.000000	-107374176.000000	-107374176.000000	-107374176.000000	50;
323.664734	87.000000	-107374176.000000	-107374176.000000	-107374176.000000	51;
323.258301	90.000000	-107374176.000000	-107374176.000000	-107374176.000000	52;
318.520233	83.000000	-107374176.000000	-107374176.000000	-107374176.000000	53;
319.570953	101.000000	-107374176.000000	-107374176.000000	-107374176.000000	54;
318.513947	101.000000	-107374176.000000	-107374176.000000	-107374176.000000	55;
316.805664	100.000000	-107374176.000000	-107374176.000000	-107374176.000000	56;
311.066956	103.000000	-107374176.000000	-107374176.000000	-107374176.000000	57;
309.713959	111.000000	-107374176.000000	-107374176.000000	-107374176.000000	58;
311.280121	115.000000	-107374176.000000	-107374176.000000	-107374176.000000	59;
312.924774	117.000000	-107374176.000000	-107374176.000000	-107374176.000000	60;
312.382294	113.000000	-107374176.000000	-107374176.000000	-107374176.000000	61;
314.887024	65.000000	-107374176.000000	-107374176.000000	-107374176.000000	62;
314.244019	74.000000	-107374176.000000	-107374176.000000	-107374176.000000	63;
321.293060	72.000000	-107374176.000000	-107374176.000000	-107374176.000000	64;
325.483826	79.000000	-107374176.000000	-107374176.000000	-107374176.000000	65;
323.868988	94.000000	-107374176.000000	-107374176.000000	-107374176.000000	66;
325.246857	75.000000	-107374176.000000	-107374176.000000	-107374176.000000	67;
327.378204	108.000000	-107374176.000000	-107374176.000000	-107374176.000000	68;
330.891144	108.000000	-107374176.000000	-107374176.000000	-107374176.000000	69;
335.179718	110.000000	-107374176.000000	-107374176.000000	-107374176.000000	70;
342.576080	113.000000	-107374176.000000	-107374176.000000	-107374176.000000	71;
341.526886	109.000000	-107374176.000000	-107374176.000000	-107374176.000000	72;
435.580536	150.000000	-107374176.000000	-107374176.000000	-107374176.000000	80;
430.463867	151.000000	-107374176.000000	-107374176.000000	-107374176.000000	81;
340.754730	123.000000	-107374176.000000	-107374176.000000	-107374176.000000	84;
361.307831	140.000000	-107374176.000000	-107374176.000000	-107374176.000000	85;
353.591705	143.000000	-107374176.000000	-107374176.000000	-107374176.000000	86;
354.844177	141.000000	-107374176.000000	-107374176.000000	-107374176.000000	87;
341.571655	118.000000	-107374176.000000	-107374176.000000	-107374176.000000	88;
340.541565	117.000000	-107374176.000000	-107374176.000000	-107374176.000000	89;
335.061890	111.000000	-107374176.000000	-107374176.000000	-107374176.000000	90;
343.702637	112.000000	-107374176.000000	-107374176.000000	-107374176.000000	91;
346.761047	114.000000	-107374176.000000	-107374176.000000	-107374176.000000	92;
351.222534	119.000000	-107374176.000000	-107374176.000000	-107374176.000000	93;
347.913330	113.000000	-107374176.000000	-107374176.000000	-107374176.000000	94;
346.360321	99.000000	-107374176.000000	-107374176.000000	-107374176.000000	95;
356.534363	101.000000	-107374176.000000	-107374176.000000	-107374176.000000	96;
351.467163	102.000000	-107374176.000000	-107374176.000000	-107374176.000000	97;
351.397614	97.000000	-107374176.000000	-107374176.000000	-107374176.000000	98;
356.245880	103.000000	-107374176.000000	-107374176.000000	-107374176.000000	99;
356.968018	104.000000	-107374176.000000	-107374176.000000	-107374176.000000	100;
354.918335	103.000000	-107374176.000000	-107374176.000000	-107374176.000000	101;
358.139221	104.000000	-107374176.000000	-107374176.000000	-107374176.000000	102;
360.203156	106.000000	-107374176.000000	-107374176.000000	-107374176.000000	103;
359.122681	104.000000	-107374176.000000	-107374176.000000	-107374176.000000	104;
363.162201	105.000000	-107374176.000000	-107374176.000000	-107374176.000000	105;
359.956635	96.000000	-107374176.000000	-107374176.000000	-107374176.000000	106;
360.906952	93.000000	-107374176.000000	-107374176.000000	-107374176.000000	107;
350.432037	93.000000	-107374176.000000	-107374176.000000	-107374176.000000	108;
344.920837	89.000000	-107374176.000000	-107374176.000000	-107374176.000000	109;
352.113708	95.000000	-107374176.000000	-107374176.000000	-107374176.000000	110;
349.512634	84.000000	-107374176.000000	-107374176.000000	-107374176.000000	111;
344.959778	80.000000	-107374176.000000	-107374176.000000	-107374176.000000	112;
346.507874	113.000000	-107374176.000000	-107374176.000000	-107374176.000000	113;
341.571960	115.000000	-107374176.000000	-107374176.000000	-107374176.000000	114;
343.375763	116.000000	-107374176.000000	-107374176.000000	-107374176.000000	115;
343.148956	114.000000	-107374176.000000	-107374176.000000	-107374176.000000	116;
344.297394	117.000000	-107374176.000000	-107374176.000000	-107374176.000000	117;
343.306488	117.000000	-107374176.000000	-107374176.000000	-107374176.000000	118;
339.832214	115.000000	-107374176.000000	-107374176.000000	-107374176.000000	119;
338.639435	119.000000	-107374176.000000	-107374176.000000	-107374176.000000	120;
341.831055	116.000000	-107374176.000000	-107374176.000000	-107374176.000000	121;
342.081451	120.000000	-107374176.000000	-107374176.000000	-107374176.000000	122;
340.632324	122.000000	-107374176.000000	-107374176.000000	-107374176.000000	123;
343.311523	123.000000	-107374176.000000	-107374176.000000	-107374176.000000	124;
344.122528	116.000000	-107374176.000000	-107374176.000000	-107374176.000000	125;
345.701660	119.000000	-107374176.000000	-107374176.000000	-107374176.000000	126;
336.489441	101.000000	-107374176.000000	-107374176.000000	-107374176.000000	127;
336.521698	78.000000	-107374176.000000	-107374176.000000	-107374176.000000	128;
335.589935	68.000000	-107374176.000000	-107374176.000000	-107374176.000000	129;
334.108856	108.000000	-107374176.000000	-107374176.000000	-107374176.000000	130;
332.778320	98.000000	-107374176.000000	-107374176.000000	-107374176.000000	131;
326.809418	107.000000	-107374176.000000	-107374176.000000	-107374176.000000	132;
329.503021	111.000000	-107374176.000000	-107374176.000000	-107374176.000000	133;
324.217438	110.000000	-107374176.000000	-107374176.000000	-107374176.000000	134;
324.825623	100.000000	-107374176.000000	-107374176.000000	-107374176.000000	135;
325.647919	77.000000	-107374176.000000	-107374176.000000	-107374176.000000	136;
322.376465	69.000000	-107374176.000000	-107374176.000000	-107374176.000000	137;
323.491180	68.000000	-107374176.000000	-107374176.000000	-107374176.000000	138;
320.020905	69.000000	-107374176.000000	-107374176.000000	-107374176.000000	139;
324.329590	69.000000	-107374176.000000	-107374176.000000	-107374176.000000	140;
326.779633	73.000000	-107374176.000000	-107374176.000000	-107374176.000000	141;
325.834106	71.000000	-107374176.000000	-107374176.000000	-107374176.000000	142;
323.381714	67.000000	-107374176.000000	-107374176.000000	-107374176.000000	143;
322.843445	69.000000	-107374176.000000	-107374176.000000	-107374176.000000	144;
323.537506	61.000000	-107374176.000000	-107374176.000000	-107374176.000000	145;
327.778748	64.000000	-107374176.000000	-107374176.000000	-107374176.000000	146;
329.759399	67.000000	-107374176.000000	-107374176.000000	-107374176.000000	147;
329.580231	58.000000	-107374176.000000	-107374176.000000	-107374176.000000	148;
331.320404	58.000000	-107374176.000000	-107374176.000000	-107374176.000000	149;
330.526398	55.000000	-107374176.000000	-107374176.000000	-107374176.000000	150;
334.821228	56.000000	-107374176.000000	-107374176.000000	-107374176.000000	151;
330.363403	55.000000	-107374176.000000	-107374176.000000	-107374176.000000	152;
335.662323	56.000000	-107374176.000000	-107374176.000000	-107374176.000000	153;
343.770233	67.000000	-107374176.000000	-107374176.000000	-107374176.000000	154;
340.554779	81.000000	-107374176.000000	-107374176.000000	-107374176.000000	155;
346.532166	85.000000	-107374176.000000	-107374176.000000	-107374176.000000	156;
345.067291	80.000000	-107374176.000000	-107374176.000000	-107374176.000000	157;
348.587219	84.000000	-107374176.000000	-107374176.000000	-107374176.000000	158;
340.982208	79.000000	-107374176.000000	-107374176.000000	-107374176.000000	159;
341.284760	83.000000	-107374176.000000	-107374176.000000	-107374176.000000	160;
342.116119	88.000000	-107374176.000000	-107374176.000000	-107374176.000000	161;
339.772827	81.000000	-107374176.000000	-107374176.000000	-107374176.000000	162;
347.344391	90.000000	-107374176.000000	-107374176.000000	-107374176.000000	163;
347.214417	96.000000	-107374176.000000	-107374176.000000	-107374176.000000	164;
348.926147	96.000000	-107374176.000000	-107374176.000000	-107374176.000000	165;
346.160004	67.000000	-107374176.000000	-107374176.000000	-107374176.000000	166;
339.450317	58.000000	-107374176.000000	-107374176.000000	-107374176.000000	167;
345.762268	66.000000	-107374176.000000	-107374176.000000	-107374176.000000	168;
346.373993	63.000000	-107374176.000000	-107374176.000000	-107374176.000000	169;
350.502472	70.000000	-107374176.000000	-107374176.000000	-107374176.000000	170;
345.681915	73.000000	-107374176.000000	-107374176.000000	-107374176.000000	171;
347.526154	82.000000	-107374176.000000	-107374176.000000	-107374176.000000	172;
346.479462	81.000000	-107374176.000000	-107374176.000000	-107374176.000000	173;
348.004852	82.000000	-107374176.000000	-107374176.000000	-107374176.000000	174;
337.330261	77.000000	-107374176.000000	-107374176.000000	-107374176.000000	175;
338.155060	74.000000	-107374176.000000	-107374176.000000	-107374176.000000	176;
351.497772	64.000000	-107374176.000000	-107374176.000000	-107374176.000000	177;
347.041412	61.000000	-107374176.000000	-107374176.000000	-107374176.000000	178;
343.587402	64.000000	-107374176.000000	-107374176.000000	-107374176.000000	179;
337.815399	60.000000	-107374176.000000	-107374176.000000	-107374176.000000	180;
339.498260	70.000000	-107374176.000000	-107374176.000000	-107374176.000000	181;
342.259460	69.000000	-107374176.000000	-107374176.000000	-107374176.000000	182;
338.161499	61.000000	-107374176.000000	-107374176.000000	-107374176.000000	183;
340.857727	60.000000	-107374176.000000	-107374176.000000	-107374176.000000	184;
344.360413	66.000000	-107374176.000000	-107374176.000000	-107374176.000000	185;
340.491180	62.000000	-107374176.000000	-107374176.000000	-107374176.000000	186;
338.737274	61.000000	-107374176.000000	-107374176.000000	-107374176.000000	187;
343.088806	70.000000	-107374176.000000	-107374176.000000	-107374176.000000	188;
340.379028	68.000000	-107374176.000000	-107374176.000000	-107374176.000000	189;
338.960724	68.000000	-107374176.000000	-107374176.000000	-107374176.000000	190;
337.584381	69.000000	-107374176.000000	-107374176.000000	-107374176.000000	191;
352.306061	80.000000	-107374176.000000	-107374176.000000	-107374176.000000	192;
355.548126	68.000000	-107374176.000000	-107374176.000000	-107374176.000000	193;
320.569244	69.000000	-107374176.000000	-107374176.000000	-107374176.000000	194;
];