ImageX	ImageY	BModeResponse	DopplerResponse	DopplerCentroidDistance	frame
[
309.964325	47.919090	176.000000	4782.669922	576.000000	2;
289.502319	87.957520	81.680000	4782.669922	377.000000	2;
362.425476	219.701172	3001.489990	4782.669922	17424.000000	2;
362.425476	219.701172	3001.489990	4782.669922	17424.000000	2;
362.425476	219.701172	3001.489990	4782.669922	17424.000000	2;
362.425476	219.701172	3001.489990	4782.669922	17424.000000	2;
362.425476	219.701172	3001.489990	4782.669922	17424.000000	2;
309.499725	47.910896	164.529999	4764.379883	289.000000	3;
289.018738	87.951057	72.529999	4764.379883	580.000000	3;
385.905945	216.209549	2114.120117	4764.379883	19610.000000	3;
385.905945	216.209549	2114.120117	4764.379883	19610.000000	3;
385.905945	216.209549	2114.120117	4764.379883	19610.000000	3;
309.826721	47.935448	136.940002	4202.629883	289.000000	4;
338.944183	223.361038	3364.510010	4202.629883	20164.000000	4;
338.944183	223.361038	3364.510010	4202.629883	20164.000000	4;
338.944183	223.361038	3364.510010	4202.629883	20164.000000	4;
338.944183	223.361038	3364.510010	4202.629883	20164.000000	4;
338.944183	223.361038	3364.510010	4202.629883	20164.000000	4;
287.546783	87.495300	67.010002	4202.629883	580.000000	4;
311.588043	47.439541	198.229996	4520.029785	484.000000	5;
343.065399	222.587051	3591.850098	4520.029785	18496.000000	5;
343.065399	222.587051	3591.850098	4520.029785	18496.000000	5;
343.065399	222.587051	3591.850098	4520.029785	18496.000000	5;
343.065399	222.587051	3591.850098	4520.029785	18496.000000	5;
343.065399	222.587051	3591.850098	4520.029785	18496.000000	5;
287.520386	87.494446	67.489998	4520.029785	530.000000	5;
311.686859	47.454601	201.100006	4569.700195	529.000000	6;
350.778046	221.530365	3996.050049	4569.700195	17689.000000	6;
350.778046	221.530365	3996.050049	4569.700195	17689.000000	6;
350.778046	221.530365	3996.050049	4569.700195	17689.000000	6;
350.778046	221.530365	3996.050049	4569.700195	17689.000000	6;
350.778046	221.530365	3996.050049	4569.700195	17689.000000	6;
284.750366	87.063652	84.680000	4569.700195	720.000000	6;
317.663239	47.865437	182.589996	5053.359863	169.000000	7;
289.167297	87.998703	115.849998	5053.359863	785.000000	7;
390.756531	216.905945	2323.889893	5053.359863	20593.000000	7;
390.756531	216.905945	2323.889893	5053.359863	20593.000000	7;
390.756531	216.905945	2323.889893	5053.359863	20593.000000	7;
316.402588	47.922810	159.220001	5716.589844	361.000000	8;
352.961395	222.377441	3170.969971	5716.589844	19600.000000	8;
352.961395	222.377441	3170.969971	5716.589844	19600.000000	8;
352.961395	222.377441	3170.969971	5716.589844	19600.000000	8;
352.961395	222.377441	3170.969971	5716.589844	19600.000000	8;
352.961395	222.377441	3170.969971	5716.589844	19600.000000	8;
291.521606	87.992477	77.089996	5716.589844	578.000000	8;
315.954987	47.981243	172.210007	5933.569824	676.000000	9;
291.998352	88.481850	72.720001	5933.569824	356.000000	9;
341.324707	224.763046	3591.939941	5933.569824	17956.000000	9;
341.324707	224.763046	3591.939941	5933.569824	17956.000000	9;
341.324707	224.763046	3591.939941	5933.569824	17956.000000	9;
341.324707	224.763046	3591.939941	5933.569824	17956.000000	9;
341.324707	224.763046	3591.939941	5933.569824	17956.000000	9;
315.725525	47.950001	191.809998	6272.450195	289.000000	10;
386.193970	217.787445	1880.420044	6272.450195	20365.000000	10;
386.193970	217.787445	1880.420044	6272.450195	20365.000000	10;
386.193970	217.787445	1880.420044	6272.450195	20365.000000	10;
290.515015	88.984718	36.639999	6272.450195	800.000000	10;
315.290985	47.967087	222.110001	6237.879883	225.000000	11;
287.071198	88.963898	80.610001	6237.879883	845.000000	11;
386.707611	217.930313	1834.609985	6237.879883	21025.000000	11;
386.707611	217.930313	1834.609985	6237.879883	21025.000000	11;
386.707611	217.930313	1834.609985	6237.879883	21025.000000	11;
312.412933	48.868805	159.610001	5229.930176	196.000000	12;
281.225098	88.932358	137.630005	5229.930176	884.000000	12;
264.315979	82.999451	163.559998	5229.930176	1412.000000	12;
315.434631	48.447216	249.410004	5909.359863	361.000000	13;
280.496216	86.095642	268.910004	5909.359863	468.000000	13;
390.762085	218.285889	1605.310059	5909.359863	20624.000000	13;
390.762085	218.285889	1605.310059	5909.359863	20624.000000	13;
390.762085	218.285889	1605.310059	5909.359863	20624.000000	13;
316.933990	48.439941	235.600006	5921.640137	324.000000	14;
287.964020	88.530975	87.820000	5921.640137	650.000000	14;
395.695435	216.868210	1458.300049	5921.640137	20690.000000	14;
395.695435	216.868210	1458.300049	5921.640137	20690.000000	14;
395.695435	216.868210	1458.300049	5921.640137	20690.000000	14;
318.457336	49.472889	183.320007	6029.040039	324.000000	15;
379.430603	220.589630	2100.679932	6029.040039	19616.000000	15;
379.430603	220.589630	2100.679932	6029.040039	19616.000000	15;
379.430603	220.589630	2100.679932	6029.040039	19616.000000	15;
264.590698	81.053757	49.669998	6029.040039	1913.000000	15;
319.108398	48.550621	115.959999	6074.569824	257.000000	16;
385.822815	218.982391	2081.649902	6074.569824	20228.000000	16;
385.822815	218.982391	2081.649902	6074.569824	20228.000000	16;
385.822815	218.982391	2081.649902	6074.569824	20228.000000	16;
183.870667	128.801285	314.230011	6074.569824	17053.000000	16;
319.072479	49.453968	185.960007	6313.220215	197.000000	17;
425.697479	212.874176	821.020020	6313.220215	26489.000000	17;
274.027618	89.008110	39.470001	6313.220215	1465.000000	17;
325.344116	52.175148	381.279999	6523.390137	100.000000	18;
291.850769	87.010765	406.920013	6523.390137	580.000000	18;
258.679413	85.445824	100.690002	6523.390137	4225.000000	18;
340.517090	53.452431	316.489990	6703.750000	144.000000	19;
401.573425	222.148895	4771.399902	6703.750000	18496.000000	19;
401.573425	222.148895	4771.399902	6703.750000	18496.000000	19;
401.573425	222.148895	4771.399902	6703.750000	18496.000000	19;
401.573425	222.148895	4771.399902	6703.750000	18496.000000	19;
401.573425	222.148895	4771.399902	6703.750000	18496.000000	19;
401.573425	222.148895	4771.399902	6703.750000	18496.000000	19;
401.573425	222.148895	4771.399902	6703.750000	18496.000000	19;
301.046509	89.477600	70.309998	6703.750000	1250.000000	19;
340.857239	53.304909	302.320007	5895.450195	121.000000	20;
431.381866	217.694107	3241.399902	5895.450195	18665.000000	20;
431.381866	217.694107	3241.399902	5895.450195	18665.000000	20;
431.381866	217.694107	3241.399902	5895.450195	18665.000000	20;
431.381866	217.694107	3241.399902	5895.450195	18665.000000	20;
431.381866	217.694107	3241.399902	5895.450195	18665.000000	20;
301.306610	89.941292	94.190002	5895.450195	1165.000000	20;
344.056274	49.475094	190.509995	6457.069824	529.000000	21;
383.611755	224.703812	5507.540039	6457.069824	17424.000000	21;
383.611755	224.703812	5507.540039	6457.069824	17424.000000	21;
383.611755	224.703812	5507.540039	6457.069824	17424.000000	21;
383.611755	224.703812	5507.540039	6457.069824	17424.000000	21;
383.611755	224.703812	5507.540039	6457.069824	17424.000000	21;
383.611755	224.703812	5507.540039	6457.069824	17424.000000	21;
383.611755	224.703812	5507.540039	6457.069824	17424.000000	21;
383.611755	224.703812	5507.540039	6457.069824	17424.000000	21;
383.611755	224.703812	5507.540039	6457.069824	17424.000000	21;
300.997253	88.998283	29.110001	6457.069824	1513.000000	21;
341.042175	48.897251	355.329987	5679.509766	625.000000	22;
431.603271	216.843643	2833.149902	5679.509766	16785.000000	22;
431.603271	216.843643	2833.149902	5679.509766	16785.000000	22;
431.603271	216.843643	2833.149902	5679.509766	16785.000000	22;
431.603271	216.843643	2833.149902	5679.509766	16785.000000	22;
431.603271	216.843643	2833.149902	5679.509766	16785.000000	22;
265.402008	156.314255	127.510002	5679.509766	10132.000000	22;
320.333496	85.514648	240.669998	6059.379883	208.000000	23;
346.496765	48.946045	249.460007	6059.379883	576.000000	23;
436.815491	217.719864	2453.199951	6059.379883	18130.000000	23;
436.815491	217.719864	2453.199951	6059.379883	18130.000000	23;
436.815491	217.719864	2453.199951	6059.379883	18130.000000	23;
319.247925	85.520767	273.230011	6631.339844	197.000000	24;
369.025085	228.806107	6821.169922	6631.339844	15376.000000	24;
369.025085	228.806107	6821.169922	6631.339844	15376.000000	24;
369.025085	228.806107	6821.169922	6631.339844	15376.000000	24;
369.025085	228.806107	6821.169922	6631.339844	15376.000000	24;
369.025085	228.806107	6821.169922	6631.339844	15376.000000	24;
369.025085	228.806107	6821.169922	6631.339844	15376.000000	24;
369.025085	228.806107	6821.169922	6631.339844	15376.000000	24;
369.025085	228.806107	6821.169922	6631.339844	15376.000000	24;
369.025085	228.806107	6821.169922	6631.339844	15376.000000	24;
352.516693	48.439117	281.040009	6631.339844	1444.000000	24;
317.577881	86.023270	435.769989	7612.799805	256.000000	25;
365.865936	230.193832	8424.490234	7612.799805	15625.000000	25;
365.865936	230.193832	8424.490234	7612.799805	15625.000000	25;
365.865936	230.193832	8424.490234	7612.799805	15625.000000	25;
365.865936	230.193832	8424.490234	7612.799805	15625.000000	25;
365.865936	230.193832	8424.490234	7612.799805	15625.000000	25;
365.865936	230.193832	8424.490234	7612.799805	15625.000000	25;
365.865936	230.193832	8424.490234	7612.799805	15625.000000	25;
365.865936	230.193832	8424.490234	7612.799805	15625.000000	25;
365.865936	230.193832	8424.490234	7612.799805	15625.000000	25;
358.940338	48.416168	289.570007	7612.799805	1369.000000	25;
311.702850	86.536568	577.450012	6671.529785	324.000000	26;
357.208710	48.463104	280.109985	6671.529785	1444.000000	26;
442.292969	221.023392	2691.939941	6671.529785	16776.000000	26;
442.292969	221.023392	2691.939941	6671.529785	16776.000000	26;
442.292969	221.023392	2691.939941	6671.529785	16776.000000	26;
311.814880	86.571487	603.830017	6543.979980	365.000000	27;
390.481110	227.047699	4556.339844	6543.979980	15129.000000	27;
390.481110	227.047699	4556.339844	6543.979980	15129.000000	27;
390.481110	227.047699	4556.339844	6543.979980	15129.000000	27;
390.481110	227.047699	4556.339844	6543.979980	15129.000000	27;
390.481110	227.047699	4556.339844	6543.979980	15129.000000	27;
357.184448	48.454079	261.320007	6543.979980	1681.000000	27;
314.499786	86.503410	607.969971	6417.479980	256.000000	28;
372.315308	228.002502	5034.979980	6417.479980	15376.000000	28;
372.315308	228.002502	5034.979980	6417.479980	15376.000000	28;
372.315308	228.002502	5034.979980	6417.479980	15376.000000	28;
372.315308	228.002502	5034.979980	6417.479980	15376.000000	28;
372.315308	228.002502	5034.979980	6417.479980	15376.000000	28;
372.315308	228.002502	5034.979980	6417.479980	15376.000000	28;
372.315308	228.002502	5034.979980	6417.479980	15376.000000	28;
360.560608	47.982769	247.250000	6417.479980	1521.000000	28;
306.871460	87.008148	496.929993	6340.680176	484.000000	29;
383.516144	226.194061	4184.209961	6340.680176	15625.000000	29;
383.516144	226.194061	4184.209961	6340.680176	15625.000000	29;
383.516144	226.194061	4184.209961	6340.680176	15625.000000	29;
383.516144	226.194061	4184.209961	6340.680176	15625.000000	29;
383.516144	226.194061	4184.209961	6340.680176	15625.000000	29;
354.082428	48.440624	211.199997	6340.680176	1444.000000	29;
302.350037	86.645599	843.190002	5808.020020	529.000000	30;
353.215607	48.064121	257.170013	5808.020020	1600.000000	30;
437.004303	218.770004	1951.160034	5808.020020	16218.000000	30;
437.004303	218.770004	1951.160034	5808.020020	16218.000000	30;
437.004303	218.770004	1951.160034	5808.020020	16218.000000	30;
307.684753	86.044525	520.590027	7055.959961	409.000000	31;
352.655579	48.070366	340.359985	7055.959961	1764.000000	31;
418.359802	220.390320	1234.319946	7055.959961	16532.000000	31;
418.359802	220.390320	1234.319946	7055.959961	16532.000000	31;
418.359802	220.390320	1234.319946	7055.959961	16532.000000	31;
275.601318	87.819473	1096.250000	5420.580078	900.000000	32;
275.601318	87.819473	1096.250000	5420.580078	900.000000	32;
275.601318	87.819473	1096.250000	5420.580078	900.000000	32;
336.915070	48.849911	340.660004	5420.580078	1296.000000	32;
393.415070	219.525330	1213.839966	5420.580078	16658.000000	32;
393.415070	219.525330	1213.839966	5420.580078	16658.000000	32;
393.415070	219.525330	1213.839966	5420.580078	16658.000000	32;
265.143799	89.257576	1331.040039	4473.200195	841.000000	33;
265.143799	89.257576	1331.040039	4473.200195	841.000000	33;
265.143799	89.257576	1331.040039	4473.200195	841.000000	33;
332.206573	48.409542	407.429993	4473.200195	1089.000000	33;
397.161102	215.659393	379.649994	4473.200195	18085.000000	33;
278.975311	87.866402	943.969971	6960.009766	625.000000	34;
335.311066	48.950661	357.320007	6960.009766	1369.000000	34;
397.103577	220.378342	839.830017	6960.009766	17729.000000	34;
280.263519	88.832275	906.659973	8985.250000	890.000000	35;
334.701965	50.003536	359.299988	8985.250000	625.000000	35;
400.591003	222.811218	521.190002	8985.250000	22100.000000	35;
278.897247	88.480553	794.479980	7251.899902	793.000000	36;
331.923218	50.015499	363.230011	7251.899902	841.000000	36;
395.454468	223.310089	601.090027	7251.899902	20800.000000	36;
270.433258	87.056892	808.059998	4781.299805	576.000000	37;
326.906982	48.949585	352.079987	4781.299805	1156.000000	37;
391.192596	220.060089	514.440002	4781.299805	19277.000000	37;
254.240677	90.817467	1579.479980	4725.939941	1537.000000	38;
254.240677	90.817467	1579.479980	4725.939941	1537.000000	38;
254.240677	90.817467	1579.479980	4725.939941	1537.000000	38;
326.074249	49.983997	379.910004	4725.939941	784.000000	38;
461.886047	117.923843	493.320007	4725.939941	14314.000000	38;
254.400833	91.757408	1432.160034	7455.669922	1762.000000	39;
254.400833	91.757408	1432.160034	7455.669922	1762.000000	39;
254.400833	91.757408	1432.160034	7455.669922	1762.000000	39;
331.583740	50.899426	351.480011	7455.669922	529.000000	39;
458.148529	118.122917	488.450012	7455.669922	13913.000000	39;
247.343323	93.098038	1477.609985	7717.939941	2210.000000	40;
247.343323	93.098038	1477.609985	7717.939941	2210.000000	40;
247.343323	93.098038	1477.609985	7717.939941	2210.000000	40;
331.867432	51.011734	370.660004	7717.939941	1024.000000	40;
450.224518	118.465996	402.299988	7717.939941	11866.000000	40;
329.959656	51.940075	368.619995	5707.029785	1156.000000	41;
232.824036	92.525093	1092.150024	5707.029785	3844.000000	41;
262.458282	43.453693	169.630005	5707.029785	4450.000000	41;
328.644379	51.964199	410.899994	6302.709961	1089.000000	42;
225.831909	93.462265	980.609985	6302.709961	4624.000000	42;
334.448730	62.999260	54.110001	6302.709961	593.000000	42;
326.622040	52.431595	478.250000	5255.959961	1936.000000	43;
326.402649	63.464573	144.240005	5255.959961	1156.000000	43;
212.916107	94.377098	779.609985	5255.959961	7056.000000	43;
328.205658	51.409264	472.019989	4845.509766	1225.000000	44;
222.528244	90.917778	274.739990	4845.509766	8100.000000	44;
317.508972	62.491726	14.500000	4845.509766	692.000000	44;
328.169067	51.339249	429.269989	4594.709961	1600.000000	45;
366.980988	10.503036	293.100006	4594.709961	7208.000000	45;
298.634949	241.848969	534.150024	4594.709961	20458.000000	45;
327.989746	50.905788	363.760010	3798.540039	1521.000000	46;
226.841019	87.372543	810.760010	3798.540039	5476.000000	46;
365.522858	10.499590	268.559998	3798.540039	7076.000000	46;
326.678436	51.324547	410.079987	3958.110107	1444.000000	47;
225.986862	86.906013	832.049988	3958.110107	5625.000000	47;
251.438370	39.991280	95.169998	3958.110107	6697.000000	47;
326.603180	51.307446	433.250000	4167.390137	2116.000000	48;
349.447968	71.004654	62.279999	4167.390137	1040.000000	48;
220.162094	87.751312	341.959991	4167.390137	9280.000000	48;
326.643402	51.402016	414.760010	4112.299805	1681.000000	49;
290.574860	241.210373	816.799988	4112.299805	19890.000000	49;
219.330917	86.874603	268.589996	4112.299805	9050.000000	49;
325.572296	51.299606	374.359985	2776.840088	1296.000000	50;
399.665985	110.230118	318.579987	2776.840088	4069.000000	50;
294.502411	82.974823	33.360001	2776.840088	877.000000	50;
325.743195	50.881149	299.200012	2494.350098	1089.000000	51;
399.868408	110.028664	435.709991	2494.350098	4680.000000	51;
293.010101	82.508354	28.740000	2494.350098	685.000000	51;
326.880829	50.901554	277.720001	1966.150024	1296.000000	52;
396.402832	109.086807	349.640015	1966.150024	4421.000000	52;
290.001282	83.003830	39.180000	1966.150024	866.000000	52;
326.274963	51.467052	205.779999	1705.760010	841.000000	53;
396.691559	108.530472	226.419998	1705.760010	5668.000000	53;
242.626846	102.987411	115.180000	1705.760010	4717.000000	53;
389.927582	106.027489	383.429993	2427.790039	3844.000000	54;
325.001373	52.473091	201.990005	2427.790039	2116.000000	54;
351.744629	154.490814	133.839996	2427.790039	3280.000000	54;
395.147797	105.673325	887.159973	2337.510010	3136.000000	55;
320.852081	52.975502	330.239990	2337.510010	2025.000000	55;
348.264557	155.046143	211.110001	2337.510010	3065.000000	55;
390.960449	102.124512	1256.540039	2770.010010	2809.000000	56;
318.109863	53.993057	315.519989	2770.010010	1849.000000	56;
314.981598	65.485275	104.910004	2770.010010	1024.000000	56;
376.726898	99.291939	923.590027	2736.850098	2116.000000	57;
314.764618	54.964653	294.779999	2736.850098	2025.000000	57;
299.072662	67.005852	78.589996	2736.850098	1181.000000	57;
372.045868	99.291489	1118.540039	2354.219971	1469.000000	58;
315.044769	55.402264	368.290009	2354.219971	2704.000000	58;
301.299408	66.999802	200.360001	2354.219971	1681.000000	58;
369.570618	98.607277	1066.910034	2471.229980	1450.000000	59;
313.687683	56.296902	476.519989	2471.229980	2916.000000	59;
298.000183	67.013832	161.250000	2471.229980	2034.000000	59;
363.124756	97.218651	577.270020	2313.290039	1492.000000	60;
251.664536	117.060921	374.760010	2313.290039	1444.000000	60;
310.967133	56.904682	470.209991	2313.290039	3136.000000	60;
356.458801	97.174919	699.869995	2172.080078	725.000000	61;
302.305176	58.394444	767.539978	2172.080078	2500.000000	61;
231.345886	119.432251	125.389999	2172.080078	5209.000000	61;
316.620422	59.450779	201.229996	1703.770020	9.000000	62;
248.167664	29.423765	266.019989	1703.770020	3490.000000	62;
366.415558	97.982643	92.739998	1703.770020	3140.000000	62;
316.699432	59.451225	195.600006	1481.530029	144.000000	63;
240.985199	29.447639	375.190002	1481.530029	4365.000000	63;
365.940430	97.975601	73.360001	1481.530029	2738.000000	63;
319.922058	59.473095	197.169998	1923.130005	100.000000	64;
240.526505	29.910473	373.410004	1923.130005	5365.000000	64;
194.234070	124.435158	270.269989	1923.130005	14922.000000	64;
338.487396	86.977898	126.690002	2936.580078	72.000000	65;
322.896606	60.025135	256.209991	2936.580078	256.000000	65;
364.062317	98.420380	130.619995	2936.580078	1285.000000	65;
336.923462	87.007301	162.949997	3323.639893	41.000000	66;
362.071564	98.486176	211.960007	3323.639893	738.000000	66;
322.021118	60.454964	183.289993	3323.639893	961.000000	66;
320.883057	60.928436	229.449997	2555.929932	121.000000	67;
358.615417	98.094032	379.440002	2555.929932	841.000000	67;
295.510315	90.481842	98.019997	2555.929932	725.000000	67;
377.885559	122.933517	428.660004	2297.520020	1277.000000	68;
320.336243	60.533691	317.899994	2297.520020	1936.000000	68;
240.500153	55.922745	949.200012	2297.520020	6121.000000	68;
372.431885	122.580795	297.679993	1719.719971	1082.000000	69;
319.508423	59.884850	340.160004	1719.719971	2025.000000	69;
347.305817	68.500450	78.349998	1719.719971	1538.000000	69;
324.707458	63.531776	1174.099976	2343.560059	1444.000000	70;
374.870056	127.403343	559.030029	2343.560059	697.000000	70;
260.376617	83.937935	299.040009	2343.560059	4328.000000	70;
324.382416	63.323807	1126.790039	3919.659912	1681.000000	71;
436.143768	129.091492	490.720001	3919.659912	5353.000000	71;
383.463959	133.495544	120.269997	3919.659912	1620.000000	71;
323.784027	58.486565	411.559998	4352.080078	2209.000000	72;
302.464233	229.213226	1991.699951	4352.080078	12996.000000	72;
302.464233	229.213226	1991.699951	4352.080078	12996.000000	72;
302.464233	229.213226	1991.699951	4352.080078	12996.000000	72;
302.464233	229.213226	1991.699951	4352.080078	12996.000000	72;
302.464233	229.213226	1991.699951	4352.080078	12996.000000	72;
438.983887	163.617477	894.390015	4352.080078	7162.000000	72;
440.458496	140.019592	68.900002	10.200000	64.000000	80;
322.970062	137.521057	9.020000	11.530000	1226.000000	85;
390.928345	148.533676	23.309999	9.990000	1205.000000	87;
347.516144	111.500290	17.030001	635.419983	34.000000	88;
386.927612	147.453674	379.209991	635.419983	1301.000000	88;
346.252075	111.058968	48.160000	741.590027	16.000000	89;
385.593109	147.910660	414.570007	741.590027	1354.000000	89;
348.867249	168.911240	104.330002	741.590027	2402.000000	89;
377.726837	147.371613	183.070007	668.010010	2113.000000	90;
301.597260	130.022766	68.529999	668.010010	808.000000	90;
311.945038	104.016907	28.389999	668.010010	349.000000	90;
314.750244	103.992355	53.650002	862.419983	436.000000	91;
301.001556	129.992294	76.610001	862.419983	1250.000000	91;
368.001953	123.436378	35.680000	862.419983	584.000000	91;
301.297760	166.328033	867.489990	1058.890015	2025.000000	92;
301.297760	166.328033	867.489990	1058.890015	2025.000000	92;
301.297760	166.328033	867.489990	1058.890015	2025.000000	92;
368.844543	123.951622	54.360001	1058.890015	425.000000	92;
246.596527	81.342133	505.480011	1058.890015	6760.000000	92;
311.262054	165.029770	799.190002	1898.599976	1521.000000	93;
311.262054	165.029770	799.190002	1898.599976	1521.000000	93;
311.262054	165.029770	799.190002	1898.599976	1521.000000	93;
436.627991	217.578400	830.549988	1898.599976	9461.000000	93;
436.627991	217.578400	830.549988	1898.599976	9461.000000	93;
436.627991	217.578400	830.549988	1898.599976	9461.000000	93;
243.565643	81.356941	553.590027	1898.599976	7685.000000	93;
356.031677	225.201019	3259.899902	2674.830078	10816.000000	94;
356.031677	225.201019	3259.899902	2674.830078	10816.000000	94;
356.031677	225.201019	3259.899902	2674.830078	10816.000000	94;
356.031677	225.201019	3259.899902	2674.830078	10816.000000	94;
356.031677	225.201019	3259.899902	2674.830078	10816.000000	94;
356.031677	225.201019	3259.899902	2674.830078	10816.000000	94;
356.031677	225.201019	3259.899902	2674.830078	10816.000000	94;
289.004639	169.500534	27.990000	2674.830078	6052.000000	94;
300.090424	230.048447	2693.149902	3097.090088	15376.000000	95;
300.090424	230.048447	2693.149902	3097.090088	15376.000000	95;
300.090424	230.048447	2693.149902	3097.090088	15376.000000	95;
300.090424	230.048447	2693.149902	3097.090088	15376.000000	95;
300.090424	230.048447	2693.149902	3097.090088	15376.000000	95;
340.057190	160.543503	106.309998	3097.090088	3600.000000	95;
444.968262	218.555496	349.540009	3097.090088	19853.000000	95;
448.811737	218.636917	1084.079956	3973.820068	14932.000000	96;
448.811737	218.636917	1084.079956	3973.820068	14932.000000	96;
448.811737	218.636917	1084.079956	3973.820068	14932.000000	96;
339.043640	160.667969	234.380005	3973.820068	3285.000000	96;
389.116608	149.573425	90.910004	3973.820068	2938.000000	96;
296.415558	230.997513	2534.479980	4533.229980	14884.000000	97;
296.415558	230.997513	2534.479980	4533.229980	14884.000000	97;
296.415558	230.997513	2534.479980	4533.229980	14884.000000	97;
296.415558	230.997513	2534.479980	4533.229980	14884.000000	97;
296.415558	230.997513	2534.479980	4533.229980	14884.000000	97;
345.864685	56.469795	151.130005	4533.229980	1849.000000	97;
341.128754	160.543076	121.860001	4533.229980	3253.000000	97;
345.319824	56.931454	221.020004	4708.189941	1369.000000	98;
349.936462	226.092178	796.559998	4708.189941	15876.000000	98;
349.936462	226.092178	796.559998	4708.189941	15876.000000	98;
349.936462	226.092178	796.559998	4708.189941	15876.000000	98;
284.357147	176.482880	267.170013	4708.189941	8845.000000	98;
345.270386	56.943123	243.330002	5029.509766	1849.000000	99;
341.475311	226.753967	1038.739990	5029.509766	14400.000000	99;
341.475311	226.753967	1038.739990	5029.509766	14400.000000	99;
341.475311	226.753967	1038.739990	5029.509766	14400.000000	99;
458.621826	166.541260	627.690002	5029.509766	9410.000000	99;
344.578461	57.377605	335.799988	6036.180176	1849.000000	100;
458.877045	166.596085	824.919983	6036.180176	8548.000000	100;
341.738739	227.095856	1162.729980	6036.180176	14161.000000	100;
341.738739	227.095856	1162.729980	6036.180176	14161.000000	100;
341.738739	227.095856	1162.729980	6036.180176	14161.000000	100;
344.332825	57.420364	344.010010	5046.819824	1764.000000	101;
354.944794	225.754318	1737.290039	5046.819824	13689.000000	101;
354.944794	225.754318	1737.290039	5046.819824	13689.000000	101;
354.944794	225.754318	1737.290039	5046.819824	13689.000000	101;
459.445190	165.599808	931.640015	5046.819824	9025.000000	101;
344.177216	56.990513	294.100006	5809.580078	1936.000000	102;
346.627441	226.132675	1985.270020	5809.580078	13456.000000	102;
346.627441	226.132675	1985.270020	5809.580078	13456.000000	102;
346.627441	226.132675	1985.270020	5809.580078	13456.000000	102;
346.627441	226.132675	1985.270020	5809.580078	13456.000000	102;
346.627441	226.132675	1985.270020	5809.580078	13456.000000	102;
454.511230	165.397644	732.409973	5809.580078	8433.000000	102;
353.640442	225.800598	2210.949951	5798.049805	12769.000000	103;
353.640442	225.800598	2210.949951	5798.049805	12769.000000	103;
353.640442	225.800598	2210.949951	5798.049805	12769.000000	103;
353.640442	225.800598	2210.949951	5798.049805	12769.000000	103;
353.640442	225.800598	2210.949951	5798.049805	12769.000000	103;
469.881653	167.047867	1336.130005	5798.049805	8245.000000	103;
469.881653	167.047867	1336.130005	5798.049805	8245.000000	103;
469.881653	167.047867	1336.130005	5798.049805	8245.000000	103;
344.128967	57.878483	297.899994	5798.049805	2026.000000	103;
331.945007	227.620483	3247.600098	4801.580078	13225.000000	104;
331.945007	227.620483	3247.600098	4801.580078	13225.000000	104;
331.945007	227.620483	3247.600098	4801.580078	13225.000000	104;
331.945007	227.620483	3247.600098	4801.580078	13225.000000	104;
331.945007	227.620483	3247.600098	4801.580078	13225.000000	104;
331.945007	227.620483	3247.600098	4801.580078	13225.000000	104;
331.945007	227.620483	3247.600098	4801.580078	13225.000000	104;
342.022522	57.902969	330.920013	4801.580078	1850.000000	104;
471.889984	167.079132	1370.420044	4801.580078	8761.000000	104;
471.889984	167.079132	1370.420044	4801.580078	8761.000000	104;
471.889984	167.079132	1370.420044	4801.580078	8761.000000	104;
337.658905	59.026764	417.010010	3411.179932	1845.000000	105;
324.911774	229.338516	1319.839966	3411.179932	14400.000000	105;
324.911774	229.338516	1319.839966	3411.179932	14400.000000	105;
324.911774	229.338516	1319.839966	3411.179932	14400.000000	105;
460.534882	219.062729	665.039978	3411.179932	16945.000000	105;
343.765747	63.579720	914.270020	2548.649902	625.000000	106;
281.160553	83.969353	184.690002	2548.649902	4705.000000	106;
464.818359	217.796082	638.849976	2548.649902	19202.000000	106;
343.988861	62.553082	988.320007	1897.010010	529.000000	107;
393.413025	126.251297	401.750000	1897.010010	1241.000000	107;
282.625641	84.377510	180.500000	1897.010010	4786.000000	107;
336.635132	60.729725	452.390015	1954.800049	784.000000	108;
404.076630	126.432404	680.539978	1954.800049	1873.000000	108;
284.473877	83.495621	63.919998	1954.800049	3770.000000	108;
336.702332	60.659412	574.799988	2107.560059	529.000000	109;
405.122345	125.763321	741.090027	2107.560059	2405.000000	109;
309.000732	88.993477	55.160000	2107.560059	900.000000	109;
359.320282	96.514313	124.730003	2046.760010	0.000000	110;
340.653809	62.248867	1011.780029	2046.760010	625.000000	110;
407.900177	125.604500	871.179993	2046.760010	1476.000000	110;
360.431580	96.019386	186.759995	2359.989990	104.000000	111;
337.317017	60.176476	527.440002	2359.989990	361.000000	111;
311.715912	89.443657	201.279999	2359.989990	793.000000	111;
338.286652	60.458633	711.200012	1746.099976	196.000000	112;
362.708435	96.066467	346.920013	1746.099976	205.000000	112;
313.055878	89.463516	309.850006	1746.099976	397.000000	112;
363.556580	95.624580	327.980011	2412.330078	221.000000	113;
313.430847	88.971153	230.169998	2412.330078	882.000000	113;
336.767731	59.731674	443.380005	2412.330078	2401.000000	113;
366.830444	96.034653	462.549988	2325.290039	325.000000	114;
313.035767	88.532562	307.700012	2325.290039	725.000000	114;
337.755005	59.728176	483.769989	2325.290039	2601.000000	114;
368.019531	96.005447	530.580017	3058.010010	305.000000	115;
313.620483	88.471558	302.209991	3058.010010	832.000000	115;
339.455078	59.738018	438.309998	3058.010010	2704.000000	115;
367.511414	95.998207	752.219971	2480.479980	173.000000	116;
315.769867	88.464142	369.239990	2480.479980	565.000000	116;
338.766449	59.278248	554.900024	2480.479980	2500.000000	116;
367.600098	96.267532	851.030029	2607.189941	225.000000	117;
318.780853	88.498383	368.130005	2607.189941	661.000000	117;
337.900757	59.196148	553.200012	2607.189941	2809.000000	117;
367.128784	96.261101	849.469971	3205.959961	226.000000	118;
313.796295	88.006630	232.389999	3205.959961	965.000000	118;
337.299988	59.202187	542.320007	3205.959961	2809.000000	118;
350.002991	93.599419	1588.319946	2970.080078	196.000000	119;
350.002991	93.599419	1588.319946	2970.080078	196.000000	119;
350.002991	93.599419	1588.319946	2970.080078	196.000000	119;
337.262939	59.196426	560.210022	2970.080078	2601.000000	119;
270.759216	53.300671	319.820007	2970.080078	6500.000000	119;
363.797333	95.579369	1112.439941	2836.770020	289.000000	120;
337.118652	60.803658	614.840027	2836.770020	2704.000000	120;
311.932892	88.011002	210.830002	2836.770020	1009.000000	120;
367.101501	95.834129	995.580017	2942.750000	200.000000	121;
336.372345	59.610851	560.169983	2942.750000	2601.000000	121;
310.989471	88.016388	187.929993	2942.750000	1025.000000	121;
369.345764	97.159576	866.809998	3328.899902	314.000000	122;
335.444122	59.331814	370.299988	3328.899902	3249.000000	122;
310.501617	88.476646	67.660004	3328.899902	1570.000000	122;
370.152435	94.617416	1481.910034	3319.360107	370.000000	123;
336.959930	60.021812	497.010010	3319.360107	3249.000000	123;
229.803482	51.365967	620.739990	3319.360107	12277.000000	123;
376.504486	96.170715	748.739990	2689.330078	680.000000	124;
338.344543	59.663212	405.299988	2689.330078	3481.000000	124;
349.830597	86.434830	101.349998	2689.330078	1157.000000	124;
373.323608	93.669609	1352.209961	3496.840088	226.000000	125;
348.001678	106.503082	17.830000	3496.840088	68.000000	125;
338.669067	59.144684	532.400024	3496.840088	2704.000000	125;
379.620972	96.481209	675.859985	3526.350098	549.000000	126;
354.022583	85.519371	102.720001	3526.350098	970.000000	126;
339.702484	58.879814	336.559998	3526.350098	3249.000000	126;
382.341431	96.891930	662.049988	3077.550049	841.000000	127;
357.056396	85.055954	153.160004	3077.550049	338.000000	127;
339.507874	58.896137	289.230011	3077.550049	1521.000000	127;
339.425903	58.913086	273.600006	3396.510010	256.000000	128;
356.431000	85.480820	123.019997	3396.510010	205.000000	128;
382.032410	96.465698	583.450012	3396.510010	1066.000000	128;
339.380524	58.910660	254.199997	2473.330078	36.000000	129;
381.187012	96.430573	552.500000	2473.330078	1525.000000	129;
354.903168	85.515221	114.320000	2473.330078	425.000000	129;
374.791443	96.414032	675.789978	3320.219971	449.000000	130;
350.532990	85.515648	88.180000	3320.219971	521.000000	130;
336.051697	59.346985	301.570007	3320.219971	2025.000000	130;
374.142700	96.483879	729.109985	3327.429932	400.000000	131;
333.820404	58.994202	239.759995	3327.429932	1296.000000	131;
345.986237	86.490578	19.629999	3327.429932	244.000000	131;
372.545044	97.023590	786.729980	5352.089844	650.000000	132;
332.338196	59.423958	199.029999	5352.089844	2025.000000	132;
348.503448	85.985962	54.860001	5352.089844	685.000000	132;
371.850067	97.026321	774.960022	5450.660156	565.000000	133;
331.440186	59.430954	186.330002	5450.660156	2401.000000	133;
433.437775	218.468903	567.750000	5450.660156	16900.000000	133;
364.100189	97.046936	897.030029	4734.959961	449.000000	134;
328.245941	61.343266	217.500000	4734.959961	2025.000000	134;
203.321503	125.716507	763.059998	4734.959961	10897.000000	134;
362.655853	95.222054	1092.719971	5802.750000	289.000000	135;
329.566650	60.975842	184.190002	5802.750000	1296.000000	135;
202.915421	126.758942	740.900024	5802.750000	11636.000000	135;
329.946289	61.905792	199.029999	6878.689941	144.000000	136;
369.778931	98.216644	830.400024	6878.689941	914.000000	136;
343.002594	87.034729	42.330002	6878.689941	306.000000	136;
330.505524	62.330673	243.229996	6184.839844	9.000000	137;
371.730347	98.259666	836.650024	6184.839844	1525.000000	137;
343.471802	87.959961	49.450001	6184.839844	648.000000	137;
331.475189	62.324562	264.140015	5312.120117	4.000000	138;
373.188507	98.306816	818.109985	5312.120117	1637.000000	138;
344.027130	87.554939	71.900002	5312.120117	613.000000	138;
331.912079	62.336197	250.360001	4950.709961	13.000000	139;
375.860840	98.038956	711.619995	4950.709961	1994.000000	139;
277.467590	101.526360	130.690002	4950.709961	2050.000000	139;
333.822662	62.367786	249.410004	4426.370117	9.000000	140;
378.029785	98.407677	615.320007	4426.370117	1972.000000	140;
349.039734	87.492279	54.380001	4426.370117	773.000000	140;
335.192322	62.342331	257.470001	4958.069824	49.000000	141;
380.788361	98.822090	623.359985	4958.069824	1928.000000	141;
351.012909	87.511795	53.419998	4958.069824	653.000000	141;
336.064270	62.343193	269.820007	5070.020020	25.000000	142;
380.563965	98.833672	639.690002	5070.020020	2020.000000	142;
231.127075	27.364090	417.700012	5070.020020	6784.000000	142;
337.031982	61.944004	299.309998	4161.160156	10.000000	143;
382.177490	98.890915	661.849976	4161.160156	2465.000000	143;
233.569931	26.898643	548.070007	4161.160156	5521.000000	143;
338.381317	61.915913	264.369995	4276.410156	58.000000	144;
383.958527	98.537560	574.710022	4276.410156	2701.000000	144;
235.966629	26.870770	549.020020	4276.410156	5288.000000	144;
340.220795	62.467884	304.200012	3480.439941	49.000000	145;
252.724030	25.470066	515.650024	3480.439941	3140.000000	145;
392.695862	98.594299	520.309998	3480.439941	3965.000000	145;
338.047791	63.453297	157.160004	4777.370117	25.000000	146;
256.831970	25.454350	352.790009	4777.370117	3600.000000	146;
396.875214	98.959282	261.820007	4777.370117	4338.000000	146;
340.975433	62.987064	167.770004	3548.120117	17.000000	147;
261.871674	24.982519	431.899994	3548.120117	3546.000000	147;
304.038269	107.491447	83.589996	3548.120117	1796.000000	147;
343.775574	62.919922	167.710007	3319.100098	58.000000	148;
264.079620	24.953127	465.519989	3319.100098	2664.000000	148;
395.437439	98.572105	222.389999	3319.100098	4808.000000	148;
344.405457	62.050282	176.610001	3078.239990	29.000000	149;
267.373016	24.934633	463.690002	3078.239990	2581.000000	149;
396.630035	98.958778	237.990005	3078.239990	4546.000000	149;
344.417511	62.460255	211.729996	2969.760010	61.000000	150;
270.512329	24.486614	364.540009	2969.760010	2228.000000	150;
393.085449	98.561882	468.480011	2969.760010	3617.000000	150;
346.693817	61.962833	168.429993	2752.600098	41.000000	151;
392.238190	101.007874	831.950012	2752.600098	2977.000000	151;
274.103607	24.422928	319.179993	2752.600098	2441.000000	151;
350.147736	61.431793	112.160004	2724.679932	221.000000	152;
303.550018	63.521805	129.779999	2724.679932	373.000000	152;
394.265442	100.881088	830.190002	2724.679932	3528.000000	152;
349.671844	61.113525	295.440002	2455.620117	13.000000	153;
311.561188	62.094742	239.279999	2455.620117	116.000000	153;
395.193909	100.311966	987.799988	2455.620117	2825.000000	153;
337.578400	61.374310	543.960022	2646.000000	4.000000	154;
400.184631	100.197716	1151.050049	2646.000000	1629.000000	154;
298.101563	119.507881	280.480011	2646.000000	3330.000000	154;
347.341736	64.084122	715.599976	3779.050049	81.000000	155;
414.887695	102.962395	1113.319946	3779.050049	3141.000000	155;
320.523529	60.470589	20.400000	3779.050049	617.000000	155;
355.653717	60.010246	364.109985	3815.429932	400.000000	156;
340.462921	70.538452	79.580002	3815.429932	144.000000	156;
420.664856	103.455818	1216.750000	3815.429932	2722.000000	156;
340.511017	70.485924	55.770000	3329.370117	49.000000	157;
357.386414	60.399029	238.630005	3329.370117	260.000000	157;
429.602234	104.771004	1049.329956	3329.370117	4514.000000	157;
354.522278	60.833851	234.429993	2397.500000	361.000000	158;
427.102661	112.525734	539.719971	2397.500000	5018.000000	158;
225.271469	49.966141	271.410004	2397.500000	12625.000000	158;
353.543671	61.691479	322.019989	2386.969971	160.000000	159;
426.285431	112.520409	483.850006	2386.969971	6409.000000	159;
227.113708	49.945107	310.779999	2386.969971	9892.000000	159;
354.750732	61.728054	312.339996	2949.639893	272.000000	160;
428.000366	113.012253	483.109985	2949.639893	6505.000000	160;
235.748642	49.850876	192.589996	2949.639893	9736.000000	160;
359.105591	61.928619	562.200012	2917.090088	370.000000	161;
432.829193	113.914253	906.520020	2917.090088	5800.000000	161;
234.194473	49.463261	476.579987	2917.090088	8450.000000	161;
425.329468	118.188126	1028.400024	2267.120117	4621.000000	162;
234.588516	49.890907	275.000000	2267.120117	8884.000000	162;
363.610474	79.413902	139.550003	2019.920044	128.000000	163;
367.517487	104.991875	48.000000	2019.920044	485.000000	163;
414.961182	119.166039	171.830002	2019.920044	3978.000000	163;
364.508057	78.481697	152.149994	2292.389893	306.000000	164;
422.543793	117.507851	24.200001	2292.389893	5770.000000	164;
364.569641	77.956474	221.460007	2199.760010	261.000000	165;
364.246643	77.408722	172.389999	2410.949951	145.000000	166;
442.051483	116.980736	30.110001	2410.949951	11237.000000	166;
286.983643	144.501541	19.559999	2410.949951	9065.000000	166;
347.211060	9.086851	5774.040039	2022.510010	1600.000000	167;
347.211060	9.086851	5774.040039	2022.510010	1600.000000	167;
347.211060	9.086851	5774.040039	2022.510010	1600.000000	167;
347.211060	9.086851	5774.040039	2022.510010	1600.000000	167;
347.211060	9.086851	5774.040039	2022.510010	1600.000000	167;
347.211060	9.086851	5774.040039	2022.510010	1600.000000	167;
347.211060	9.086851	5774.040039	2022.510010	1600.000000	167;
347.211060	9.086851	5774.040039	2022.510010	1600.000000	167;
347.211060	9.086851	5774.040039	2022.510010	1600.000000	167;
367.105408	76.022499	91.550003	2022.510010	730.000000	167;
250.410202	91.473358	96.269997	2022.510010	7748.000000	167;
337.089874	8.853215	4164.799805	2540.500000	2304.000000	168;
337.089874	8.853215	4164.799805	2540.500000	2304.000000	168;
337.089874	8.853215	4164.799805	2540.500000	2304.000000	168;
337.089874	8.853215	4164.799805	2540.500000	2304.000000	168;
337.089874	8.853215	4164.799805	2540.500000	2304.000000	168;
337.089874	8.853215	4164.799805	2540.500000	2304.000000	168;
337.089874	8.853215	4164.799805	2540.500000	2304.000000	168;
243.152740	93.507133	386.720001	2540.500000	8145.000000	168;
349.038696	56.028168	52.189999	2434.179932	25.000000	169;
345.953735	8.391294	3198.459961	2434.179932	2116.000000	169;
345.953735	8.391294	3198.459961	2434.179932	2116.000000	169;
345.953735	8.391294	3198.459961	2434.179932	2116.000000	169;
345.953735	8.391294	3198.459961	2434.179932	2116.000000	169;
345.953735	8.391294	3198.459961	2434.179932	2116.000000	169;
337.420380	109.954140	35.540001	2434.179932	2141.000000	169;
349.014496	8.447313	2985.469971	2634.449951	2809.000000	170;
349.014496	8.447313	2985.469971	2634.449951	2809.000000	170;
349.014496	8.447313	2985.469971	2634.449951	2809.000000	170;
349.014496	8.447313	2985.469971	2634.449951	2809.000000	170;
349.014496	8.447313	2985.469971	2634.449951	2809.000000	170;
348.980865	55.993626	39.220001	2634.449951	144.000000	170;
267.142181	85.051491	118.860001	2634.449951	5945.000000	170;
349.346588	55.968014	66.589996	3297.040039	225.000000	171;
268.691650	85.066002	153.630005	3297.040039	4981.000000	171;
247.263153	93.913589	119.550003	3297.040039	8642.000000	171;
348.644226	56.395123	179.160004	3668.800049	484.000000	172;
326.990784	70.489685	18.420000	3668.800049	389.000000	172;
243.553665	94.391708	241.610001	3668.800049	8564.000000	172;
344.069031	56.886276	244.190002	4249.209961	361.000000	173;
327.485260	70.004860	32.910000	4249.209961	306.000000	173;
330.485840	94.513474	14.470000	4249.209961	338.000000	173;
342.996033	55.992672	113.250000	4666.330078	484.000000	174;
232.935776	97.938316	844.960022	4666.330078	8564.000000	174;
331.483398	93.507111	14.770000	4666.330078	317.000000	174;
340.558502	54.996906	255.250000	6268.600098	324.000000	175;
257.849701	95.928436	1479.579956	6268.600098	2080.000000	175;
257.849701	95.928436	1479.579956	6268.600098	2080.000000	175;
257.849701	95.928436	1479.579956	6268.600098	2080.000000	175;
309.947296	31.944618	156.910004	6268.600098	2081.000000	175;
287.336060	91.900291	839.530029	6269.560059	821.000000	176;
340.704468	54.011799	196.619995	6269.560059	289.000000	176;
242.175400	98.942909	191.110001	6269.560059	7925.000000	176;
353.439026	51.829979	247.320007	6396.390137	81.000000	177;
293.668610	95.084953	1357.849976	6396.390137	965.000000	177;
293.668610	95.084953	1357.849976	6396.390137	965.000000	177;
293.668610	95.084953	1357.849976	6396.390137	965.000000	177;
446.693604	221.207428	2756.610107	6396.390137	21577.000000	177;
446.693604	221.207428	2756.610107	6396.390137	21577.000000	177;
446.693604	221.207428	2756.610107	6396.390137	21577.000000	177;
446.693604	221.207428	2756.610107	6396.390137	21577.000000	177;
446.693604	221.207428	2756.610107	6396.390137	21577.000000	177;
352.581299	53.968060	209.460007	5847.129883	16.000000	178;
294.734070	94.661636	1273.670044	5847.129883	985.000000	178;
294.734070	94.661636	1273.670044	5847.129883	985.000000	178;
294.734070	94.661636	1273.670044	5847.129883	985.000000	178;
417.667542	227.634872	1489.680054	5847.129883	25433.000000	178;
417.667542	227.634872	1489.680054	5847.129883	25433.000000	178;
417.667542	227.634872	1489.680054	5847.129883	25433.000000	178;
353.606964	53.971714	163.679993	5406.419922	53.000000	179;
303.044922	91.916153	980.760010	5406.419922	601.000000	179;
303.044922	91.916153	980.760010	5406.419922	601.000000	179;
303.044922	91.916153	980.760010	5406.419922	601.000000	179;
464.501678	217.062668	2143.570068	5406.419922	24133.000000	179;
464.501678	217.062668	2143.570068	5406.419922	24133.000000	179;
464.501678	217.062668	2143.570068	5406.419922	24133.000000	179;
346.514893	57.081902	440.899994	6162.060059	0.000000	180;
306.258392	93.034752	317.959991	6162.060059	1125.000000	180;
464.010468	216.044296	1857.420044	6162.060059	27245.000000	180;
464.010468	216.044296	1857.420044	6162.060059	27245.000000	180;
464.010468	216.044296	1857.420044	6162.060059	27245.000000	180;
343.650848	57.289169	443.269989	7738.959961	36.000000	181;
299.536743	95.516136	80.559998	7738.959961	1665.000000	181;
280.006134	91.009636	133.899994	7738.959961	2962.000000	181;
342.454773	55.868000	231.740005	7737.910156	64.000000	182;
188.626343	140.008926	1108.239990	7737.910156	19485.000000	182;
284.862793	89.960770	136.639999	7737.910156	2762.000000	182;
341.618744	53.961285	156.009995	7260.490234	16.000000	183;
453.117096	216.493347	2111.360107	7260.490234	24545.000000	183;
453.117096	216.493347	2111.360107	7260.490234	24545.000000	183;
453.117096	216.493347	2111.360107	7260.490234	24545.000000	183;
197.075470	139.081436	863.549988	7260.490234	18932.000000	183;
341.243500	54.377293	213.839996	8140.390137	4.000000	184;
308.013489	86.481651	108.190002	8140.390137	1201.000000	184;
194.505417	139.032135	927.770020	8140.390137	19314.000000	184;
342.049835	53.436619	198.250000	8568.080078	81.000000	185;
453.711456	216.837784	2090.820068	8568.080078	22802.000000	185;
453.711456	216.837784	2090.820068	8568.080078	22802.000000	185;
453.711456	216.837784	2090.820068	8568.080078	22802.000000	185;
323.985168	93.009888	52.580002	8568.080078	901.000000	185;
340.548553	53.363129	350.619995	8402.780273	16.000000	186;
215.135620	130.288177	401.559998	8402.780273	15889.000000	186;
321.981476	96.509033	21.590000	8402.780273	1352.000000	186;
340.310242	53.344177	237.610001	8726.299805	16.000000	187;
449.779144	216.543961	2074.459961	8726.299805	23930.000000	187;
449.779144	216.543961	2074.459961	8726.299805	23930.000000	187;
449.779144	216.543961	2074.459961	8726.299805	23930.000000	187;
221.237854	128.517639	458.929993	8726.299805	14125.000000	187;
340.427216	52.389324	289.220001	9625.320313	196.000000	188;
371.151672	87.998695	168.979996	9625.320313	617.000000	188;
449.630249	216.204636	1857.900024	9625.320313	21361.000000	188;
449.630249	216.204636	1857.900024	9625.320313	21361.000000	188;
449.630249	216.204636	1857.900024	9625.320313	21361.000000	188;
340.624786	51.915646	346.750000	10799.769531	144.000000	189;
371.930420	87.952316	260.869995	10799.769531	773.000000	189;
340.328247	52.694206	393.500000	11369.089844	100.000000	190;
369.577515	87.928368	305.170013	11369.089844	689.000000	190;
472.915894	209.580734	758.179993	11369.089844	29674.000000	190;
338.806915	52.713383	386.510010	12106.780273	121.000000	191;
369.352783	88.026100	282.730011	12106.780273	740.000000	191;
446.468628	215.601303	2768.729980	12106.780273	19970.000000	191;
446.468628	215.601303	2768.729980	12106.780273	19970.000000	191;
446.468628	215.601303	2768.729980	12106.780273	19970.000000	191;
390.832397	232.359116	6038.540039	13610.679688	18769.000000	192;
390.832397	232.359116	6038.540039	13610.679688	18769.000000	192;
390.832397	232.359116	6038.540039	13610.679688	18769.000000	192;
390.832397	232.359116	6038.540039	13610.679688	18769.000000	192;
390.832397	232.359116	6038.540039	13610.679688	18769.000000	192;
390.832397	232.359116	6038.540039	13610.679688	18769.000000	192;
390.832397	232.359116	6038.540039	13610.679688	18769.000000	192;
390.832397	232.359116	6038.540039	13610.679688	18769.000000	192;
390.832397	232.359116	6038.540039	13610.679688	18769.000000	192;
340.518250	52.958019	134.589996	13610.679688	592.000000	192;
213.282272	122.647461	226.979996	13610.679688	17729.000000	192;
356.497467	56.933876	196.449997	13455.059570	64.000000	193;
475.218018	234.858063	1738.650024	13455.059570	29521.000000	193;
475.218018	234.858063	1738.650024	13455.059570	29521.000000	193;
475.218018	234.858063	1738.650024	13455.059570	29521.000000	193;
289.937164	249.981949	1421.500000	13455.059570	31450.000000	193;
289.937164	249.981949	1421.500000	13455.059570	31450.000000	193;
289.937164	249.981949	1421.500000	13455.059570	31450.000000	193;
300.977783	50.943546	231.690002	7658.379883	261.000000	194;
413.514587	222.159912	6537.629883	7658.379883	18496.000000	194;
413.514587	222.159912	6537.629883	7658.379883	18496.000000	194;
413.514587	222.159912	6537.629883	7658.379883	18496.000000	194;
413.514587	222.159912	6537.629883	7658.379883	18496.000000	194;
413.514587	222.159912	6537.629883	7658.379883	18496.000000	194;
413.514587	222.159912	6537.629883	7658.379883	18496.000000	194;
413.514587	222.159912	6537.629883	7658.379883	18496.000000	194;
413.514587	222.159912	6537.629883	7658.379883	18496.000000	194;
413.514587	222.159912	6537.629883	7658.379883	18496.000000	194;
274.967102	92.981415	39.820000	7658.379883	2210.000000	194;
];