ImageX	ImageY	BModeResponse	DopplerResponse	DopplerCentroidDistance	frame
[
310.929718	42.000000	-107374176.000000	-107374176.000000	-107374176.000000	2;
309.814819	40.000000	-107374176.000000	-107374176.000000	-107374176.000000	3;
308.609314	40.000000	-107374176.000000	-107374176.000000	-107374176.000000	4;
311.475586	40.000000	-107374176.000000	-107374176.000000	-107374176.000000	5;
316.505890	42.000000	-107374176.000000	-107374176.000000	-107374176.000000	6;
315.457581	40.000000	-107374176.000000	-107374176.000000	-107374176.000000	7;
315.943085	40.000000	-107374176.000000	-107374176.000000	-107374176.000000	8;
313.193756	42.000000	-107374176.000000	-107374176.000000	-107374176.000000	9;
314.987335	42.000000	-107374176.000000	-107374176.000000	-107374176.000000	10;
313.392456	42.000000	-107374176.000000	-107374176.000000	-107374176.000000	11;
313.967896	43.000000	-107374176.000000	-107374176.000000	-107374176.000000	12;
310.992310	43.000000	-107374176.000000	-107374176.000000	-107374176.000000	13;
313.043243	43.000000	-107374176.000000	-107374176.000000	-107374176.000000	14;
311.814819	43.000000	-107374176.000000	-107374176.000000	-107374176.000000	15;
311.279114	43.000000	-107374176.000000	-107374176.000000	-107374176.000000	16;
310.261200	44.000000	-107374176.000000	-107374176.000000	-107374176.000000	17;
330.480347	43.000000	-107374176.000000	-107374176.000000	-107374176.000000	18;
337.276642	46.000000	-107374176.000000	-107374176.000000	-107374176.000000	19;
336.830414	44.000000	-107374176.000000	-107374176.000000	-107374176.000000	20;
341.885101	50.000000	-107374176.000000	-107374176.000000	-107374176.000000	21;
339.395203	49.000000	-107374176.000000	-107374176.000000	-107374176.000000	22;
349.643585	49.000000	-107374176.000000	-107374176.000000	-107374176.000000	23;
351.518494	50.000000	-107374176.000000	-107374176.000000	-107374176.000000	24;
356.648712	47.000000	-107374176.000000	-107374176.000000	-107374176.000000	25;
354.971436	48.000000	-107374176.000000	-107374176.000000	-107374176.000000	26;
356.067352	50.000000	-107374176.000000	-107374176.000000	-107374176.000000	27;
356.384949	47.000000	-107374176.000000	-107374176.000000	-107374176.000000	28;
353.257904	49.000000	-107374176.000000	-107374176.000000	-107374176.000000	29;
353.533264	52.000000	-107374176.000000	-107374176.000000	-107374176.000000	30;
346.627869	52.000000	-107374176.000000	-107374176.000000	-107374176.000000	31;
338.925903	50.000000	-107374176.000000	-107374176.000000	-107374176.000000	32;
333.410156	45.000000	-107374176.000000	-107374176.000000	-107374176.000000	33;
333.757324	52.000000	-107374176.000000	-107374176.000000	-107374176.000000	34;
337.606354	45.000000	-107374176.000000	-107374176.000000	-107374176.000000	35;
333.258301	45.000000	-107374176.000000	-107374176.000000	-107374176.000000	36;
324.315582	46.000000	-107374176.000000	-107374176.000000	-107374176.000000	37;
333.505371	49.000000	-107374176.000000	-107374176.000000	-107374176.000000	38;
332.882629	48.000000	-107374176.000000	-107374176.000000	-107374176.000000	39;
332.668060	54.000000	-107374176.000000	-107374176.000000	-107374176.000000	40;
325.794769	57.000000	-107374176.000000	-107374176.000000	-107374176.000000	41;
322.936859	58.000000	-107374176.000000	-107374176.000000	-107374176.000000	42;
320.276520	56.000000	-107374176.000000	-107374176.000000	-107374176.000000	43;
324.434509	47.000000	-107374176.000000	-107374176.000000	-107374176.000000	44;
326.271484	63.000000	-107374176.000000	-107374176.000000	-107374176.000000	45;
322.932800	53.000000	-107374176.000000	-107374176.000000	-107374176.000000	46;
324.668091	51.000000	-107374176.000000	-107374176.000000	-107374176.000000	47;
328.141876	68.000000	-107374176.000000	-107374176.000000	-107374176.000000	48;
326.161926	57.000000	-107374176.000000	-107374176.000000	-107374176.000000	49;
327.304901	52.000000	-107374176.000000	-107374176.000000	-107374176.000000	50;
323.664734	48.000000	-107374176.000000	-107374176.000000	-107374176.000000	51;
323.258301	46.000000	-107374176.000000	-107374176.000000	-107374176.000000	52;
318.520233	47.000000	-107374176.000000	-107374176.000000	-107374176.000000	53;
319.570953	75.000000	-107374176.000000	-107374176.000000	-107374176.000000	54;
318.513947	55.000000	-107374176.000000	-107374176.000000	-107374176.000000	55;
316.805664	62.000000	-107374176.000000	-107374176.000000	-107374176.000000	56;
311.066956	51.000000	-107374176.000000	-107374176.000000	-107374176.000000	57;
309.713959	56.000000	-107374176.000000	-107374176.000000	-107374176.000000	58;
311.280121	74.000000	-107374176.000000	-107374176.000000	-107374176.000000	59;
312.924774	74.000000	-107374176.000000	-107374176.000000	-107374176.000000	60;
312.382294	50.000000	-107374176.000000	-107374176.000000	-107374176.000000	61;
314.887024	52.000000	-107374176.000000	-107374176.000000	-107374176.000000	62;
314.244019	52.000000	-107374176.000000	-107374176.000000	-107374176.000000	63;
321.293060	52.000000	-107374176.000000	-107374176.000000	-107374176.000000	64;
325.483826	56.000000	-107374176.000000	-107374176.000000	-107374176.000000	65;
323.868988	57.000000	-107374176.000000	-107374176.000000	-107374176.000000	66;
325.246857	55.000000	-107374176.000000	-107374176.000000	-107374176.000000	67;
327.378204	67.000000	-107374176.000000	-107374176.000000	-107374176.000000	68;
330.891144	75.000000	-107374176.000000	-107374176.000000	-107374176.000000	69;
335.179718	81.000000	-107374176.000000	-107374176.000000	-107374176.000000	70;
342.576080	87.000000	-107374176.000000	-107374176.000000	-107374176.000000	71;
341.526886	83.000000	-107374176.000000	-107374176.000000	-107374176.000000	72;
435.580536	145.000000	-107374176.000000	-107374176.000000	-107374176.000000	80;
430.463867	150.000000	-107374176.000000	-107374176.000000	-107374176.000000	81;
340.754730	121.000000	-107374176.000000	-107374176.000000	-107374176.000000	84;
361.307831	135.000000	-107374176.000000	-107374176.000000	-107374176.000000	85;
353.591705	135.000000	-107374176.000000	-107374176.000000	-107374176.000000	86;
354.844177	108.000000	-107374176.000000	-107374176.000000	-107374176.000000	87;
341.571655	103.000000	-107374176.000000	-107374176.000000	-107374176.000000	88;
340.541565	103.000000	-107374176.000000	-107374176.000000	-107374176.000000	89;
335.061890	99.000000	-107374176.000000	-107374176.000000	-107374176.000000	90;
343.702637	100.000000	-107374176.000000	-107374176.000000	-107374176.000000	91;
346.761047	99.000000	-107374176.000000	-107374176.000000	-107374176.000000	92;
351.222534	98.000000	-107374176.000000	-107374176.000000	-107374176.000000	93;
347.913330	92.000000	-107374176.000000	-107374176.000000	-107374176.000000	94;
346.360321	74.000000	-107374176.000000	-107374176.000000	-107374176.000000	95;
356.534363	79.000000	-107374176.000000	-107374176.000000	-107374176.000000	96;
351.467163	68.000000	-107374176.000000	-107374176.000000	-107374176.000000	97;
351.397614	68.000000	-107374176.000000	-107374176.000000	-107374176.000000	98;
356.245880	78.000000	-107374176.000000	-107374176.000000	-107374176.000000	99;
356.968018	80.000000	-107374176.000000	-107374176.000000	-107374176.000000	100;
354.918335	78.000000	-107374176.000000	-107374176.000000	-107374176.000000	101;
358.139221	79.000000	-107374176.000000	-107374176.000000	-107374176.000000	102;
360.203156	78.000000	-107374176.000000	-107374176.000000	-107374176.000000	103;
359.122681	76.000000	-107374176.000000	-107374176.000000	-107374176.000000	104;
363.162201	85.000000	-107374176.000000	-107374176.000000	-107374176.000000	105;
359.956635	71.000000	-107374176.000000	-107374176.000000	-107374176.000000	106;
360.906952	67.000000	-107374176.000000	-107374176.000000	-107374176.000000	107;
350.432037	68.000000	-107374176.000000	-107374176.000000	-107374176.000000	108;
344.920837	55.000000	-107374176.000000	-107374176.000000	-107374176.000000	109;
352.113708	70.000000	-107374176.000000	-107374176.000000	-107374176.000000	110;
349.512634	61.000000	-107374176.000000	-107374176.000000	-107374176.000000	111;
344.959778	53.000000	-107374176.000000	-107374176.000000	-107374176.000000	112;
346.507874	65.000000	-107374176.000000	-107374176.000000	-107374176.000000	113;
341.571960	64.000000	-107374176.000000	-107374176.000000	-107374176.000000	114;
343.375763	71.000000	-107374176.000000	-107374176.000000	-107374176.000000	115;
343.148956	68.000000	-107374176.000000	-107374176.000000	-107374176.000000	116;
344.297394	69.000000	-107374176.000000	-107374176.000000	-107374176.000000	117;
343.306488	70.000000	-107374176.000000	-107374176.000000	-107374176.000000	118;
339.832214	64.000000	-107374176.000000	-107374176.000000	-107374176.000000	119;
338.639435	64.000000	-107374176.000000	-107374176.000000	-107374176.000000	120;
341.831055	66.000000	-107374176.000000	-107374176.000000	-107374176.000000	121;
342.081451	57.000000	-107374176.000000	-107374176.000000	-107374176.000000	122;
340.632324	59.000000	-107374176.000000	-107374176.000000	-107374176.000000	123;
343.311523	66.000000	-107374176.000000	-107374176.000000	-107374176.000000	124;
344.122528	61.000000	-107374176.000000	-107374176.000000	-107374176.000000	125;
345.701660	63.000000	-107374176.000000	-107374176.000000	-107374176.000000	126;
336.489441	50.000000	-107374176.000000	-107374176.000000	-107374176.000000	127;
336.521698	49.000000	-107374176.000000	-107374176.000000	-107374176.000000	128;
335.589935	49.000000	-107374176.000000	-107374176.000000	-107374176.000000	129;
334.108856	50.000000	-107374176.000000	-107374176.000000	-107374176.000000	130;
332.778320	51.000000	-107374176.000000	-107374176.000000	-107374176.000000	131;
326.809418	53.000000	-107374176.000000	-107374176.000000	-107374176.000000	132;
329.503021	52.000000	-107374176.000000	-107374176.000000	-107374176.000000	133;
324.217438	51.000000	-107374176.000000	-107374176.000000	-107374176.000000	134;
324.825623	51.000000	-107374176.000000	-107374176.000000	-107374176.000000	135;
325.647919	50.000000	-107374176.000000	-107374176.000000	-107374176.000000	136;
322.376465	48.000000	-107374176.000000	-107374176.000000	-107374176.000000	137;
323.491180	48.000000	-107374176.000000	-107374176.000000	-107374176.000000	138;
320.020905	48.000000	-107374176.000000	-107374176.000000	-107374176.000000	139;
324.329590	46.000000	-107374176.000000	-107374176.000000	-107374176.000000	140;
326.779633	48.000000	-107374176.000000	-107374176.000000	-107374176.000000	141;
325.834106	47.000000	-107374176.000000	-107374176.000000	-107374176.000000	142;
323.381714	48.000000	-107374176.000000	-107374176.000000	-107374176.000000	143;
322.843445	48.000000	-107374176.000000	-107374176.000000	-107374176.000000	144;
323.537506	46.000000	-107374176.000000	-107374176.000000	-107374176.000000	145;
327.778748	44.000000	-107374176.000000	-107374176.000000	-107374176.000000	146;
329.759399	45.000000	-107374176.000000	-107374176.000000	-107374176.000000	147;
329.580231	44.000000	-107374176.000000	-107374176.000000	-107374176.000000	148;
331.320404	42.000000	-107374176.000000	-107374176.000000	-107374176.000000	149;
330.526398	41.000000	-107374176.000000	-107374176.000000	-107374176.000000	150;
334.821228	42.000000	-107374176.000000	-107374176.000000	-107374176.000000	151;
330.363403	41.000000	-107374176.000000	-107374176.000000	-107374176.000000	152;
335.662323	41.000000	-107374176.000000	-107374176.000000	-107374176.000000	153;
343.770233	47.000000	-107374176.000000	-107374176.000000	-107374176.000000	154;
340.554779	52.000000	-107374176.000000	-107374176.000000	-107374176.000000	155;
346.532166	53.000000	-107374176.000000	-107374176.000000	-107374176.000000	156;
345.067291	55.000000	-107374176.000000	-107374176.000000	-107374176.000000	157;
348.587219	55.000000	-107374176.000000	-107374176.000000	-107374176.000000	158;
340.982208	53.000000	-107374176.000000	-107374176.000000	-107374176.000000	159;
341.284760	51.000000	-107374176.000000	-107374176.000000	-107374176.000000	160;
342.116119	52.000000	-107374176.000000	-107374176.000000	-107374176.000000	161;
339.772827	54.000000	-107374176.000000	-107374176.000000	-107374176.000000	162;
347.344391	60.000000	-107374176.000000	-107374176.000000	-107374176.000000	163;
347.214417	62.000000	-107374176.000000	-107374176.000000	-107374176.000000	164;
348.926147	60.000000	-107374176.000000	-107374176.000000	-107374176.000000	165;
346.160004	52.000000	-107374176.000000	-107374176.000000	-107374176.000000	166;
339.450317	50.000000	-107374176.000000	-107374176.000000	-107374176.000000	167;
345.762268	51.000000	-107374176.000000	-107374176.000000	-107374176.000000	168;
346.373993	50.000000	-107374176.000000	-107374176.000000	-107374176.000000	169;
350.502472	50.000000	-107374176.000000	-107374176.000000	-107374176.000000	170;
345.681915	49.000000	-107374176.000000	-107374176.000000	-107374176.000000	171;
347.526154	49.000000	-107374176.000000	-107374176.000000	-107374176.000000	172;
346.479462	51.000000	-107374176.000000	-107374176.000000	-107374176.000000	173;
348.004852	57.000000	-107374176.000000	-107374176.000000	-107374176.000000	174;
337.330261	52.000000	-107374176.000000	-107374176.000000	-107374176.000000	175;
338.155060	49.000000	-107374176.000000	-107374176.000000	-107374176.000000	176;
351.497772	46.000000	-107374176.000000	-107374176.000000	-107374176.000000	177;
347.041412	45.000000	-107374176.000000	-107374176.000000	-107374176.000000	178;
343.587402	48.000000	-107374176.000000	-107374176.000000	-107374176.000000	179;
337.815399	43.000000	-107374176.000000	-107374176.000000	-107374176.000000	180;
339.498260	45.000000	-107374176.000000	-107374176.000000	-107374176.000000	181;
342.259460	48.000000	-107374176.000000	-107374176.000000	-107374176.000000	182;
338.161499	44.000000	-107374176.000000	-107374176.000000	-107374176.000000	183;
340.857727	41.000000	-107374176.000000	-107374176.000000	-107374176.000000	184;
344.360413	43.000000	-107374176.000000	-107374176.000000	-107374176.000000	185;
340.491180	41.000000	-107374176.000000	-107374176.000000	-107374176.000000	186;
338.737274	40.000000	-107374176.000000	-107374176.000000	-107374176.000000	187;
343.088806	41.000000	-107374176.000000	-107374176.000000	-107374176.000000	188;
340.379028	41.000000	-107374176.000000	-107374176.000000	-107374176.000000	189;
338.960724	42.000000	-107374176.000000	-107374176.000000	-107374176.000000	190;
337.584381	42.000000	-107374176.000000	-107374176.000000	-107374176.000000	191;
352.306061	47.000000	-107374176.000000	-107374176.000000	-107374176.000000	192;
355.548126	46.000000	-107374176.000000	-107374176.000000	-107374176.000000	193;
320.569244	43.000000	-107374176.000000	-107374176.000000	-107374176.000000	194;
];