ImageX	ImageY	BModeResponse	DopplerResponse	DopplerCentroidDistance	frame
[
358.216797	178.005035	224.279999	2405.810059	1.000000	2;
373.302948	128.454285	1999.829956	2405.810059	1156.000000	2;
373.302948	128.454285	1999.829956	2405.810059	1156.000000	2;
373.302948	128.454285	1999.829956	2405.810059	1156.000000	2;
382.992828	220.871246	409.630005	2405.810059	2089.000000	2;
357.993652	177.393448	176.539993	2137.250000	4.000000	3;
373.979218	128.278519	1689.719971	2137.250000	1156.000000	3;
373.979218	128.278519	1689.719971	2137.250000	1156.000000	3;
373.979218	128.278519	1689.719971	2137.250000	1156.000000	3;
378.871887	219.017532	270.950012	2137.250000	2125.000000	3;
357.987610	174.995895	136.449997	2214.780029	4.000000	4;
372.400696	125.878975	1706.369995	2214.780029	1225.000000	4;
372.400696	125.878975	1706.369995	2214.780029	1225.000000	4;
372.400696	125.878975	1706.369995	2214.780029	1225.000000	4;
379.173096	216.983307	233.009995	2214.780029	2194.000000	4;
357.353912	174.964066	94.879997	1734.689941	16.000000	5;
373.991364	127.959000	856.359985	1734.689941	1225.000000	5;
378.974915	217.487366	232.820007	1734.689941	2273.000000	5;
358.462219	173.959351	73.320000	1809.260010	9.000000	6;
376.842682	126.877930	737.940002	1809.260010	1369.000000	6;
384.573364	217.922424	444.089996	1809.260010	2152.000000	6;
358.493896	175.458328	246.050003	1446.069946	0.000000	7;
346.906036	196.476227	119.290001	1446.069946	554.000000	7;
380.477112	217.700424	216.639999	1446.069946	2061.000000	7;
358.441284	174.478775	278.859985	1403.140015	0.000000	8;
346.400848	195.934402	170.270004	1403.140015	484.000000	8;
384.126526	219.572830	507.510010	1403.140015	2125.000000	8;
358.649963	176.852890	225.669998	1260.250000	9.000000	9;
344.425690	197.083115	159.059998	1260.250000	601.000000	9;
381.194183	219.613297	448.940002	1260.250000	2152.000000	9;
358.056183	177.775070	246.470001	1191.520020	9.000000	10;
343.097778	197.989426	154.119995	1191.520020	625.000000	10;
377.492676	219.600143	304.760010	1191.520020	2141.000000	10;
357.809814	181.018524	235.919998	851.669983	25.000000	11;
343.089722	201.613815	282.010010	851.669983	592.000000	11;
377.724365	221.690628	237.190002	851.669983	2290.000000	11;
356.024536	180.440186	158.229996	1222.709961	36.000000	12;
340.994995	203.002777	269.790009	1222.709961	829.000000	12;
355.025208	141.493881	42.459999	1222.709961	785.000000	12;
354.233276	179.438278	105.889999	1441.640015	64.000000	13;
340.861786	200.323181	250.320007	1441.640015	865.000000	13;
356.441925	140.532211	115.949997	1441.640015	625.000000	13;
353.559906	179.072311	113.820000	1444.000000	37.000000	14;
365.611969	139.270844	463.959991	1444.000000	576.000000	14;
340.731384	201.076355	289.450012	1444.000000	829.000000	14;
359.958527	176.957489	106.089996	1625.199951	25.000000	15;
362.042206	140.198685	250.449997	1625.199951	576.000000	15;
339.337982	199.432724	221.940002	1625.199951	725.000000	15;
361.416016	175.462692	96.220001	1583.699951	16.000000	16;
369.275452	140.630020	492.700012	1583.699951	441.000000	16;
341.378510	198.855515	190.199997	1583.699951	701.000000	16;
361.821625	175.890106	192.899994	1693.609985	4.000000	17;
366.198029	137.159988	379.019989	1693.609985	784.000000	17;
341.816864	199.536285	187.830002	1693.609985	701.000000	17;
362.184143	177.841934	199.339996	1791.739990	9.000000	18;
368.009277	136.854446	522.280029	1791.739990	784.000000	18;
340.031219	226.948669	175.529999	1791.739990	2965.000000	18;
362.155975	177.603256	367.799988	1796.260010	0.000000	19;
371.653015	136.947571	665.690002	1796.260010	784.000000	19;
302.057678	170.043259	156.520004	1796.260010	2209.000000	19;
364.755859	176.860855	375.130005	1485.849976	4.000000	20;
371.787506	137.506134	479.549988	1485.849976	784.000000	20;
333.435913	200.781967	294.350006	1485.849976	797.000000	20;
365.343506	177.713303	385.359985	1607.469971	0.000000	21;
381.811768	135.639420	986.440002	1607.469971	841.000000	21;
381.811768	135.639420	986.440002	1607.469971	841.000000	21;
381.811768	135.639420	986.440002	1607.469971	841.000000	21;
330.894043	199.186325	199.220001	1607.469971	1105.000000	21;
362.506195	177.926773	93.540001	1277.589966	64.000000	22;
376.571777	138.454132	698.169983	1277.589966	484.000000	22;
329.286926	196.100433	147.460007	1277.589966	1160.000000	22;
360.793701	177.404495	171.990005	1657.910034	1.000000	23;
372.980347	141.001587	612.780029	1657.910034	676.000000	23;
369.693359	197.179565	111.209999	1657.910034	457.000000	23;
369.094086	175.739090	628.400024	1722.310059	0.000000	24;
362.723694	143.620712	461.329987	1722.310059	529.000000	24;
373.784302	198.831161	93.699997	1722.310059	740.000000	24;
366.761627	177.450043	618.909973	1800.030029	0.000000	25;
365.977417	144.987091	202.289993	1800.030029	841.000000	25;
325.221802	199.391235	168.570007	1800.030029	890.000000	25;
367.287750	177.901031	545.109985	1557.829956	1.000000	26;
358.900391	145.397278	458.250000	1557.829956	441.000000	26;
327.132935	196.646713	172.720001	1557.829956	884.000000	26;
363.564880	178.889603	421.369995	1492.260010	0.000000	27;
358.928680	144.454987	762.830017	1492.260010	484.000000	27;
328.291412	199.441742	125.910004	1492.260010	970.000000	27;
366.837372	178.209625	217.809998	1007.190002	61.000000	28;
342.932098	145.943619	200.270004	1007.190002	400.000000	28;
411.256439	167.879013	270.510010	1007.190002	1521.000000	28;
363.046234	178.331772	341.799988	1408.699951	9.000000	29;
343.769379	146.443558	146.250000	1408.699951	485.000000	29;
407.379242	168.052170	267.220001	1408.699951	1156.000000	29;
362.763458	178.815430	490.420013	1502.959961	0.000000	30;
345.925171	146.484985	157.259995	1502.959961	529.000000	30;
326.421875	200.809860	236.660004	1502.959961	937.000000	30;
362.832214	179.161789	477.769989	1656.250000	4.000000	31;
349.895477	147.024597	521.260010	1656.250000	361.000000	31;
324.708313	201.010361	263.500000	1656.250000	986.000000	31;
361.554077	178.081055	333.970001	1824.589966	0.000000	32;
340.538208	149.070297	519.469971	1824.589966	529.000000	32;
325.234650	201.841934	294.739990	1824.589966	929.000000	32;
368.232635	178.699005	264.790009	1518.439941	4.000000	33;
338.204987	149.075638	531.359985	1518.439941	409.000000	33;
348.485504	179.011093	39.689999	1518.439941	52.000000	33;
369.121246	178.082932	297.250000	1578.939941	68.000000	34;
335.810883	148.987061	629.880005	1578.939941	256.000000	34;
349.928436	178.504791	84.550003	1578.939941	36.000000	34;
333.914917	149.981369	624.789978	1242.890015	256.000000	35;
349.850891	179.967850	94.559998	1242.890015	49.000000	35;
374.824524	175.879333	169.720001	1242.890015	362.000000	35;
333.203949	152.913101	418.100006	1131.869995	289.000000	36;
376.250305	175.561401	231.399994	1131.869995	361.000000	36;
323.998779	202.450974	122.910004	1131.869995	965.000000	36;
330.599762	153.370483	713.190002	1153.219971	169.000000	37;
378.284546	174.217987	162.440002	1153.219971	625.000000	37;
319.023651	156.355301	262.649994	1055.310059	244.000000	38;
316.407257	208.136414	175.929993	1055.310059	1489.000000	38;
380.435852	174.463943	95.809998	1055.310059	1025.000000	38;
339.518646	177.990219	32.700001	791.520020	74.000000	39;
379.487915	173.948715	99.239998	791.520020	676.000000	39;
314.129883	209.289948	239.350006	791.520020	1873.000000	39;
373.295746	179.682541	806.200012	1229.739990	9.000000	40;
334.491577	153.483551	52.279999	1229.739990	481.000000	40;
371.323853	196.460846	62.189999	1229.739990	698.000000	40;
373.534943	180.479767	709.479980	1028.199951	9.000000	41;
308.459595	138.258377	155.199997	1028.199951	2500.000000	41;
335.010345	154.482605	31.910000	1028.199951	549.000000	41;
375.727631	181.284943	625.789978	886.010010	20.000000	42;
350.972992	155.515991	18.139999	886.010010	173.000000	42;
327.801544	154.027771	59.410000	886.010010	637.000000	42;
367.165741	181.465317	303.510010	879.059998	625.000000	43;
389.502106	172.534439	75.480003	879.059998	1090.000000	43;
305.344727	214.237183	176.869995	879.059998	5506.000000	43;
367.217651	180.864731	243.149994	804.830017	36.000000	44;
390.905182	173.517593	108.309998	804.830017	626.000000	44;
342.996307	205.040924	92.110001	804.830017	1210.000000	44;
368.336456	181.848541	242.649994	997.409973	64.000000	45;
395.021667	175.191666	105.180000	997.409973	592.000000	45;
344.091492	205.999466	55.849998	997.409973	1465.000000	45;
367.571869	180.710022	227.779999	727.640015	36.000000	46;
394.035309	176.391861	173.300003	727.640015	538.000000	46;
401.249481	159.074753	34.110001	727.640015	1237.000000	46;
381.046417	180.370331	621.830017	655.789978	25.000000	47;
297.663605	170.409164	37.099998	655.789978	4096.000000	47;
437.022217	174.954437	18.000000	655.789978	4786.000000	47;
381.905548	179.849625	619.390015	580.940002	25.000000	48;
381.343994	179.407547	659.599976	661.700012	16.000000	49;
296.216583	170.399261	43.029999	661.700012	3844.000000	49;
437.018646	175.007248	19.299999	661.700012	5200.000000	49;
367.512909	178.548691	149.190002	591.419983	45.000000	50;
399.329376	177.996506	294.630005	591.419983	866.000000	50;
294.500488	172.280304	93.290001	591.419983	3137.000000	50;
365.538788	176.039871	50.410000	329.899994	26.000000	51;
401.464386	177.120239	178.149994	329.899994	986.000000	51;
379.994690	189.489807	33.830002	329.899994	625.000000	51;
397.234253	181.480621	628.400024	297.790009	205.000000	52;
367.434235	175.937317	56.630001	297.790009	36.000000	52;
366.535645	174.913742	166.009995	323.410004	25.000000	53;
399.455841	182.137207	251.600006	323.410004	793.000000	53;
342.513123	173.513702	17.150000	323.410004	449.000000	53;
366.935699	176.536270	164.080002	369.859985	4.000000	54;
409.182251	173.375717	78.570000	369.859985	1369.000000	54;
367.258881	176.717392	241.320007	560.440002	5.000000	55;
409.102997	169.534821	23.690001	560.440002	961.000000	55;
367.605682	174.857483	120.970001	284.399994	9.000000	56;
369.729156	175.730011	226.559998	440.239990	25.000000	57;
370.363434	175.799133	285.109985	621.320007	49.000000	58;
417.099854	162.925232	41.060001	621.320007	2116.000000	58;
371.842926	175.020721	313.250000	606.719971	49.000000	59;
413.536835	155.470078	49.290001	606.719971	1616.000000	59;
370.058075	175.174820	282.809998	661.489990	49.000000	60;
412.288025	151.246780	168.250000	661.489990	1378.000000	60;
367.236572	173.132004	150.220001	1032.560059	9.000000	61;
346.046509	172.453369	40.849998	1032.560059	205.000000	61;
321.859680	173.230133	122.360001	1032.560059	1192.000000	61;
322.308411	173.871109	564.520020	800.599976	160.000000	62;
369.437531	171.514236	58.669998	800.599976	17.000000	62;
333.099335	237.470566	74.400002	800.599976	5570.000000	62;
314.454742	172.461761	541.159973	906.900024	520.000000	63;
373.444489	198.050507	114.650002	906.900024	1769.000000	63;
416.235870	144.558395	60.369999	906.900024	2713.000000	63;
312.102142	172.856674	703.630005	1259.599976	485.000000	64;
312.102142	172.856674	703.630005	1259.599976	485.000000	64;
312.102142	172.856674	703.630005	1259.599976	485.000000	64;
373.035858	198.497345	133.350006	1259.599976	1700.000000	64;
327.976959	229.637070	90.650002	1259.599976	6505.000000	64;
357.986481	154.019485	36.959999	2671.879883	0.000000	65;
299.340454	171.949036	456.829987	2671.879883	2125.000000	65;
344.515015	174.500290	33.959999	2671.879883	424.000000	65;
353.882416	154.419540	99.419998	3068.850098	9.000000	66;
394.493225	178.093307	212.089996	3068.850098	680.000000	66;
358.969635	166.493744	11.200000	3068.850098	36.000000	66;
353.206360	159.483109	359.670013	2593.659912	0.000000	67;
386.457306	179.909225	432.859985	2593.659912	337.000000	67;
407.980438	128.250519	451.589996	2593.659912	1445.000000	67;
351.426880	160.071030	531.619995	2348.199951	0.000000	68;
409.883484	129.158020	642.179993	2348.199951	1642.000000	68;
369.734467	181.626175	165.130005	2348.199951	676.000000	68;
346.961884	161.276093	665.450012	2197.489990	25.000000	69;
410.217621	129.075012	587.250000	2197.489990	2385.000000	69;
370.193085	180.908676	96.800003	2197.489990	1300.000000	69;
346.711121	160.404816	636.030029	2265.639893	25.000000	70;
358.494507	210.146210	489.899994	2265.639893	3249.000000	70;
402.870178	127.891678	272.609985	2265.639893	2804.000000	70;
348.719604	159.937653	303.480011	1647.660034	25.000000	71;
333.636505	226.602112	956.960022	1647.660034	4624.000000	71;
358.394684	189.537933	40.209999	1647.660034	1706.000000	71;
324.871460	230.745087	434.769989	1299.140015	5440.000000	72;
354.706757	229.164795	150.550003	1299.140015	5476.000000	72;
381.690155	129.860352	145.720001	398.440002	808.000000	73;
377.488220	171.497635	8.480000	398.440002	754.000000	73;
350.025360	138.969299	28.010000	127.660004	36.000000	74;
343.426178	128.526535	19.030001	21.180000	65.000000	75;
350.954468	139.487671	5.270000	21.180000	20.000000	75;
367.484863	196.507172	6.270000	26.620001	3821.000000	75;
];