ImageX	ImageY	BModeResponse	DopplerResponse	DopplerCentroidDistance	frame
[
358.468628	51.436863	310.989990	9870.980469	1.000000	2;
315.786896	139.946625	167.889999	9870.980469	9781.000000	2;
295.350037	95.449158	85.160004	9870.980469	6085.000000	2;
358.276855	50.998722	265.950012	9097.929688	4.000000	3;
315.890961	139.471786	187.179993	9097.929688	9864.000000	3;
246.894608	224.602097	637.609985	9097.929688	38029.000000	3;
360.004791	50.920795	233.320007	8960.650391	9.000000	4;
363.060455	239.639069	1194.939941	8960.650391	34596.000000	4;
363.060455	239.639069	1194.939941	8960.650391	34596.000000	4;
363.060455	239.639069	1194.939941	8960.650391	34596.000000	4;
244.788025	222.883316	522.330017	8960.650391	37673.000000	4;
355.257660	50.568535	290.940002	10124.309570	4.000000	5;
312.758484	139.967697	156.970001	10124.309570	9833.000000	5;
244.584702	224.790268	474.989990	10124.309570	38194.000000	5;
353.468262	50.465759	295.109985	9466.860352	9.000000	6;
311.256927	139.963684	132.449997	9466.860352	10093.000000	6;
243.425797	224.848434	485.089996	9466.860352	38372.000000	6;
352.321686	50.419792	298.290009	9119.809570	4.000000	7;
308.325531	138.903748	233.960007	9119.809570	9265.000000	7;
350.493744	239.610077	769.830017	9119.809570	35721.000000	7;
352.095276	49.688446	310.510010	8879.559570	9.000000	8;
306.742340	138.905746	288.179993	8879.559570	9602.000000	8;
239.995331	223.854294	480.059998	8879.559570	39076.000000	8;
351.438568	50.411049	303.760010	10087.160156	16.000000	9;
306.737152	139.294083	310.010010	10087.160156	9781.000000	9;
362.112915	241.444336	1137.300049	10087.160156	36481.000000	9;
362.112915	241.444336	1137.300049	10087.160156	36481.000000	9;
362.112915	241.444336	1137.300049	10087.160156	36481.000000	9;
351.190979	50.495979	320.859985	9419.549805	9.000000	10;
306.261597	140.004013	264.579987	9419.549805	9621.000000	10;
354.415710	240.683899	482.730011	9419.549805	36864.000000	10;
349.804718	50.085136	270.619995	10652.320313	9.000000	11;
347.071442	239.791046	749.799988	10652.320313	36100.000000	11;
306.698212	140.477875	187.160004	10652.320313	10170.000000	11;
350.406891	50.547482	300.429993	9993.209961	9.000000	12;
468.020172	255.114471	1284.810059	9993.209961	45833.000000	12;
468.020172	255.114471	1284.810059	9993.209961	45833.000000	12;
468.020172	255.114471	1284.810059	9993.209961	45833.000000	12;
307.258148	139.616531	213.550003	9993.209961	9544.000000	12;
351.368042	50.493980	306.489990	9630.120117	4.000000	13;
362.580322	241.512955	1129.089966	9630.120117	35721.000000	13;
362.580322	241.512955	1129.089966	9630.120117	35721.000000	13;
362.580322	241.512955	1129.089966	9630.120117	35721.000000	13;
307.733154	139.878845	291.929993	9630.120117	9290.000000	13;
351.590515	49.616398	285.190002	10004.019531	9.000000	14;
464.183746	253.138611	1305.650024	10004.019531	44900.000000	14;
464.183746	253.138611	1305.650024	10004.019531	44900.000000	14;
464.183746	253.138611	1305.650024	10004.019531	44900.000000	14;
305.773193	138.915512	263.220001	10004.019531	9544.000000	14;
342.758789	51.823040	501.700012	11009.559570	16.000000	15;
296.682129	143.981689	177.429993	11009.559570	10433.000000	15;
306.544281	55.377708	262.609985	11885.730469	25.000000	16;
335.424683	54.479263	66.309998	11885.730469	509.000000	16;
253.114914	100.464027	266.040009	11885.730469	4100.000000	16;
311.980652	54.414074	637.229980	9941.549805	36.000000	17;
247.865829	96.501480	186.190002	9941.549805	5204.000000	17;
302.838196	242.667206	500.279999	9941.549805	38025.000000	17;
305.470917	55.320992	491.200012	10947.219727	49.000000	18;
250.281235	96.950134	258.290009	10947.219727	4122.000000	18;
316.700439	246.906036	953.729980	10947.219727	38809.000000	18;
316.700439	246.906036	953.729980	10947.219727	38809.000000	18;
316.700439	246.906036	953.729980	10947.219727	38809.000000	18;
305.031555	53.820778	327.920013	9478.000000	64.000000	19;
251.093048	96.568405	302.299988	9478.000000	4201.000000	19;
259.052643	65.486984	105.239998	9478.000000	1962.000000	19;
304.906555	53.542122	269.329987	8972.669922	64.000000	20;
259.516998	65.480865	98.779999	8972.669922	2122.000000	20;
248.720276	96.463959	149.970001	8972.669922	5105.000000	20;
306.449463	53.909760	292.000000	8613.320313	81.000000	21;
236.556992	234.853394	919.030029	8613.320313	35993.000000	21;
236.556992	234.853394	919.030029	8613.320313	35993.000000	21;
236.556992	234.853394	919.030029	8613.320313	35993.000000	21;
248.447617	96.944893	106.519997	8613.320313	5513.000000	21;
306.452271	53.310913	262.709991	8741.889648	100.000000	22;
260.419708	65.008751	54.869999	8741.889648	1898.000000	22;
248.404083	95.957245	125.839996	8741.889648	5018.000000	22;
301.039185	53.518154	285.859985	9173.610352	144.000000	23;
357.061523	66.995247	138.839996	9173.610352	3485.000000	23;
236.210083	237.208893	828.280029	9173.610352	38165.000000	23;
236.210083	237.208893	828.280029	9173.610352	38165.000000	23;
236.210083	237.208893	828.280029	9173.610352	38165.000000	23;
290.355804	55.408459	283.920013	9070.419922	144.000000	24;
350.156158	68.951950	134.029999	9070.419922	4040.000000	24;
317.888275	249.035812	251.059998	9070.419922	42725.000000	24;
277.659302	57.933300	175.410004	8673.009766	100.000000	25;
247.795044	92.482941	104.360001	8673.009766	2425.000000	25;
335.332001	255.696320	944.729980	8673.009766	42386.000000	25;
335.332001	255.696320	944.729980	8673.009766	42386.000000	25;
335.332001	255.696320	944.729980	8673.009766	42386.000000	25;
265.195221	59.433689	110.239998	7567.660156	64.000000	26;
396.905029	128.897568	417.070007	7567.660156	17725.000000	26;
260.578247	58.986546	103.309998	7743.259766	100.000000	27;
398.952942	130.511536	728.479980	7743.259766	18628.000000	27;
260.157379	59.422462	125.360001	7391.540039	121.000000	28;
396.986420	130.394684	754.969971	7391.540039	18122.000000	28;
303.513092	96.504623	12.980000	7391.540039	3770.000000	28;
257.623718	59.943451	113.529999	7050.319824	100.000000	29;
277.293335	253.544067	2177.520020	7050.319824	39204.000000	29;
277.293335	253.544067	2177.520020	7050.319824	39204.000000	29;
277.293335	253.544067	2177.520020	7050.319824	39204.000000	29;
277.293335	253.544067	2177.520020	7050.319824	39204.000000	29;
277.293335	253.544067	2177.520020	7050.319824	39204.000000	29;
393.329346	131.064514	561.520020	7050.319824	20402.000000	29;
255.093109	59.443626	128.779999	6845.870117	100.000000	30;
234.522614	247.886398	2141.659912	6845.870117	36481.000000	30;
234.522614	247.886398	2141.659912	6845.870117	36481.000000	30;
234.522614	247.886398	2141.659912	6845.870117	36481.000000	30;
234.522614	247.886398	2141.659912	6845.870117	36481.000000	30;
234.522614	247.886398	2141.659912	6845.870117	36481.000000	30;
395.533691	133.155380	721.859985	6845.870117	20324.000000	30;
254.871887	59.453407	143.160004	7009.080078	64.000000	31;
233.593826	248.278625	1959.800049	7009.080078	36100.000000	31;
233.593826	248.278625	1959.800049	7009.080078	36100.000000	31;
233.593826	248.278625	1959.800049	7009.080078	36100.000000	31;
233.593826	248.278625	1959.800049	7009.080078	36100.000000	31;
233.593826	248.278625	1959.800049	7009.080078	36100.000000	31;
397.705750	134.683838	807.229980	7009.080078	20017.000000	31;
254.048035	60.442612	140.100006	7059.200195	25.000000	32;
393.642517	135.495514	877.770020	7059.200195	18925.000000	32;
232.260834	249.559647	1470.839966	7059.200195	35721.000000	32;
232.260834	249.559647	1470.839966	7059.200195	35721.000000	32;
232.260834	249.559647	1470.839966	7059.200195	35721.000000	32;
250.984009	61.434059	110.099998	7514.850098	9.000000	33;
294.236877	94.531631	565.840027	7514.850098	1649.000000	33;
387.809143	136.429413	882.429993	7514.850098	16861.000000	33;
244.472137	63.930500	103.739998	7536.140137	9.000000	34;
265.467529	257.979767	2099.689941	7536.140137	36481.000000	34;
265.467529	257.979767	2099.689941	7536.140137	36481.000000	34;
265.467529	257.979767	2099.689941	7536.140137	36481.000000	34;
265.467529	257.979767	2099.689941	7536.140137	36481.000000	34;
265.467529	257.979767	2099.689941	7536.140137	36481.000000	34;
390.852570	140.970505	498.700012	7536.140137	23245.000000	34;
241.052094	64.478058	193.679993	6963.930176	0.000000	35;
152.160736	247.057053	1619.020020	6963.930176	31850.000000	35;
152.160736	247.057053	1619.020020	6963.930176	31850.000000	35;
152.160736	247.057053	1619.020020	6963.930176	31850.000000	35;
306.958588	93.945747	126.080002	6963.930176	3754.000000	35;
238.698090	65.419289	217.679993	6592.120117	0.000000	36;
263.555054	97.492455	80.190002	6592.120117	1314.000000	36;
306.140991	93.176987	184.250000	6592.120117	3865.000000	36;
236.492126	65.964828	265.540009	7260.950195	0.000000	37;
270.227417	98.018623	169.110001	7260.950195	1241.000000	37;
311.953308	94.816772	220.759995	7260.950195	4801.000000	37;
237.982712	66.471985	231.869995	6913.899902	0.000000	38;
263.651031	261.381409	2609.239990	6913.899902	34596.000000	38;
263.651031	261.381409	2609.239990	6913.899902	34596.000000	38;
263.651031	261.381409	2609.239990	6913.899902	34596.000000	38;
263.651031	261.381409	2609.239990	6913.899902	34596.000000	38;
263.651031	261.381409	2609.239990	6913.899902	34596.000000	38;
272.164154	98.001663	72.070000	6913.899902	1690.000000	38;
238.057159	65.992500	181.419998	6226.899902	0.000000	39;
271.098297	98.840294	187.279999	6226.899902	1508.000000	39;
253.146698	258.810120	1119.180054	6226.899902	35344.000000	39;
253.146698	258.810120	1119.180054	6226.899902	35344.000000	39;
253.146698	258.810120	1119.180054	6226.899902	35344.000000	39;
237.300308	65.105560	189.270004	6543.540039	1.000000	40;
274.323395	97.995796	145.119995	6543.540039	1709.000000	40;
307.639191	97.526657	312.899994	6543.540039	4442.000000	40;
235.522263	64.569481	125.570000	6380.540039	0.000000	41;
309.919067	97.525764	392.230011	6380.540039	4210.000000	41;
197.859467	252.178665	1160.459961	6380.540039	32761.000000	41;
197.859467	252.178665	1160.459961	6380.540039	32761.000000	41;
197.859467	252.178665	1160.459961	6380.540039	32761.000000	41;
235.838257	65.028297	147.699997	6816.379883	0.000000	42;
270.148438	98.549255	97.550003	6816.379883	1665.000000	42;
217.059799	254.593567	1162.969971	6816.379883	33856.000000	42;
217.059799	254.593567	1162.969971	6816.379883	33856.000000	42;
217.059799	254.593567	1162.969971	6816.379883	33856.000000	42;
236.911499	65.482178	120.910004	6418.319824	1.000000	43;
273.865417	98.488106	248.369995	6418.319824	1381.000000	43;
188.778625	251.722992	553.760010	6418.319824	34852.000000	43;
188.778625	251.722992	553.760010	6418.319824	34852.000000	43;
188.778625	251.722992	553.760010	6418.319824	34852.000000	43;
238.482697	65.026062	141.600006	6407.089844	1.000000	44;
278.713013	98.435326	253.740005	6407.089844	1514.000000	44;
235.010925	257.045380	1806.010010	6407.089844	35344.000000	44;
235.010925	257.045380	1806.010010	6407.089844	35344.000000	44;
235.010925	257.045380	1806.010010	6407.089844	35344.000000	44;
235.010925	257.045380	1806.010010	6407.089844	35344.000000	44;
235.010925	257.045380	1806.010010	6407.089844	35344.000000	44;
243.487854	64.539444	126.760002	5803.240234	4.000000	45;
260.468353	8.256990	5049.259766	5803.240234	1936.000000	45;
260.468353	8.256990	5049.259766	5803.240234	1936.000000	45;
260.468353	8.256990	5049.259766	5803.240234	1936.000000	45;
260.468353	8.256990	5049.259766	5803.240234	1936.000000	45;
260.468353	8.256990	5049.259766	5803.240234	1936.000000	45;
260.468353	8.256990	5049.259766	5803.240234	1936.000000	45;
260.468353	8.256990	5049.259766	5803.240234	1936.000000	45;
260.468353	8.256990	5049.259766	5803.240234	1936.000000	45;
260.468353	8.256990	5049.259766	5803.240234	1936.000000	45;
260.468353	8.256990	5049.259766	5803.240234	1936.000000	45;
260.468353	8.256990	5049.259766	5803.240234	1936.000000	45;
283.438995	98.438469	321.140015	5803.240234	1417.000000	45;
247.363190	64.542336	124.589996	5931.270020	16.000000	46;
263.061646	8.344658	5378.520020	5931.270020	1764.000000	46;
263.061646	8.344658	5378.520020	5931.270020	1764.000000	46;
263.061646	8.344658	5378.520020	5931.270020	1764.000000	46;
263.061646	8.344658	5378.520020	5931.270020	1764.000000	46;
263.061646	8.344658	5378.520020	5931.270020	1764.000000	46;
263.061646	8.344658	5378.520020	5931.270020	1764.000000	46;
263.061646	8.344658	5378.520020	5931.270020	1764.000000	46;
263.061646	8.344658	5378.520020	5931.270020	1764.000000	46;
263.061646	8.344658	5378.520020	5931.270020	1764.000000	46;
263.061646	8.344658	5378.520020	5931.270020	1764.000000	46;
263.061646	8.344658	5378.520020	5931.270020	1764.000000	46;
288.023682	98.078545	355.339996	5931.270020	1769.000000	46;
250.477203	64.515656	117.540001	6158.379883	9.000000	47;
262.740112	8.799794	5990.189941	6158.379883	1764.000000	47;
262.740112	8.799794	5990.189941	6158.379883	1764.000000	47;
262.740112	8.799794	5990.189941	6158.379883	1764.000000	47;
262.740112	8.799794	5990.189941	6158.379883	1764.000000	47;
262.740112	8.799794	5990.189941	6158.379883	1764.000000	47;
262.740112	8.799794	5990.189941	6158.379883	1764.000000	47;
262.740112	8.799794	5990.189941	6158.379883	1764.000000	47;
262.740112	8.799794	5990.189941	6158.379883	1764.000000	47;
262.740112	8.799794	5990.189941	6158.379883	1764.000000	47;
262.740112	8.799794	5990.189941	6158.379883	1764.000000	47;
262.740112	8.799794	5990.189941	6158.379883	1764.000000	47;
289.212738	98.444519	270.559998	6158.379883	1730.000000	47;
250.883652	64.002533	157.800003	6282.720215	1.000000	48;
290.728485	98.458389	265.299988	6282.720215	1620.000000	48;
397.472595	142.993073	33.200001	6282.720215	25882.000000	48;
251.913071	63.961876	176.800003	6344.020020	0.000000	49;
292.241241	98.491119	280.950012	6344.020020	1549.000000	49;
212.293381	251.491760	419.940002	6344.020020	35453.000000	49;
253.679886	64.449577	104.120003	5652.390137	0.000000	50;
265.419800	8.508924	6262.220215	5652.390137	2116.000000	50;
265.419800	8.508924	6262.220215	5652.390137	2116.000000	50;
265.419800	8.508924	6262.220215	5652.390137	2116.000000	50;
265.419800	8.508924	6262.220215	5652.390137	2116.000000	50;
265.419800	8.508924	6262.220215	5652.390137	2116.000000	50;
265.419800	8.508924	6262.220215	5652.390137	2116.000000	50;
265.419800	8.508924	6262.220215	5652.390137	2116.000000	50;
265.419800	8.508924	6262.220215	5652.390137	2116.000000	50;
265.419800	8.508924	6262.220215	5652.390137	2116.000000	50;
265.419800	8.508924	6262.220215	5652.390137	2116.000000	50;
265.419800	8.508924	6262.220215	5652.390137	2116.000000	50;
294.419312	98.909805	339.720001	5652.390137	1556.000000	50;
252.632690	63.682308	171.110001	5182.310059	0.000000	51;
296.837006	98.604645	372.750000	5182.310059	1508.000000	51;
216.378799	252.055786	70.089996	5182.310059	36125.000000	51;
251.455811	64.050560	103.639999	4692.839844	1.000000	52;
297.836975	98.129868	358.510010	4692.839844	1476.000000	52;
251.951874	64.525360	162.059998	4094.929932	4.000000	53;
277.794159	8.403269	5558.009766	4094.929932	1764.000000	53;
277.794159	8.403269	5558.009766	4094.929932	1764.000000	53;
277.794159	8.403269	5558.009766	4094.929932	1764.000000	53;
277.794159	8.403269	5558.009766	4094.929932	1764.000000	53;
277.794159	8.403269	5558.009766	4094.929932	1764.000000	53;
277.794159	8.403269	5558.009766	4094.929932	1764.000000	53;
277.794159	8.403269	5558.009766	4094.929932	1764.000000	53;
277.794159	8.403269	5558.009766	4094.929932	1764.000000	53;
277.794159	8.403269	5558.009766	4094.929932	1764.000000	53;
297.307861	98.535301	340.670013	4094.929932	2125.000000	53;
251.011932	63.498344	69.529999	3591.050049	25.000000	54;
297.459839	96.988197	94.879997	3591.050049	2888.000000	54;
250.923096	63.160973	214.009995	3182.439941	9.000000	55;
308.134430	97.205894	556.690002	3182.439941	2098.000000	55;
357.123657	101.523529	204.820007	3182.439941	9781.000000	55;
246.198822	63.448139	151.940002	2876.250000	13.000000	56;
313.349182	97.661400	509.160004	2876.250000	2153.000000	56;
172.445511	25.951836	49.830002	2876.250000	7508.000000	56;
334.486542	97.509697	50.540001	3476.590088	8000.000000	57;
354.989441	102.983833	44.529999	3476.590088	12116.000000	57;
333.355927	97.943123	179.869995	3063.750000	6929.000000	58;
356.529999	103.494705	209.619995	3063.750000	11434.000000	58;
360.030273	103.924583	210.830002	2504.250000	11234.000000	59;
339.086792	97.533226	86.529999	2504.250000	7922.000000	59;
247.523178	62.983372	31.270000	2111.949951	68.000000	60;
247.518890	63.487526	14.030000	2440.510010	64.000000	61;
381.986206	102.130135	379.070007	2446.050049	13645.000000	63;
355.429688	97.476692	77.449997	2446.050049	9521.000000	63;
254.985870	60.502827	24.760000	2529.360107	41.000000	65;
261.520020	60.996803	65.690002	2415.860107	74.000000	66;
363.431305	96.491493	174.589996	2415.860107	8570.000000	66;
400.023254	103.987320	28.389999	2415.860107	18125.000000	66;
261.612396	60.985214	66.279999	2525.989990	25.000000	67;
265.991455	60.989113	51.439999	2311.360107	74.000000	68;
368.553864	96.406219	256.070007	2311.360107	8242.000000	68;
206.955460	19.493071	54.110001	2311.360107	4745.000000	68;
265.502319	60.991169	45.290001	2487.520020	74.000000	69;
368.980713	96.410263	248.550003	2487.520020	8082.000000	69;
404.278748	39.934212	137.110001	2487.520020	14544.000000	69;
265.010193	60.986259	50.939999	2408.969971	100.000000	70;
367.239410	95.998505	221.250000	2408.969971	7684.000000	70;
200.025467	19.009933	39.259998	2408.969971	6565.000000	70;
262.555908	60.054260	115.739998	2459.909912	25.000000	71;
366.246521	95.966179	221.479996	2459.909912	8082.000000	71;
399.584595	39.041130	34.279999	2459.909912	15325.000000	71;
261.945648	61.336552	219.490005	2590.320068	13.000000	72;
363.989929	95.918030	198.729996	2590.320068	8082.000000	72;
265.487732	59.519337	56.630001	2560.239990	32.000000	73;
365.019135	95.469322	163.619995	2560.239990	8161.000000	73;
265.442841	58.503571	83.980003	2856.879883	16.000000	74;
364.457001	95.461967	156.699997	2856.879883	8570.000000	74;
401.096741	39.052216	39.070000	2856.879883	16020.000000	74;
265.998535	57.986031	40.799999	2301.189941	1.000000	75;
360.641510	94.555725	83.709999	2301.189941	8938.000000	75;
264.125702	56.992558	72.550003	2698.520020	0.000000	76;
362.948425	94.540138	152.960007	2698.520020	8794.000000	76;
166.472000	17.025110	45.000000	2698.520020	10737.000000	76;
265.440399	56.540855	115.279999	2625.949951	0.000000	77;
362.956207	94.534325	152.789993	2625.949951	8450.000000	77;
266.038605	56.509018	126.400002	2441.110107	0.000000	78;
364.505402	94.950424	190.820007	2441.110107	8765.000000	78;
266.075195	56.466045	127.669998	2588.889893	1.000000	79;
365.072296	94.928673	196.839996	2588.889893	8314.000000	79;
172.484528	18.506824	21.980000	2588.889893	10436.000000	79;
267.514709	56.497311	104.120003	2584.040039	4.000000	80;
336.506897	43.495171	14.500000	2584.040039	4225.000000	80;
267.433655	56.521004	101.650002	2771.370117	0.000000	81;
366.665497	94.080437	183.369995	2771.370117	8521.000000	81;
336.498657	43.492607	14.880000	2771.370117	3965.000000	81;
265.968323	56.554790	78.570000	3257.080078	1.000000	82;
366.233032	94.024933	195.330002	3257.080078	8212.000000	82;
266.412567	57.558773	65.589996	2967.560059	8.000000	83;
366.757599	94.008957	236.589996	2967.560059	8005.000000	83;
208.467194	19.501413	35.360001	2967.560059	4689.000000	83;
265.960480	57.000496	60.459999	2216.139893	4.000000	84;
206.520187	19.003778	42.349998	2216.139893	4689.000000	84;
335.500336	42.505112	14.670000	2216.139893	4069.000000	84;
267.997833	55.502701	18.520000	2075.229980	0.000000	85;
365.864380	93.468193	149.020004	2075.229980	8794.000000	85;
208.004333	18.501900	18.430000	2075.229980	4850.000000	85;
266.994415	54.495205	107.389999	2104.250000	1.000000	86;
268.547028	54.468143	130.429993	1896.530029	0.000000	87;
371.660553	93.083466	198.880005	1896.530029	9040.000000	87;
270.908112	54.986443	191.759995	2558.610107	81.000000	88;
271.546356	55.462883	160.300003	2459.530029	1.000000	89;
270.009644	55.523659	137.800003	2652.489990	4.000000	90;
377.401917	92.469337	332.190002	2652.489990	9122.000000	90;
374.906860	136.982819	64.629997	2652.489990	14801.000000	90;
269.972534	56.527615	141.600006	2402.020020	1.000000	91;
370.449615	89.979919	179.289993	2402.020020	8009.000000	91;
400.957520	95.103264	97.230003	2402.020020	15250.000000	91;
271.056915	57.464733	118.949997	2459.290039	0.000000	92;
399.880280	94.559967	185.850006	2459.290039	14292.000000	92;
371.385193	89.990707	87.150002	2459.290039	8658.000000	92;
271.025696	58.442482	134.220001	2567.949951	0.000000	93;
276.956238	8.370777	4000.330078	2567.949951	1600.000000	93;
276.956238	8.370777	4000.330078	2567.949951	1600.000000	93;
276.956238	8.370777	4000.330078	2567.949951	1600.000000	93;
276.956238	8.370777	4000.330078	2567.949951	1600.000000	93;
276.956238	8.370777	4000.330078	2567.949951	1600.000000	93;
276.956238	8.370777	4000.330078	2567.949951	1600.000000	93;
276.956238	8.370777	4000.330078	2567.949951	1600.000000	93;
396.249146	94.354271	124.820000	2567.949951	14450.000000	93;
269.318420	62.209320	666.299988	2155.149902	0.000000	94;
201.798584	25.921869	216.559998	2155.149902	3812.000000	94;
358.614777	44.938770	231.259995	2155.149902	4420.000000	94;
271.604675	61.026802	486.119995	2124.790039	0.000000	95;
200.337448	21.859369	365.779999	2124.790039	4049.000000	95;
267.493896	71.491661	8.990000	2124.790039	100.000000	95;
269.661804	59.007099	87.320000	1896.180054	4.000000	96;
268.098724	59.266918	257.269989	1763.630005	0.000000	97;
298.286072	88.476051	93.330002	1763.630005	1157.000000	97;
377.923981	45.480888	367.029999	1763.630005	8116.000000	97;
266.742096	60.019306	208.729996	1505.849976	0.000000	98;
253.953003	81.032997	67.879997	1505.849976	505.000000	98;
255.210968	19.473974	65.320000	1505.849976	1369.000000	98;
262.810150	59.894318	123.580002	1226.219971	26.000000	99;
370.128021	46.111122	354.920013	1226.219971	6728.000000	99;
257.440094	82.491325	24.200001	1226.219971	850.000000	99;
263.705566	59.432522	146.050003	1440.910034	9.000000	100;
300.108765	95.369926	126.970001	1440.910034	1480.000000	100;
310.440582	67.416229	75.919998	1440.910034	949.000000	100;
264.116852	59.481888	102.699997	1107.239990	17.000000	101;
310.437988	67.498970	96.940002	1107.239990	833.000000	101;
298.145874	95.483078	112.570000	1107.239990	1450.000000	101;
263.974030	59.504066	94.709999	1247.969971	9.000000	102;
299.156677	96.582565	150.130005	1247.969971	1378.000000	102;
309.118927	68.084114	76.089996	1247.969971	866.000000	102;
263.177917	59.495579	68.970001	1442.229980	36.000000	103;
299.141144	96.502419	178.039993	1442.229980	1412.000000	103;
284.676178	112.420570	108.519997	1442.229980	2704.000000	103;
265.547668	60.002464	24.340000	1280.650024	16.000000	104;
298.058228	96.058174	177.740005	1280.650024	1313.000000	104;
377.234222	42.540730	611.619995	1280.650024	6596.000000	104;
263.681793	59.039032	154.240005	1173.739990	4.000000	105;
298.193481	96.539566	173.509995	1173.739990	1378.000000	105;
377.650116	42.406837	574.429993	1173.739990	6569.000000	105;
262.162262	59.494686	178.779999	1130.650024	9.000000	106;
297.311188	96.528404	152.250000	1130.650024	1381.000000	106;
377.851166	42.399181	606.940002	1130.650024	6228.000000	106;
263.089722	59.530148	168.839996	1051.130005	4.000000	107;
298.739655	99.087708	224.270004	1051.130005	1961.000000	107;
381.203522	41.500984	650.380005	1051.130005	7137.000000	107;
260.571869	60.006798	73.550003	757.789978	26.000000	108;
298.270752	99.235016	230.580002	757.789978	1186.000000	108;
382.805145	41.391571	544.270020	757.789978	7652.000000	108;
249.648666	59.512337	111.860001	628.969971	100.000000	109;
301.234711	103.412415	102.589996	628.969971	2129.000000	109;
256.016022	61.402218	138.059998	712.869995	64.000000	110;
285.000885	57.512867	11.270000	712.869995	64.000000	110;
302.711151	102.883568	223.130005	712.869995	1805.000000	110;
266.189331	72.000717	41.669998	933.909973	144.000000	111;
305.399536	100.836609	217.580002	933.909973	2025.000000	111;
254.492432	60.499496	9.910000	933.909973	170.000000	111;
267.765839	71.111404	114.449997	816.380005	49.000000	112;
306.677765	98.731354	225.020004	816.380005	2050.000000	112;
189.537216	113.907585	444.100006	816.380005	5553.000000	112;
271.454254	71.001236	80.879997	911.169983	81.000000	113;
191.814606	116.043526	533.940002	911.169983	6596.000000	113;
307.426025	97.635376	159.259995	911.169983	2056.000000	113;
267.266235	71.074829	106.110001	667.109985	81.000000	114;
306.855621	96.295349	170.240005	667.109985	2180.000000	114;
194.042496	110.242920	368.480011	667.109985	5570.000000	114;
267.490051	71.496544	72.300003	884.419983	121.000000	115;
193.165131	110.952354	455.019989	884.419983	5330.000000	115;
306.735718	95.415054	150.559998	884.419983	2545.000000	115;
269.413544	71.446014	52.980000	929.809998	121.000000	116;
197.605408	109.670898	636.830017	929.809998	4573.000000	116;
305.812347	95.284210	156.080002	929.809998	2113.000000	116;
254.752258	67.259323	477.239990	717.020020	9.000000	117;
304.852173	95.046661	195.440002	717.020020	2048.000000	117;
215.463486	109.230469	58.880001	210.550003	4517.000000	117;
191.928619	106.902588	674.770020	481.220001	4250.000000	118;
304.820251	95.151123	129.229996	481.220001	2610.000000	118;
261.476776	68.509201	11.410000	1043.689941	16.000000	119;
197.783676	109.321983	676.520020	1043.689941	3469.000000	119;
185.726913	108.320793	1170.430054	585.559998	3625.000000	120;
259.993652	69.003525	14.180000	585.559998	50.000000	120;
250.497726	61.996628	59.330002	1168.890015	0.000000	121;
184.396851	108.873169	1358.099976	1168.890015	3121.000000	121;
318.307068	120.462425	203.729996	1168.890015	5864.000000	121;
248.494019	62.501881	29.250000	715.900024	2.000000	122;
188.774124	108.269341	1034.040039	715.900024	3145.000000	122;
251.495636	62.507088	36.680000	999.719971	16.000000	123;
190.118225	107.122841	985.169983	999.719971	2458.000000	123;
313.283813	120.985390	405.190002	999.719971	4122.000000	123;
252.009689	62.504974	38.200001	522.130005	25.000000	124;
197.226486	106.206673	964.650024	522.130005	1600.000000	124;
251.408936	62.998985	49.250000	1072.979980	1.000000	125;
208.850815	105.135239	936.710022	1072.979980	1465.000000	125;
310.388885	121.350212	395.299988	1072.979980	4034.000000	125;
206.979492	103.580116	1066.530029	480.529999	1872.000000	126;
253.999832	63.033958	57.720001	1041.180054	9.000000	127;
202.946930	103.908554	1244.390015	1041.180054	1625.000000	127;
325.646912	122.179451	700.969971	1041.180054	3757.000000	127;
206.522766	103.748581	1162.829956	501.700012	2500.000000	128;
300.398438	22.955515	178.490005	501.700012	1424.000000	128;
209.417175	103.673645	807.869995	467.070007	2548.000000	129;
308.164398	22.968437	130.529999	467.070007	2249.000000	129;
253.845596	63.557129	137.759995	582.190002	25.000000	130;
308.086182	23.732626	351.529999	582.190002	1261.000000	130;
296.356964	64.473824	94.550003	582.190002	661.000000	130;
253.056610	64.509743	247.809998	335.170013	16.000000	131;
297.521149	64.516068	86.809998	335.170013	466.000000	131;
212.911591	99.763634	302.579987	335.170013	2500.000000	131;
251.802582	64.471596	140.460007	497.959991	73.000000	132;
216.066010	104.370697	991.539978	497.959991	2561.000000	132;
277.524261	108.508614	70.250000	497.959991	2813.000000	132;
252.771072	64.979904	225.880005	539.039978	36.000000	133;
212.261475	101.222366	418.279999	539.039978	2605.000000	133;
252.403931	64.973076	105.489998	607.090027	100.000000	134;
317.055084	23.924862	429.480011	607.090027	1625.000000	134;
214.761536	102.936531	480.230011	607.090027	3232.000000	134;
252.373016	64.554482	176.399994	494.390015	49.000000	135;
212.549469	103.365562	605.229980	494.390015	2465.000000	135;
315.712341	23.552359	476.899994	494.390015	2285.000000	135;
251.864441	65.383331	281.350006	511.559998	49.000000	136;
209.632202	103.762543	811.380005	511.559998	2465.000000	136;
285.113892	108.073257	252.410004	511.559998	2600.000000	136;
250.967987	65.360390	267.350006	514.109985	65.000000	137;
317.202057	24.350903	528.380005	514.109985	1513.000000	137;
347.992767	58.495556	30.370001	514.109985	6093.000000	137;
250.510284	64.897743	198.910004	509.790009	34.000000	138;
317.354553	24.024498	446.160004	509.790009	1861.000000	138;
209.256012	103.387886	498.779999	509.790009	3005.000000	138;
250.623322	64.930298	210.179993	636.830017	9.000000	139;
208.715973	105.364243	849.659973	636.830017	2165.000000	139;
287.522095	107.579536	222.660004	636.830017	2372.000000	139;
249.107574	65.403244	172.800003	481.410004	36.000000	140;
204.838089	103.012733	400.529999	481.410004	2810.000000	140;
315.568512	24.406275	301.839996	481.410004	2482.000000	140;
248.361664	65.353516	246.580002	1108.420044	9.000000	141;
208.068710	103.844124	622.659973	1108.420044	1970.000000	141;
282.581970	108.517899	51.669998	1108.420044	2788.000000	141;
247.351761	65.403366	224.360001	555.729980	25.000000	142;
202.462265	103.395256	475.769989	555.729980	3060.000000	142;
246.574066	65.017250	199.960007	379.549988	25.000000	143;
202.057129	102.771629	420.320007	379.549988	2837.000000	143;
325.078064	24.991600	57.139999	379.549988	5524.000000	143;
245.984344	65.491074	237.539993	441.339996	25.000000	144;
198.071823	102.919548	463.510010	441.339996	2788.000000	144;
244.120850	65.046608	213.899994	439.429993	16.000000	145;
202.119553	101.702705	291.429993	439.429993	2522.000000	145;
228.467316	110.453255	65.459999	200.330002	2657.000000	145;
242.383850	64.897438	208.940002	741.869995	49.000000	146;
202.969635	102.828766	575.640015	741.869995	2333.000000	146;
223.614304	89.970985	39.980000	741.869995	1413.000000	146;
240.861465	64.513313	149.500000	547.630005	49.000000	147;
207.707779	102.625183	554.880005	547.630005	2210.000000	147;
225.012314	90.496498	64.190002	547.630005	1378.000000	147;
240.495285	64.917549	213.940002	552.619995	49.000000	148;
210.453217	103.180717	657.210022	552.619995	1913.000000	148;
268.069214	94.071625	111.970001	552.619995	1825.000000	148;
240.422821	64.555489	263.279999	682.030029	4.000000	149;
213.752258	102.358322	521.260010	682.030029	1557.000000	149;
302.475983	57.976593	391.779999	682.030029	2704.000000	149;
239.521362	64.473907	266.739990	671.460022	1.000000	150;
216.723206	101.980957	307.230011	671.460022	1493.000000	150;
267.436554	95.003456	121.589996	671.460022	1508.000000	150;
237.542465	64.877960	316.130005	934.090027	9.000000	151;
216.681107	102.034721	132.490005	934.090027	953.000000	151;
234.493088	64.512573	130.850006	771.919983	9.000000	152;
186.058487	129.024490	111.480003	771.919983	5098.000000	152;
180.440094	64.991241	21.700001	771.919983	2818.000000	152;
230.097382	67.038086	549.070007	1006.929993	9.000000	153;
292.634521	89.752472	247.529999	1006.929993	2993.000000	153;
180.468277	130.675247	260.720001	1006.929993	6145.000000	153;
223.654694	62.241463	361.880005	1300.770020	49.000000	154;
283.431396	89.017151	97.959999	1300.770020	3221.000000	154;
183.019592	129.024582	56.139999	1300.770020	4181.000000	154;
219.882065	62.277855	481.190002	1109.369995	4.000000	155;
289.461700	88.928986	204.050003	1109.369995	4210.000000	155;
218.823746	65.792107	837.820007	926.830017	0.000000	156;
291.379425	88.183212	300.250000	926.830017	3925.000000	156;
163.983536	140.996918	159.179993	926.830017	7921.000000	156;
218.974472	65.343735	961.549988	1023.630005	0.000000	157;
168.931122	141.949280	115.139999	1023.630005	7466.000000	157;
213.178391	61.014805	421.450012	972.349976	25.000000	158;
304.970825	110.564323	124.449997	972.349976	11057.000000	158;
213.047668	60.243755	541.570007	1063.979980	1.000000	159;
213.677246	71.103844	186.919998	1063.979980	196.000000	159;
284.688477	88.898102	118.349998	1063.979980	5249.000000	159;
225.909607	59.172428	386.540009	1213.780029	4.000000	160;
237.530121	28.480608	131.500000	1213.780029	530.000000	160;
221.994141	70.999580	23.879999	1213.780029	256.000000	160;
223.879822	58.554665	151.190002	1351.270020	1.000000	161;
292.182800	112.044884	58.150002	1351.270020	7250.000000	161;
269.968475	111.509392	29.820000	1351.270020	4961.000000	161;
223.412338	58.186573	305.989990	778.580017	4.000000	162;
244.732971	28.479422	83.099998	778.580017	628.000000	162;
277.659149	111.978302	281.570007	778.580017	4273.000000	162;
223.984604	57.638634	266.350006	851.559998	4.000000	163;
247.863693	28.395964	105.059998	851.559998	740.000000	163;
276.894226	111.561867	283.929993	851.559998	4580.000000	163;
227.450439	57.867172	199.580002	836.849976	9.000000	164;
246.359970	27.514376	151.289993	836.849976	578.000000	164;
263.639709	110.554703	38.939999	836.849976	4505.000000	164;
227.535583	57.183708	173.699997	719.090027	16.000000	165;
246.642822	27.461283	158.970001	719.090027	457.000000	165;
267.188538	110.737679	132.699997	719.090027	4273.000000	165;
229.923416	57.477432	181.240005	668.580017	9.000000	166;
261.871399	110.151466	139.570007	668.580017	3754.000000	166;
234.043579	88.000000	8.260000	668.580017	1332.000000	166;
229.897797	57.027069	92.360001	567.440002	9.000000	167;
268.778992	110.568077	286.670013	567.440002	3601.000000	167;
253.587204	111.026772	134.110001	226.679993	2900.000000	168;
240.991959	100.021431	29.860001	73.669998	53.000000	169;
252.946487	112.515610	49.340000	73.669998	493.000000	169;
203.382507	110.125786	17.490000	14.120000	468.000000	170;
263.500000	111.508293	13.260000	16.500000	250.000000	171;
387.133728	247.000000	15.330000	36.410000	73.000000	185;
246.184677	113.515030	75.860001	73.779999	692.000000	186;
253.971695	114.359726	143.470001	108.970001	832.000000	187;
201.308105	113.677605	37.779999	33.700001	698.000000	188;
188.912567	115.974457	10.180000	33.700001	1513.000000	188;
261.505219	114.508713	11.480000	7.530000	2410.000000	188;
241.384537	104.019989	27.020000	96.169998	98.000000	189;
262.206116	114.143654	59.240002	96.169998	818.000000	189;
239.985825	104.016350	36.700001	122.790001	205.000000	190;
259.461456	114.690849	66.440002	122.790001	1314.000000	190;
263.525696	115.479324	311.190002	310.980011	1145.000000	191;
276.410400	132.000000	8.650000	310.980011	4705.000000	191;
265.176880	115.540726	269.380005	547.229980	3509.000000	192;
179.549850	47.023705	45.139999	547.229980	1360.000000	192;
229.380096	60.052891	30.440001	783.390015	4.000000	193;
268.867035	114.806252	310.970001	783.390015	3541.000000	193;
234.970947	108.526634	8.260000	783.390015	2665.000000	193;
227.998718	60.897957	108.680000	843.849976	4.000000	194;
267.377380	115.120628	199.619995	843.849976	3986.000000	194;
260.626007	131.533478	23.450001	843.849976	6500.000000	194;
227.303894	61.450436	190.460007	1091.859985	9.000000	195;
267.532532	116.043694	179.440002	1091.859985	4149.000000	195;
227.126862	61.837933	283.459991	1767.579956	4.000000	196;
283.564392	116.022552	294.019989	1767.579956	4033.000000	196;
226.229340	62.263210	337.790009	2055.189941	9.000000	197;
284.227020	116.486176	328.709991	2055.189941	4388.000000	197;
228.968430	73.005020	13.940000	2055.189941	256.000000	197;
225.446945	62.336590	342.730011	1691.550049	1.000000	198;
227.446243	73.018944	17.950001	1691.550049	196.000000	198;
283.055450	116.590378	318.540009	1691.550049	4036.000000	198;
224.603088	62.082672	370.989990	2090.899902	0.000000	199;
226.902954	73.483551	36.480000	2090.899902	196.000000	199;
285.465607	116.541389	367.630005	2090.899902	4225.000000	199;
224.251236	62.784939	430.619995	1980.589966	0.000000	200;
226.380875	73.493874	58.759998	1980.589966	144.000000	200;
282.728088	116.039864	299.540009	1980.589966	3940.000000	200;
224.600571	62.722645	416.000000	2118.389893	0.000000	201;
225.541580	73.969055	84.660004	2118.389893	121.000000	201;
282.550201	116.858467	301.339996	2118.389893	3816.000000	201;
224.059311	63.077065	405.119995	1987.829956	0.000000	202;
224.130081	74.400398	105.320000	1987.829956	144.000000	202;
283.364594	117.064102	355.829987	1987.829956	3754.000000	202;
224.805878	63.663525	313.100006	2517.239990	0.000000	203;
304.442413	117.445229	201.559998	2517.239990	7514.000000	203;
150.042572	180.558929	105.470001	2517.239990	18149.000000	203;
225.644699	64.278603	357.390015	2770.500000	1.000000	204;
304.455017	117.481384	216.520004	2770.500000	6970.000000	204;
148.440384	180.991211	88.739998	2770.500000	16165.000000	204;
226.278732	64.693542	398.549988	2642.729980	16.000000	205;
306.794189	116.997414	189.490005	2642.729980	6205.000000	205;
146.458313	180.478912	79.639999	2642.729980	15860.000000	205;
228.617981	65.225266	416.529999	2789.949951	16.000000	206;
306.117126	117.488800	191.919998	2789.949951	7033.000000	206;
248.972427	193.421127	64.919998	2789.949951	14786.000000	206;
233.337952	66.212883	471.049988	2921.850098	64.000000	207;
235.006042	66.791954	522.520020	2802.060059	289.000000	208;
309.873749	117.576645	101.309998	2802.060059	7508.000000	208;
231.722748	68.167915	345.350006	2645.050049	121.000000	209;
325.508087	116.985008	118.089996	2645.050049	9370.000000	209;
233.307358	70.112511	288.679993	2502.620117	20.000000	210;
184.330414	154.007233	143.759995	2502.620117	6152.000000	210;
288.913361	95.994713	58.639999	2502.620117	4385.000000	210;
233.473114	71.069145	205.360001	2003.709961	26.000000	211;
287.885468	96.010338	71.599998	2003.709961	4496.000000	211;
181.414627	154.040924	54.990002	2003.709961	7045.000000	211;
230.826385	73.383911	484.299988	2071.820068	16.000000	212;
286.165955	96.718506	243.130005	2071.820068	3089.000000	212;
173.180466	154.479752	271.140015	2071.820068	5140.000000	212;
230.317017	72.477768	136.300003	2156.360107	1.000000	213;
188.023804	140.038406	36.970001	2156.360107	5125.000000	213;
231.566284	72.502556	133.199997	2308.679932	0.000000	214;
264.343842	102.468018	64.099998	2308.679932	1741.000000	214;
308.399780	65.469193	112.959999	2308.679932	4770.000000	214;
232.964066	73.009827	86.529999	2111.760010	25.000000	215;
212.435287	110.956551	217.490005	2111.760010	1828.000000	215;
262.083771	102.030418	49.310001	2111.760010	1685.000000	215;
234.383224	73.047707	162.229996	1457.000000	36.000000	216;
207.955429	112.068230	546.700012	1457.000000	2018.000000	216;
263.063812	101.526863	62.540001	1457.000000	1481.000000	216;
235.401169	73.643143	255.729996	1180.380005	9.000000	217;
202.712418	112.329819	668.909973	1180.380005	1961.000000	217;
314.145233	59.488686	493.649994	1180.380005	1765.000000	217;
223.710342	114.045555	252.229996	553.099976	16250.000000	219;
256.975342	74.962173	65.300003	553.099976	7253.000000	219;
216.441681	113.480835	435.950012	689.020020	4705.000000	220;
259.031036	73.519272	18.680000	689.020020	544.000000	220;
389.471130	11.496829	89.870003	198.710007	12410.000000	220;
258.006561	73.509117	13.710000	514.729980	61.000000	221;
219.534531	113.096626	301.570007	514.729980	2138.000000	221;
244.504639	117.491653	10.780000	514.729980	2516.000000	221;
256.181213	73.060493	36.700001	551.280029	25.000000	222;
221.551468	112.983864	249.750000	551.280029	2249.000000	222;
241.578720	116.486389	40.400002	551.280029	2368.000000	222;
257.011169	72.530060	51.070000	571.179993	36.000000	223;
220.627960	112.367828	275.970001	571.179993	2465.000000	223;
243.134079	116.001862	37.590000	571.179993	2564.000000	223;
257.005768	72.030334	96.919998	851.570007	36.000000	224;
227.290955	114.962364	706.750000	851.570007	2074.000000	224;
259.474457	70.502747	58.299999	422.660004	65.000000	225;
216.181961	110.606514	397.500000	422.660004	2557.000000	225;
246.007294	114.503647	15.090000	422.660004	2834.000000	225;
261.914795	70.971603	103.169998	612.659973	64.000000	226;
215.003250	110.565086	523.229980	612.659973	2516.000000	226;
248.517303	114.498138	18.790001	612.659973	2834.000000	226;
260.005127	71.394035	175.619995	887.030029	64.000000	227;
209.218811	110.967529	620.250000	887.030029	2498.000000	227;
227.483780	119.511589	17.260000	887.030029	3893.000000	227;
259.456970	71.434700	185.830002	701.969971	49.000000	228;
210.001434	111.024391	714.219971	701.969971	2260.000000	228;
210.001434	111.024391	714.219971	701.969971	2260.000000	228;
210.001434	111.024391	714.219971	701.969971	2260.000000	228;
306.035126	11.472682	44.110001	701.969971	4426.000000	228;
257.697845	71.542908	204.729996	785.719971	81.000000	229;
221.792236	112.177460	559.950012	785.719971	2482.000000	229;
263.309113	71.533173	69.489998	964.849976	100.000000	230;
287.108948	10.439705	1042.609985	964.849976	1936.000000	230;
287.108948	10.439705	1042.609985	964.849976	1936.000000	230;
287.108948	10.439705	1042.609985	964.849976	1936.000000	230;
222.664871	111.401337	337.250000	964.849976	2930.000000	230;
257.147736	70.865273	251.919998	918.200012	65.000000	231;
224.316833	109.977234	475.290009	918.200012	2845.000000	231;
345.622620	129.942337	26.709999	918.200012	9385.000000	231;
258.061676	69.579666	230.720001	863.619995	40.000000	232;
224.554260	111.430527	635.799988	863.619995	2845.000000	232;
348.474243	128.562119	75.339996	863.619995	9117.000000	232;
260.972870	69.593605	160.360001	791.280029	36.000000	233;
226.603073	112.039444	580.559998	791.280029	2692.000000	233;
299.488464	69.508652	10.400000	791.280029	848.000000	233;
262.920807	70.045113	129.679993	811.080017	36.000000	234;
229.332306	112.947952	415.410004	811.080017	2845.000000	234;
300.958069	69.517899	17.879999	811.080017	674.000000	234;
268.367859	70.537025	252.539993	665.679993	16.000000	235;
299.473175	69.069519	42.290001	665.679993	314.000000	235;
220.508194	108.090233	75.029999	665.679993	3785.000000	235;
271.157349	73.410805	268.839996	565.630005	36.000000	236;
263.754608	70.100388	178.410004	640.130005	0.000000	237;
211.382904	110.620033	61.400002	640.130005	4100.000000	237;
242.657791	119.373215	25.160000	737.400024	2725.000000	237;
257.344055	70.940392	320.929993	650.809998	0.000000	238;
276.104004	140.956741	78.360001	1046.819946	4356.000000	238;
257.679169	71.111969	183.800003	1848.189941	9.000000	239;
207.990082	123.157463	721.940002	1848.189941	3394.000000	239;
252.441238	177.290771	263.959991	1848.189941	10210.000000	239;
259.900177	72.493256	248.250000	1845.170044	1.000000	240;
213.062195	126.313293	326.690002	1845.170044	4337.000000	240;
252.178497	176.436783	259.790009	1845.170044	10210.000000	240;
263.063324	72.423538	282.500000	1856.260010	0.000000	241;
212.339050	127.719009	307.980011	1856.260010	4901.000000	241;
252.281708	175.894363	300.170013	1856.260010	10217.000000	241;
267.365814	71.242249	209.699997	1666.420044	0.000000	242;
216.191986	127.802559	313.660004	1666.420044	5008.000000	242;
318.978027	108.532654	35.520000	1666.420044	2740.000000	242;
271.282379	69.744766	133.759995	1807.199951	0.000000	243;
206.913834	128.764511	526.789978	1807.199951	5517.000000	243;
290.980835	19.505911	102.349998	1807.199951	2245.000000	243;
272.208496	69.646172	136.449997	1867.849976	4.000000	244;
254.378342	67.493713	36.580002	1867.849976	226.000000	244;
210.579346	130.206223	543.770020	1867.849976	5864.000000	244;
269.881866	69.717667	120.459999	1923.640015	1.000000	245;
211.085800	130.727982	432.850006	1923.640015	6173.000000	245;
315.178650	107.571106	140.710007	1923.640015	2545.000000	245;
266.284027	70.337601	176.600006	2249.070068	9.000000	246;
208.048157	130.054779	550.549988	2249.070068	6272.000000	246;
314.555847	107.167366	135.990005	2249.070068	2210.000000	246;
207.549728	130.057175	438.630005	2194.800049	6857.000000	247;
368.347717	126.481308	69.019997	2194.800049	10305.000000	247;
266.387878	69.478355	150.619995	2106.909912	36.000000	248;
310.090057	105.072685	132.350006	2106.909912	1490.000000	248;
207.399887	130.897522	558.080017	2106.909912	6530.000000	248;
267.969452	68.915710	129.669998	2096.909912	9.000000	249;
308.419617	103.895096	131.929993	2096.909912	1490.000000	249;
207.717407	130.910599	507.899994	2096.909912	6506.000000	249;
208.417252	130.894424	362.109985	2063.010010	6970.000000	250;
369.038605	126.461624	63.970001	2063.010010	10361.000000	250;
207.518341	128.512695	161.169998	1585.520020	7105.000000	251;
369.966095	125.511559	19.469999	1585.520020	11125.000000	251;
209.469101	128.220200	394.100006	1581.790039	6970.000000	252;
173.656006	9.463497	459.420013	1581.790039	10882.000000	252;
213.619156	127.870972	420.070007	1513.380005	6980.000000	253;
374.991943	125.014824	47.209999	1513.380005	10589.000000	253;
213.351212	126.909904	475.049988	1426.489990	6849.000000	254;
318.054596	105.470520	43.419998	1426.489990	2500.000000	254;
274.491821	64.016373	27.490000	1352.199951	81.000000	255;
212.522339	123.822105	322.380005	1352.199951	6980.000000	255;
318.515472	104.958778	73.989998	1352.199951	2250.000000	255;
274.963959	63.032887	34.970001	1248.739990	36.000000	256;
206.205933	124.233276	517.239990	1248.739990	7218.000000	256;
317.491302	104.492699	64.339996	1248.739990	2384.000000	256;
274.501465	63.495586	13.600000	1227.020020	25.000000	257;
205.628387	123.085739	507.839996	1227.020020	6506.000000	257;
316.111267	104.493561	71.440002	1227.020020	2362.000000	257;
209.643021	122.650574	296.769989	1729.910034	7450.000000	258;
317.016571	104.497864	18.700001	1729.910034	2960.000000	258;
209.709488	121.697571	270.179993	1212.739990	7570.000000	259;
317.998749	104.001259	15.890000	1212.739990	2285.000000	259;
209.351929	121.229202	279.399994	1202.920044	8840.000000	260;
278.975922	62.510109	23.250000	997.799988	64.000000	261;
208.001984	121.909370	531.059998	997.799988	7381.000000	261;
319.069214	103.467453	56.070000	997.799988	2097.000000	261;
271.897003	64.222816	287.410004	1236.660034	16.000000	262;
210.415970	123.544685	750.080017	1236.660034	6637.000000	262;
321.994385	104.000992	121.389999	1236.660034	2020.000000	262;
278.817322	65.310417	207.589996	1632.459961	4.000000	263;
210.320267	124.777451	789.349976	1632.459961	5573.000000	263;
320.644501	103.946198	87.169998	1632.459961	1629.000000	263;
279.998993	63.998173	49.250000	1947.510010	45.000000	264;
214.479645	127.356682	478.209991	1947.510010	6344.000000	264;
377.537659	124.969292	33.869999	1947.510010	10273.000000	264;
274.193451	65.310272	429.299988	2195.550049	0.000000	265;
317.166809	100.761932	241.399994	2195.550049	986.000000	265;
217.624008	128.318161	628.979980	2195.550049	5636.000000	265;
273.427246	64.130539	400.260010	2294.989990	1.000000	266;
317.050293	100.884171	225.940002	2294.989990	1090.000000	266;
218.553894	129.631927	629.539978	2294.989990	5620.000000	266;
280.569183	63.019707	211.110001	1446.630005	25.000000	267;
317.665161	98.564430	188.029999	1446.630005	794.000000	267;
225.669357	128.281586	561.700012	1446.630005	4468.000000	267;
317.614166	98.036011	128.860001	1665.839966	980.000000	268;
399.394958	42.540649	614.260010	1665.839966	5876.000000	268;
230.517334	131.600662	529.210022	1665.839966	5321.000000	268;
273.011780	87.400352	62.820000	1844.689941	773.000000	269;
284.836700	9.862710	175.250000	1844.689941	2704.000000	269;
231.932190	131.190323	283.619995	1844.689941	5825.000000	269;
271.226288	86.395096	188.130005	1729.160034	569.000000	270;
320.411835	90.988266	34.939999	1729.160034	1037.000000	270;
287.943665	19.991220	48.980000	1729.160034	1765.000000	270;
271.562714	86.294243	219.990005	1720.469971	585.000000	271;
390.362427	42.433628	461.709991	1720.469971	5297.000000	271;
319.153931	90.967957	41.189999	1720.469971	985.000000	271;
277.251282	85.839195	370.260010	1518.520020	400.000000	272;
317.543793	90.479950	77.050003	1518.520020	845.000000	272;
380.510315	41.749626	200.779999	1518.520020	5618.000000	272;
288.411743	86.670959	669.179993	1612.680054	400.000000	273;
288.411743	86.670959	669.179993	1612.680054	400.000000	273;
288.411743	86.670959	669.179993	1612.680054	400.000000	273;
283.515930	61.012657	26.070000	1612.680054	64.000000	273;
327.003204	65.973801	15.650000	1612.680054	850.000000	273;
287.084930	86.594780	675.309998	1546.170044	441.000000	274;
287.084930	86.594780	675.309998	1546.170044	441.000000	274;
287.084930	86.594780	675.309998	1546.170044	441.000000	274;
283.020813	60.997875	23.530001	1546.170044	169.000000	274;
353.119232	121.024483	109.449997	1546.170044	5300.000000	274;
269.675110	84.339462	312.079987	1342.900024	580.000000	275;
310.536224	89.441017	193.440002	1342.900024	576.000000	275;
284.479462	61.487823	14.370000	1342.900024	169.000000	275;
283.036957	62.476112	48.980000	1232.670044	37.000000	276;
266.689240	83.881340	250.380005	1232.670044	637.000000	276;
329.286041	119.293411	310.790009	1232.670044	3236.000000	276;
284.385376	63.404480	133.059998	1011.979980	0.000000	277;
265.476807	82.990433	136.949997	1011.979980	637.000000	277;
325.253082	118.264648	474.850006	1011.979980	2834.000000	277;
283.177612	63.574627	188.399994	946.979980	4.000000	278;
307.548126	65.470108	19.740000	946.979980	50.000000	278;
307.271545	113.934654	141.710007	946.979980	2601.000000	278;
286.606781	63.986889	123.570000	1643.390015	9.000000	279;
319.143433	117.875465	186.130005	1643.390015	3349.000000	279;
357.481171	146.500275	35.599998	1643.390015	10996.000000	279;
287.601837	64.431297	88.129997	2040.060059	16.000000	280;
308.442383	116.515587	22.129999	2040.060059	3393.000000	280;
288.700470	64.869156	128.699997	2073.429932	1.000000	281;
306.498047	116.002403	33.310001	2073.429932	3034.000000	281;
364.057800	44.467655	18.860001	2073.429932	5585.000000	281;
288.213287	64.338425	161.809998	2235.040039	0.000000	282;
365.042725	44.005745	95.720001	2235.040039	4756.000000	282;
305.500793	115.977524	32.029999	2235.040039	2545.000000	282;
289.018524	64.338432	202.550003	2822.760010	0.000000	283;
365.065125	43.981361	93.360001	2822.760010	4581.000000	283;
384.181580	90.413979	118.459999	2822.760010	8473.000000	283;
289.234772	64.285950	201.119995	3307.280029	0.000000	284;
306.016754	102.515022	45.939999	3307.280029	1440.000000	284;
362.215393	43.984077	83.519997	3307.280029	4457.000000	284;
288.710632	62.933067	123.410004	3227.709961	0.000000	285;
359.590027	44.019833	64.029999	3227.709961	4168.000000	285;
292.008850	62.970264	116.360001	3817.750000	0.000000	286;
307.502686	101.998421	31.610001	3817.750000	1700.000000	286;
360.944580	43.993549	68.209999	3817.750000	3825.000000	286;
290.971710	62.973255	134.970001	3373.620117	0.000000	287;
300.585175	32.483715	26.709999	3373.620117	1040.000000	287;
358.463257	43.978756	39.070000	3373.620117	4244.000000	287;
289.493408	62.514446	170.649994	3525.199951	4.000000	288;
385.131012	94.477234	37.549999	3525.199951	8725.000000	288;
289.404297	62.460659	189.490005	3352.250000	0.000000	289;
390.998413	94.883125	189.949997	3352.250000	8585.000000	289;
288.407410	61.965752	202.350006	13813.400391	169.000000	290;
296.276489	31.970177	84.160004	13813.400391	1429.000000	290;
341.068207	254.621033	499.549988	13813.400391	37648.000000	290;
287.130035	62.465599	204.789993	6856.720215	16.000000	291;
297.530731	32.025398	41.340000	6856.720215	1424.000000	291;
385.949738	94.951317	152.220001	6856.720215	11545.000000	291;
287.046967	63.384384	201.570007	5110.270020	36.000000	292;
298.503143	32.969837	30.170000	5110.270020	1525.000000	292;
319.108887	255.881516	267.799988	5110.270020	32957.000000	292;
286.499817	63.494728	82.510002	4731.370117	1.000000	293;
381.329956	96.569405	160.149994	4731.370117	6737.000000	293;
297.502258	32.489475	13.300000	4731.370117	904.000000	293;
284.034515	63.958862	36.220001	4618.560059	16.000000	294;
387.588989	99.334106	812.460022	4618.560059	5186.000000	294;
341.279175	161.027817	72.610001	4618.560059	11065.000000	294;
282.520508	63.989986	41.939999	5226.149902	16.000000	295;
382.406342	99.027039	832.219971	5226.149902	4561.000000	295;
339.365753	161.011887	74.040001	5226.149902	10980.000000	295;
282.057953	63.487843	106.099998	5104.240234	2.000000	296;
374.756958	98.565742	1026.989990	5104.240234	3589.000000	296;
374.756958	98.565742	1026.989990	5104.240234	3589.000000	296;
374.756958	98.565742	1026.989990	5104.240234	3589.000000	296;
340.002350	48.506077	25.510000	5104.240234	2237.000000	296;
283.469818	62.457794	178.770004	5049.439941	9.000000	297;
361.025391	97.411842	1150.150024	5049.439941	2257.000000	297;
361.025391	97.411842	1150.150024	5049.439941	2257.000000	297;
361.025391	97.411842	1150.150024	5049.439941	2257.000000	297;
282.636383	61.914707	157.220001	4953.890137	20.000000	298;
360.548218	97.880478	1091.729980	4953.890137	2285.000000	298;
360.548218	97.880478	1091.729980	4953.890137	2285.000000	298;
360.548218	97.880478	1091.729980	4953.890137	2285.000000	298;
419.944946	106.512611	26.160000	4953.890137	17629.000000	298;
284.916138	62.338600	213.940002	5499.160156	20.000000	299;
344.578033	95.873581	678.359985	5499.160156	1853.000000	299;
389.853088	101.456749	161.050003	5499.160156	8825.000000	299;
286.338531	62.752880	222.160004	5039.589844	20.000000	300;
338.976257	95.473724	455.500000	5039.589844	1898.000000	300;
389.248169	101.444077	134.550003	5039.589844	8825.000000	300;
285.244873	61.941574	168.080002	5249.830078	25.000000	301;
334.981506	95.967033	403.700012	5249.830078	1898.000000	301;
386.950897	100.971306	132.779999	5249.830078	8573.000000	301;
285.254181	61.855572	168.389999	4971.209961	34.000000	302;
335.879028	95.993065	403.529999	4971.209961	2020.000000	302;
386.926544	99.121994	251.729996	4971.209961	8161.000000	302;
287.249573	61.451935	128.580002	5657.660156	20.000000	303;
337.704376	96.511887	467.600006	5657.660156	1994.000000	303;
390.047943	99.053230	335.730011	5657.660156	8082.000000	303;
288.167847	61.950199	65.059998	5109.640137	41.000000	304;
343.072601	97.627876	506.179993	5109.640137	1844.000000	304;
387.764221	101.050125	247.960007	5109.640137	8000.000000	304;
347.787231	98.644630	451.779999	5533.830078	2117.000000	305;
384.922607	101.040840	223.309998	5533.830078	7949.000000	305;
355.017700	101.733566	878.280029	5731.000000	2257.000000	306;
355.017700	101.733566	878.280029	5731.000000	2257.000000	306;
355.017700	101.733566	878.280029	5731.000000	2257.000000	306;
411.628082	141.465897	72.570000	5731.000000	19309.000000	306;
349.487518	99.572205	893.419983	4762.720215	2122.000000	307;
349.487518	99.572205	893.419983	4762.720215	2122.000000	307;
349.487518	99.572205	893.419983	4762.720215	2122.000000	307;
409.283325	139.527344	91.800003	4762.720215	18989.000000	307;
284.657288	61.464996	78.989998	4296.250000	58.000000	308;
336.342194	97.501411	417.859985	4296.250000	2045.000000	308;
404.433594	139.476196	55.880001	4296.250000	18674.000000	308;
324.991699	97.494545	19.250000	4307.549805	2578.000000	309;
177.321884	21.510550	73.940002	4307.549805	13669.000000	309;
173.031433	22.491714	35.000000	4198.229980	15061.000000	310;
291.516174	63.002007	39.889999	4668.000000	40.000000	311;
366.957001	98.024529	92.540001	4668.000000	5281.000000	311;
402.511597	140.510483	26.719999	4668.000000	17257.000000	311;
369.266235	98.994766	101.260002	5601.390137	5338.000000	312;
171.995667	22.506119	39.220001	5601.390137	15530.000000	312;
];