ImageX	ImageY	BModeResponse	DopplerResponse	DopplerCentroidDistance	frame
[
289.915192	88.331329	103.040001	4782.669922	289.000000	2;
309.994019	48.311642	222.050003	4782.669922	676.000000	2;
307.624390	2.899874	1662.000000	4782.669922	5329.000000	2;
309.510376	48.321693	209.889999	4764.379883	484.000000	3;
304.758148	2.900524	1726.640015	4764.379883	4761.000000	3;
289.455597	88.324448	93.019997	4764.379883	433.000000	3;
303.177063	2.898578	1545.030029	4202.629883	5329.000000	4;
287.998260	87.493500	74.570000	4202.629883	260.000000	4;
309.372742	48.360825	169.500000	4202.629883	676.000000	4;
311.513275	47.851295	247.199997	4520.029785	361.000000	5;
302.859375	2.895884	1630.489990	4520.029785	4356.000000	5;
341.796326	222.844589	4124.950195	4520.029785	18769.000000	5;
311.612915	47.830135	247.960007	4569.700195	484.000000	6;
308.935242	2.897530	1746.859985	4569.700195	4761.000000	6;
376.007477	217.956482	3275.260010	4569.700195	17161.000000	6;
317.525970	48.247364	226.710007	5053.359863	441.000000	7;
312.845642	2.899565	1724.290039	5053.359863	4624.000000	7;
289.174500	87.994545	126.540001	5053.359863	421.000000	7;
312.087769	2.899344	1575.469971	5716.589844	5476.000000	8;
316.350464	48.334969	204.050003	5716.589844	729.000000	8;
352.886597	222.351639	3597.709961	5716.589844	16900.000000	8;
292.445526	88.478966	79.860001	5933.569824	200.000000	9;
340.181152	224.978607	4126.020020	5933.569824	15625.000000	9;
305.154785	2.900692	1613.660034	5933.569824	6400.000000	9;
300.657532	2.900108	1727.560059	6272.450195	6400.000000	10;
315.669922	48.325245	238.559998	6272.450195	1089.000000	10;
386.313690	217.754410	2146.489990	6272.450195	15385.000000	10;
315.260712	48.361412	275.059998	6237.879883	900.000000	11;
286.628021	88.961746	86.000000	6237.879883	292.000000	11;
306.914368	2.902622	1646.890015	6237.879883	5929.000000	11;
310.519684	2.905939	1717.709961	5229.930176	5476.000000	12;
312.419952	49.278328	203.070007	5229.930176	676.000000	12;
285.119720	88.963661	103.480003	5229.930176	370.000000	12;
315.397949	48.832466	301.489990	5909.359863	529.000000	13;
307.253326	3.253781	2079.270020	5909.359863	4900.000000	13;
286.082550	88.501938	103.099998	5909.359863	346.000000	13;
316.875031	48.823780	285.380005	5921.640137	484.000000	14;
308.652344	3.255547	2068.860107	5921.640137	4761.000000	14;
287.517914	88.528130	94.919998	5921.640137	340.000000	14;
318.451294	49.899891	231.250000	6029.040039	601.000000	15;
311.067047	3.261567	1990.310059	6029.040039	5184.000000	15;
379.779205	220.570435	2415.379883	6029.040039	17440.000000	15;
313.625946	3.253645	2050.699951	6074.569824	4761.000000	16;
319.112488	48.547371	129.509995	6074.569824	612.000000	16;
386.008545	218.974060	2397.629883	6074.569824	17753.000000	16;
314.626953	3.250565	2163.270020	6313.220215	5184.000000	17;
319.052582	49.901428	234.139999	6313.220215	585.000000	17;
274.485321	89.006279	44.610001	6313.220215	884.000000	17;
295.744843	87.387115	397.579987	6523.390137	130.000000	18;
325.377625	51.676743	450.630005	6523.390137	361.000000	18;
330.245636	3.913320	2962.169922	6523.390137	4761.000000	18;
340.565826	52.967606	380.019989	6703.750000	361.000000	19;
340.572937	2.905289	2205.030029	6703.750000	5329.000000	19;
432.630463	218.053375	3807.570068	6703.750000	16229.000000	19;
340.894897	52.819016	365.779999	5895.450195	324.000000	20;
339.871094	2.901594	2145.399902	5895.450195	5184.000000	20;
431.896545	217.604416	3647.590088	5895.450195	16433.000000	20;
393.925690	223.443085	5781.609863	6457.069824	14884.000000	21;
343.772797	2.899931	2088.959961	6457.069824	6241.000000	21;
343.970062	49.894890	237.750000	6457.069824	900.000000	21;
341.296783	49.252987	420.970001	5679.509766	676.000000	22;
339.698181	2.901711	2093.320068	5679.509766	5625.000000	22;
431.455444	216.835602	3210.479980	5679.509766	15957.000000	22;
319.898621	85.517326	259.100006	6059.379883	25.000000	23;
346.801239	49.324245	310.720001	6059.379883	784.000000	23;
341.608307	2.904795	2040.130005	6059.379883	5776.000000	23;
331.518890	84.991936	75.639999	6631.339844	106.000000	24;
369.415741	228.555542	7628.700195	6631.339844	17424.000000	24;
352.490295	48.432369	308.369995	6631.339844	784.000000	24;
317.363037	86.422844	542.450012	7612.799805	58.000000	25;
392.609558	227.053802	7508.020020	7612.799805	16900.000000	25;
353.699158	2.903701	2232.429932	7612.799805	5776.000000	25;
311.848816	86.907196	701.179993	6671.529785	81.000000	26;
352.392944	3.256879	2516.629883	6671.529785	6084.000000	26;
356.827332	48.459381	299.989990	6671.529785	1089.000000	26;
311.154572	86.963165	736.190002	6543.979980	169.000000	27;
356.166077	3.262699	2648.510010	6543.979980	6561.000000	27;
389.656738	227.434143	5232.410156	6543.979980	16129.000000	27;
313.650116	86.852364	729.510010	6417.479980	49.000000	28;
372.176208	228.342667	5866.709961	6417.479980	16129.000000	28;
347.255249	2.907406	1851.520020	6417.479980	6561.000000	28;
306.988922	87.390015	620.460022	6340.680176	170.000000	29;
342.603241	3.259117	2353.719971	6340.680176	6084.000000	29;
354.557190	48.437206	233.940002	6340.680176	1089.000000	29;
301.710052	86.977768	997.130005	5808.020020	196.000000	30;
345.192657	3.255065	2401.070068	5808.020020	6724.000000	30;
353.229401	48.468338	319.450012	5808.020020	1296.000000	30;
307.537445	86.411461	625.210022	7055.959961	144.000000	31;
344.800476	3.247555	2385.649902	7055.959961	6400.000000	31;
351.947632	48.481537	427.029999	7055.959961	1156.000000	31;
281.452637	87.366440	928.440002	5420.580078	377.000000	32;
336.364838	49.225052	415.549988	5420.580078	729.000000	32;
336.373322	2.909240	1943.709961	5420.580078	5625.000000	32;
267.733490	88.139488	1366.839966	4473.200195	373.000000	33;
331.602875	48.796242	490.040009	4473.200195	576.000000	33;
336.691742	3.252338	2280.949951	4473.200195	5041.000000	33;
278.431824	88.169769	1078.760010	6960.009766	328.000000	34;
338.257111	3.932191	2934.719971	6960.009766	5476.000000	34;
335.080109	49.349480	445.750000	6960.009766	841.000000	34;
279.401703	89.162338	1035.790039	8985.250000	457.000000	35;
334.645721	50.418308	454.089996	8985.250000	729.000000	35;
340.103271	3.922240	3164.760010	8985.250000	5329.000000	35;
277.919952	88.851791	928.479980	7251.899902	520.000000	36;
331.734314	50.427711	457.690002	7251.899902	625.000000	36;
339.471344	4.245435	3355.750000	7251.899902	4900.000000	36;
269.815460	87.432343	959.750000	4781.299805	397.000000	37;
328.863129	49.323460	393.649994	4781.299805	625.000000	37;
335.018402	3.900923	3050.560059	4781.299805	4900.000000	37;
254.040619	90.431404	1809.430054	4725.939941	925.000000	38;
325.885986	50.396793	473.899994	4725.939941	625.000000	38;
336.753601	3.909593	2961.840088	4725.939941	5041.000000	38;
253.909241	91.405853	1658.579956	7455.669922	1189.000000	39;
331.602325	51.254578	431.929993	7455.669922	400.000000	39;
327.751587	3.254121	2614.739990	7455.669922	4761.000000	39;
249.421402	91.878906	1469.400024	7717.939941	1570.000000	40;
332.058899	51.370941	458.079987	7717.939941	576.000000	40;
327.884735	2.912199	2109.760010	7717.939941	5476.000000	40;
329.970093	52.285725	449.630005	5707.029785	576.000000	41;
312.495789	4.280695	3768.000000	5707.029785	5041.000000	41;
232.728653	92.155785	1254.060059	5707.029785	2536.000000	41;
322.607178	5.479462	3791.709961	6302.709961	5184.000000	42;
328.637787	52.325199	500.029999	6302.709961	784.000000	42;
225.431458	93.076332	1130.930054	6302.709961	3490.000000	42;
321.675323	6.255373	4476.709961	5255.959961	5041.000000	43;
326.488800	52.770969	566.390015	5255.959961	784.000000	43;
326.412659	63.458195	155.960007	5255.959961	377.000000	43;
328.052277	51.774063	564.799988	4845.509766	576.000000	44;
316.395264	3.294880	1913.219971	4845.509766	5476.000000	44;
356.319092	9.865912	390.640015	4845.509766	4981.000000	44;
328.052399	51.684624	514.369995	4594.709961	625.000000	45;
324.445129	3.321460	1611.680054	4594.709961	5625.000000	45;
367.015289	10.501140	320.309998	4594.709961	5353.000000	45;
327.821503	51.260334	446.390015	3798.540039	676.000000	46;
318.177521	3.313140	1856.520020	3798.540039	5625.000000	46;
220.446106	89.479813	518.909973	3798.540039	6416.000000	46;
326.584900	51.663227	492.049988	3958.110107	361.000000	47;
317.928711	4.033199	2540.139893	3958.110107	4489.000000	47;
222.375580	87.287254	750.000000	3958.110107	5650.000000	47;
326.545319	51.631706	512.500000	4167.390137	900.000000	48;
320.137604	3.312209	1695.050049	4167.390137	6400.000000	48;
348.998199	71.012993	66.949997	4167.390137	653.000000	48;
326.670898	51.723938	496.190002	4112.299805	1024.000000	49;
321.574127	4.022849	2160.739990	4112.299805	6400.000000	49;
290.876953	240.920120	925.080017	4112.299805	21904.000000	49;
325.373138	51.634964	438.640015	2776.840088	784.000000	50;
312.565491	4.022884	2127.280029	2776.840088	5776.000000	50;
399.725586	110.656372	377.329987	2776.840088	4709.000000	50;
325.471436	51.215580	359.959991	2494.350098	625.000000	51;
312.341278	3.283985	1609.589966	2494.350098	5476.000000	51;
400.111786	109.690506	496.040009	2494.350098	4932.000000	51;
326.498138	51.247581	337.019989	1966.150024	576.000000	52;
309.864227	3.272847	1518.800049	1966.150024	5329.000000	52;
367.391541	10.831314	645.460022	1966.150024	4496.000000	52;
326.638916	51.459057	224.330002	1705.760010	529.000000	53;
316.684418	3.272101	1408.410034	1705.760010	5041.000000	53;
396.225281	108.956657	263.709991	1705.760010	5684.000000	53;
325.432281	52.474304	222.199997	2427.790039	1156.000000	54;
320.143341	2.909537	1030.260010	2427.790039	7056.000000	54;
389.971588	105.636871	452.429993	2427.790039	4217.000000	54;
320.903412	53.356651	412.869995	2337.510010	729.000000	55;
299.425140	84.490761	27.590000	2337.510010	81.000000	55;
395.414673	105.292061	1008.820007	2337.510010	3737.000000	55;
317.698730	54.366459	388.230011	2770.010010	676.000000	56;
391.088348	102.202286	1449.689941	2770.010010	2768.000000	56;
318.918518	65.017769	48.970001	2770.010010	289.000000	56;
315.169281	55.358677	367.209991	2736.850098	729.000000	57;
376.819000	98.976898	1043.810059	2736.850098	2245.000000	57;
298.623444	67.006790	83.919998	2736.850098	293.000000	57;
301.358612	67.382980	247.009995	2354.219971	256.000000	58;
372.458435	98.945534	1254.050049	2354.219971	1394.000000	58;
314.666809	55.762390	437.859985	2354.219971	729.000000	58;
369.537872	98.275581	1189.109985	2471.229980	1522.000000	59;
313.204407	56.648170	551.260010	2471.229980	784.000000	59;
297.996124	67.420731	204.429993	2471.229980	361.000000	59;
310.821472	57.265297	562.200012	2313.290039	729.000000	60;
362.409912	96.846985	677.250000	2313.290039	1234.000000	60;
251.861526	117.443436	462.320007	2313.290039	1832.000000	60;
311.844391	57.738716	520.200012	2172.080078	576.000000	61;
359.259186	95.975349	615.760010	2172.080078	1125.000000	61;
313.116272	2.911382	1429.839966	2172.080078	6561.000000	61;
316.648743	59.449848	215.050003	1703.770020	144.000000	62;
337.735046	2.940007	1446.180054	1703.770020	4761.000000	62;
247.603195	29.419111	287.799988	1703.770020	3445.000000	62;
316.740417	59.449589	209.570007	1481.530029	144.000000	63;
313.757690	3.361101	2541.669922	1481.530029	4624.000000	63;
240.904694	29.445816	404.089996	1481.530029	3528.000000	63;
319.931580	59.472221	212.399994	1923.130005	225.000000	64;
307.266052	2.951272	1790.949951	1923.130005	5184.000000	64;
246.888412	30.226669	303.880005	1923.130005	4874.000000	64;
338.360565	87.363304	160.059998	2936.580078	144.000000	65;
326.563782	4.506840	4032.689941	2936.580078	6241.000000	65;
323.301117	60.378517	315.390015	2936.580078	576.000000	65;
336.800201	87.391006	201.990005	3323.639893	101.000000	66;
311.652832	4.539884	4608.049805	3323.639893	5625.000000	66;
322.019775	60.450596	195.830002	3323.639893	441.000000	66;
358.997223	98.448044	449.529999	2555.929932	610.000000	67;
321.067688	61.287994	277.989990	2555.929932	441.000000	67;
329.143616	3.316345	2668.129883	2555.929932	6400.000000	67;
320.967316	60.954037	392.720001	2297.520020	729.000000	68;
377.830933	123.257454	485.989990	2297.520020	1690.000000	68;
240.833481	55.427704	1110.390015	2297.520020	4685.000000	68;
319.812561	60.261276	421.850006	1719.719971	961.000000	69;
372.503143	123.043465	353.130005	1719.719971	1201.000000	69;
344.957031	2.909853	1579.430054	1719.719971	8100.000000	69;
324.860962	63.543793	1369.109985	2343.560059	900.000000	70;
363.043915	128.494354	87.669998	2343.560059	865.000000	70;
260.754181	84.256081	352.309998	2343.560059	4421.000000	70;
324.257355	63.282887	1321.130005	3919.659912	1225.000000	71;
436.013245	129.385941	574.869995	3919.659912	4948.000000	71;
383.064026	133.895416	144.479996	3919.659912	1618.000000	71;
323.518738	58.869957	496.450012	4352.080078	1764.000000	72;
303.519196	228.879822	2209.639893	4352.080078	13689.000000	72;
438.755249	163.368744	1003.570007	4352.080078	6929.000000	72;
437.480743	140.486862	32.720001	36.040001	9.000000	80;
445.434448	140.017883	16.780001	10.200000	25.000000	80;
430.000000	150.500000	0.760000	0.480000	0.000000	81;
338.507935	128.494705	3.780000	3.710000	36.000000	84;
402.981476	146.508804	10.790000	6.420000	1312.000000	85;
323.426544	137.521652	10.620000	11.530000	1530.000000	85;
346.497589	146.000000	2.070000	3.320000	340.000000	85;
351.470123	148.000000	10.040000	11.720000	144.000000	86;
374.003540	128.000000	2.830000	3.420000	410.000000	86;
376.004700	151.000000	4.250000	6.120000	666.000000	86;
391.387146	148.532166	26.270000	9.990000	1189.000000	87;
380.012909	149.505997	10.850000	7.790000	765.000000	87;
354.008728	148.000000	3.440000	3.820000	293.000000	87;
347.989502	111.500000	19.040001	635.419983	10.000000	88;
387.124908	147.731674	435.559998	635.419983	1225.000000	88;
337.993683	112.000000	3.160000	635.419983	18.000000	88;
342.495026	112.000000	6.020000	741.590027	9.000000	89;
350.936462	111.019432	26.760000	741.590027	58.000000	89;
337.498718	111.501274	3.930000	741.590027	10.000000	89;
301.582550	130.021698	73.760002	668.010010	625.000000	90;
312.392944	104.012840	31.150000	668.010010	320.000000	90;
378.613708	147.736359	196.970001	668.010010	2066.000000	90;
314.793854	103.990494	59.959999	862.419983	325.000000	91;
300.996124	129.991776	82.629997	862.419983	845.000000	91;
379.613953	147.453461	126.230003	862.419983	1873.000000	91;
301.285156	165.959732	984.340027	1058.890015	1764.000000	92;
369.203003	124.330788	66.750000	1058.890015	565.000000	92;
246.215744	81.113091	577.429993	1058.890015	5968.000000	92;
311.204559	164.670334	900.710022	1898.599976	1521.000000	93;
435.133453	218.066437	1085.260010	1898.599976	9554.000000	93;
242.582108	81.157776	638.450012	1898.599976	6829.000000	93;
354.733673	225.261063	3784.090088	2674.830078	10609.000000	94;
355.681335	2.491808	1032.089966	2674.830078	11881.000000	94;
289.463318	169.498108	31.620001	2674.830078	6052.000000	94;
300.449341	229.854218	2997.540039	3097.090088	12544.000000	95;
340.901947	2.493086	1165.680054	3097.090088	11236.000000	95;
339.653503	160.555511	112.760002	3097.090088	2401.000000	95;
351.567383	2.910521	1832.939941	3973.820068	11881.000000	96;
338.910828	161.001160	277.299988	3973.820068	1945.000000	96;
447.746979	218.953354	1249.939941	3973.820068	11882.000000	96;
297.139679	230.775116	2850.070068	4533.229980	13225.000000	97;
356.778168	2.492928	1322.729980	4533.229980	10816.000000	97;
345.866394	56.472099	165.050003	4533.229980	2401.000000	97;
345.316864	57.298519	270.299988	4708.189941	2209.000000	98;
358.848602	2.493441	1173.130005	4708.189941	10816.000000	98;
348.585785	226.496658	944.010010	4708.189941	13225.000000	98;
345.313721	57.341671	298.709991	5029.509766	2209.000000	99;
356.295563	2.493402	1311.770020	5029.509766	10816.000000	99;
339.897308	227.157715	1220.699951	5029.509766	13225.000000	99;
345.077087	57.735229	403.709991	6036.180176	2209.000000	100;
365.869965	2.493813	1449.739990	6036.180176	11025.000000	100;
458.372498	166.302277	925.820007	6036.180176	7193.000000	100;
344.776611	57.805527	418.309998	5046.819824	1681.000000	101;
362.019775	2.493417	1264.530029	5046.819824	9801.000000	101;
459.245117	165.377319	1020.349976	5046.819824	8612.000000	101;
344.546600	57.405506	370.399994	5809.580078	1764.000000	102;
351.977173	225.522110	2048.399902	5809.580078	13456.000000	102;
357.689514	2.492761	1117.500000	5809.580078	9801.000000	102;
344.574951	58.286625	372.160004	5798.049805	1768.000000	103;
346.916779	226.085632	2155.010010	5798.049805	13225.000000	103;
460.799042	165.391434	1032.400024	5798.049805	7381.000000	103;
341.801147	58.310093	410.359985	4801.580078	1853.000000	104;
356.980560	225.743515	2631.689941	4801.580078	12769.000000	104;
471.873016	166.882294	1504.589966	4801.580078	7677.000000	104;
337.400848	59.407013	498.779999	3411.179932	1913.000000	105;
376.871185	2.495730	1235.310059	3411.179932	10609.000000	105;
322.913757	229.743317	1548.099976	3411.179932	13924.000000	105;
336.429291	59.792065	449.230011	2548.649902	1396.000000	106;
358.089417	67.365150	228.289993	2548.649902	841.000000	106;
371.513153	2.493626	1126.459961	2548.649902	9216.000000	106;
344.477905	62.231297	1116.609985	1897.010010	676.000000	107;
393.477051	125.897301	475.260010	1897.010010	1109.000000	107;
366.482239	2.903998	1513.510010	1897.010010	8281.000000	107;
336.581512	61.101501	528.770020	1954.800049	576.000000	108;
401.380005	125.922676	702.109985	1954.800049	1684.000000	108;
355.879944	2.492856	1385.839966	1954.800049	7396.000000	108;
336.571228	60.989792	652.469971	2107.560059	289.000000	109;
405.308746	125.553848	846.400024	2107.560059	2450.000000	109;
322.484161	2.892966	1510.739990	2107.560059	6241.000000	109;
359.327850	96.513992	136.830002	2046.760010	9.000000	110;
339.231018	61.820507	1097.209961	2046.760010	484.000000	110;
407.490692	125.589439	995.619995	2046.760010	1252.000000	110;
360.539459	96.432327	235.399994	2359.989990	13.000000	111;
337.602570	60.548187	621.229980	2359.989990	676.000000	111;
311.721161	89.793060	243.500000	2359.989990	625.000000	111;
363.148163	96.431625	411.260010	1746.099976	40.000000	112;
339.019745	60.868221	819.409973	1746.099976	576.000000	112;
313.073303	89.730431	350.149994	1746.099976	289.000000	112;
364.056915	96.039368	403.130005	2412.330078	0.000000	113;
336.647156	60.059307	514.950012	2412.330078	1089.000000	113;
313.533295	89.342628	280.480011	2412.330078	701.000000	113;
366.651947	96.375961	538.330017	2325.290039	16.000000	114;
313.519165	88.869835	365.769989	2325.290039	281.000000	114;
338.030121	60.096889	571.270020	2325.290039	1089.000000	114;
368.253601	96.372330	624.869995	3058.010010	4.000000	115;
314.169159	88.804779	360.670013	3058.010010	298.000000	115;
339.235168	60.115383	514.109985	3058.010010	961.000000	115;
368.143524	96.339417	860.210022	2480.479980	25.000000	116;
314.199219	88.766029	398.000000	2480.479980	58.000000	116;
338.949066	59.628685	646.380005	2480.479980	961.000000	116;
367.740662	95.973785	960.530029	2607.189941	4.000000	117;
315.494080	88.768608	363.839996	2607.189941	265.000000	117;
338.033356	59.545620	642.789978	2607.189941	1521.000000	117;
367.322937	95.967323	959.440002	3205.959961	0.000000	118;
313.966736	88.386055	282.809998	3205.959961	425.000000	118;
337.436493	59.540249	630.190002	3205.959961	1225.000000	118;
362.793030	94.532211	1205.060059	2970.080078	0.000000	119;
313.870209	88.389336	280.760010	2970.080078	97.000000	119;
337.350342	59.540188	648.460022	2970.080078	961.000000	119;
363.495514	95.248505	1243.459961	2836.770020	0.000000	120;
311.972107	88.363319	255.309998	2836.770020	202.000000	120;
337.047791	60.311340	731.549988	2836.770020	1156.000000	120;
367.334259	95.558067	1105.459961	2942.750000	9.000000	121;
311.030853	88.403267	232.699997	2942.750000	292.000000	121;
336.484009	59.958851	650.780029	2942.750000	1024.000000	121;
369.085724	96.774826	985.450012	3328.899902	16.000000	122;
335.237366	59.696224	442.989990	3328.899902	1089.000000	122;
321.003143	2.491139	1081.199951	3328.899902	8649.000000	122;
369.970154	94.589348	1714.310059	3319.360107	4.000000	123;
336.978729	60.374954	575.590027	3319.360107	1089.000000	123;
231.913620	51.709572	660.369995	3319.360107	8989.000000	123;
376.598816	96.541145	872.500000	2689.330078	196.000000	124;
349.373993	86.443512	108.610001	2689.330078	148.000000	124;
338.042694	60.014057	474.459991	2689.330078	1296.000000	124;
379.725952	96.456947	971.989990	3496.840088	169.000000	125;
351.814911	86.749542	240.320007	3496.840088	82.000000	125;
338.704071	59.452747	611.820007	3496.840088	1225.000000	125;
379.833008	96.846123	786.859985	3526.350098	100.000000	126;
353.591980	85.527641	109.430000	3526.350098	49.000000	126;
339.494904	59.244854	406.119995	3526.350098	1024.000000	126;
382.274078	97.272133	777.750000	3077.550049	1025.000000	127;
356.900543	85.458565	193.429993	3077.550049	256.000000	127;
340.147369	59.258362	355.739990	3077.550049	484.000000	127;
340.079254	59.281559	340.390015	3396.510010	324.000000	128;
382.043121	96.870483	699.229980	3396.510010	1105.000000	128;
356.427917	85.480919	135.490005	3396.510010	265.000000	128;
340.014832	59.296566	320.500000	2473.330078	289.000000	129;
380.819366	96.829376	650.849976	2473.330078	1193.000000	129;
354.899261	85.510788	126.570000	2473.330078	272.000000	129;
374.972504	96.780502	787.530029	3320.219971	520.000000	130;
336.660004	59.709221	365.809998	3320.219971	529.000000	130;
350.088989	85.527748	94.610001	3320.219971	196.000000	130;
374.673096	96.833984	854.030029	3327.429932	365.000000	131;
333.941925	59.384098	295.029999	3327.429932	784.000000	131;
302.354828	2.489002	1281.609985	3327.429932	7569.000000	131;
372.651764	97.335831	896.929993	5352.089844	625.000000	132;
332.348358	59.423836	212.369995	5352.089844	961.000000	132;
307.264282	2.489916	1399.790039	5352.089844	7921.000000	132;
371.960968	97.341156	884.700012	5450.660156	576.000000	133;
331.448792	59.428680	199.729996	5450.660156	961.000000	133;
301.665222	2.490376	1422.400024	5450.660156	7921.000000	133;
364.023682	96.757179	1001.760010	4734.959961	324.000000	134;
328.349792	61.760044	266.839996	4734.959961	729.000000	134;
301.774872	2.489351	1228.709961	4734.959961	7921.000000	134;
365.228699	96.794815	1023.369995	5802.750000	365.000000	135;
329.603668	61.389996	233.490005	5802.750000	576.000000	135;
341.967834	86.980080	41.660000	5802.750000	225.000000	135;
369.573822	97.840080	955.049988	6878.689941	477.000000	136;
329.980835	62.302193	247.789993	6878.689941	441.000000	136;
323.765228	2.900862	2465.750000	6878.689941	6724.000000	136;
371.590973	97.897041	958.710022	6184.839844	725.000000	137;
330.608490	62.694553	292.000000	6184.839844	256.000000	137;
325.784302	2.899366	2300.409912	6184.839844	6084.000000	137;
331.598236	62.688389	314.140015	5312.120117	121.000000	138;
373.056122	97.941620	938.700012	5312.120117	1186.000000	138;
323.289917	2.491967	1653.829956	5312.120117	5476.000000	138;
332.000000	62.693401	297.980011	4950.709961	101.000000	139;
375.869019	98.381554	823.599976	4950.709961	1514.000000	139;
313.758301	2.488997	1350.479980	4950.709961	5329.000000	139;
333.814850	62.734882	298.170013	4426.370117	81.000000	140;
378.079102	98.762627	719.929993	4426.370117	1586.000000	140;
325.825104	2.898124	2249.879883	4426.370117	5041.000000	140;
335.163605	62.697880	305.010010	4958.069824	100.000000	141;
380.841187	99.158432	722.280029	4958.069824	1768.000000	141;
315.231171	2.490497	1309.000000	4958.069824	5329.000000	141;
336.027100	62.704292	317.679993	5070.020020	101.000000	142;
380.622131	99.178734	743.059998	5070.020020	1768.000000	142;
315.949768	2.896518	1808.430054	5070.020020	5184.000000	142;
336.895813	62.300556	349.450012	4161.160156	74.000000	143;
382.254364	99.224525	765.580017	4161.160156	2205.000000	143;
312.197083	2.490064	1208.229980	4161.160156	4900.000000	143;
338.213440	62.270794	311.049988	4276.410156	164.000000	144;
384.003387	98.904648	681.169983	4276.410156	2349.000000	144;
313.282043	2.489478	1198.479980	4276.410156	5329.000000	144;
340.140167	62.832371	354.589996	3480.439941	85.000000	145;
315.487793	2.898846	1876.250000	3480.439941	4225.000000	145;
253.044373	25.801283	616.960022	3480.439941	3200.000000	145;
337.645020	63.843620	187.300003	4777.370117	130.000000	146;
319.730621	2.491920	1311.900024	4777.370117	4489.000000	146;
256.840485	25.452488	380.429993	4777.370117	3370.000000	146;
340.934174	63.384453	213.029999	3548.120117	101.000000	147;
307.414459	2.899777	2114.879883	3548.120117	3969.000000	147;
261.839600	25.345984	528.090027	3548.120117	2817.000000	147;
343.739075	63.331982	212.360001	3319.100098	178.000000	148;
322.477997	2.492088	1332.790039	3319.100098	4356.000000	148;
264.396667	25.312420	574.419983	3319.100098	2705.000000	148;
344.366943	62.489246	226.429993	3078.239990	125.000000	149;
312.789154	2.902789	2098.419922	3078.239990	3969.000000	149;
267.185059	25.297153	564.489990	3078.239990	2545.000000	149;
344.409058	62.844772	260.260010	2969.760010	49.000000	150;
320.134613	2.493130	1497.780029	2969.760010	3969.000000	150;
270.434662	24.487280	392.279999	2969.760010	2756.000000	150;
346.646301	62.385227	216.080002	2752.600098	85.000000	151;
392.788025	100.580246	992.719971	2752.600098	2305.000000	151;
315.429138	2.491271	1422.819946	2752.600098	4096.000000	151;
303.573425	63.520699	143.979996	2724.679932	257.000000	152;
347.863708	61.469124	91.489998	2724.679932	205.000000	152;
394.685486	100.404129	995.690002	2724.679932	2522.000000	152;
311.896301	62.507870	306.220001	2455.620117	13.000000	153;
349.664276	61.514698	352.399994	2455.620117	53.000000	153;
394.747162	99.891121	1162.979980	2455.620117	2098.000000	153;
337.374237	61.792240	665.669983	2646.000000	16.000000	154;
399.873901	99.894409	1293.150024	2646.000000	1313.000000	154;
338.885681	3.262095	2230.070068	2646.000000	4096.000000	154;
347.409454	63.648354	829.869995	3779.050049	0.000000	155;
329.298248	4.357378	3102.679932	3779.050049	3721.000000	155;
414.876953	102.870834	1299.180054	3779.050049	3541.000000	155;
340.033081	70.536072	85.250000	3815.429932	0.000000	156;
355.562286	60.389717	419.920013	3815.429932	49.000000	156;
332.119202	4.025441	2581.669922	3815.429932	4225.000000	156;
340.952972	70.489334	61.860001	3329.370117	49.000000	157;
357.259399	60.804245	287.910004	3329.370117	229.000000	157;
323.826233	4.064009	2711.040039	3329.370117	5184.000000	157;
354.537720	61.267136	286.410004	2397.500000	400.000000	158;
346.536316	4.458532	3622.929932	2397.500000	5929.000000	158;
427.486603	112.038574	636.739990	2397.500000	4756.000000	158;
353.413849	60.796104	282.399994	2386.969971	436.000000	159;
324.921021	4.439783	3039.340088	2386.969971	5776.000000	159;
426.251434	112.038071	555.489990	2386.969971	6370.000000	159;
354.859619	62.186619	370.059998	2949.639893	250.000000	160;
331.482086	4.815427	2979.370117	2949.639893	5041.000000	160;
427.929260	112.548828	554.669983	2949.639893	7349.000000	160;
359.572144	61.580631	641.609985	2917.090088	200.000000	161;
432.657623	113.824333	1047.400024	2917.090088	7076.000000	161;
309.874329	71.045074	40.820000	2917.090088	397.000000	161;
333.754669	3.377044	2040.900024	2267.120117	5625.000000	162;
425.625641	118.038216	1218.300049	2267.120117	4441.000000	162;
234.942978	50.268677	341.489990	2267.120117	8298.000000	162;
363.621674	79.411423	151.669998	2019.920044	37.000000	163;
349.690521	6.479538	3162.520020	2019.920044	4900.000000	163;
367.957916	104.991920	53.230000	2019.920044	697.000000	163;
364.519409	78.484505	165.860001	2292.389893	137.000000	164;
349.072327	6.539769	3225.919922	2292.389893	5184.000000	164;
423.028778	117.507286	28.150000	2292.389893	6800.000000	164;
364.600464	78.242538	262.350006	2199.760010	52.000000	165;
350.326263	5.212370	1918.069946	2199.760010	5776.000000	165;
386.063263	11.513749	84.730003	2199.760010	6113.000000	165;
364.273193	77.402397	185.039993	2410.949951	36.000000	166;
332.932770	5.179645	3470.800049	2410.949951	4489.000000	166;
389.046906	11.509360	48.610001	2410.949951	5392.000000	166;
346.190704	6.522456	5272.870117	2022.510010	3136.000000	167;
367.095856	76.018463	102.349998	2022.510010	205.000000	167;
249.965302	91.479752	103.449997	2022.510010	8362.000000	167;
334.612274	6.344157	3983.120117	2540.500000	3721.000000	168;
243.174408	93.842361	451.279999	2540.500000	7312.000000	168;
347.005798	56.506214	12.070000	2540.500000	260.000000	168;
342.756592	5.886625	3074.489990	2434.179932	3481.000000	169;
349.510925	56.020458	57.680000	2434.179932	170.000000	169;
337.843964	109.944679	40.310001	2434.179932	1448.000000	169;
346.175415	6.215881	3040.699951	2634.449951	3249.000000	170;
347.489716	56.494858	15.560000	2634.449951	193.000000	170;
266.714294	85.515396	149.029999	2634.449951	4394.000000	170;
345.507294	5.856908	3010.790039	3297.040039	3600.000000	171;
348.872986	55.970261	71.959999	3297.040039	200.000000	171;
268.247284	85.464973	181.449997	3297.040039	4456.000000	171;
348.547272	56.839813	224.490005	3668.800049	196.000000	172;
338.341675	6.161186	3671.600098	3668.800049	3844.000000	172;
327.439728	70.488686	21.650000	3668.800049	109.000000	172;
344.049713	57.312721	297.549988	4249.209961	169.000000	173;
342.131500	5.773966	3359.179932	4249.209961	4096.000000	173;
327.926117	70.002388	37.630001	4249.209961	97.000000	173;
339.206757	6.049095	4251.979980	4666.330078	3844.000000	174;
343.491150	54.988770	89.930000	4666.330078	290.000000	174;
342.918304	59.498028	32.930000	4666.330078	197.000000	174;
340.568573	55.422222	310.049988	6268.600098	169.000000	175;
325.220062	5.872251	4902.819824	6268.600098	3364.000000	175;
257.788422	95.917053	1741.770020	6268.600098	1521.000000	175;
286.517578	92.240700	963.429993	6269.560059	468.000000	176;
340.657410	54.440361	248.660004	6269.560059	324.000000	176;
329.901001	2.921271	2091.340088	6269.560059	5041.000000	176;
304.703674	93.121742	978.700012	6396.390137	549.000000	177;
351.861633	53.512238	194.479996	6396.390137	324.000000	177;
356.939514	3.268902	2467.959961	6396.390137	4624.000000	177;
294.467560	94.261734	1505.910034	5847.129883	325.000000	178;
352.561584	54.380352	260.679993	5847.129883	256.000000	178;
359.037750	4.255628	3437.729980	5847.129883	4225.000000	178;
302.439362	92.231422	1134.920044	5406.419922	353.000000	179;
353.605164	54.377312	207.229996	5406.419922	169.000000	179;
350.425323	4.260428	3569.469971	5406.419922	3844.000000	179;
346.480865	56.766083	497.570007	6162.060059	16.000000	180;
340.762543	2.916315	2203.750000	6162.060059	3969.000000	180;
300.805115	95.472351	152.809998	6162.060059	1252.000000	180;
343.689484	56.963345	501.989990	7738.959961	121.000000	181;
333.834015	3.284095	2492.790039	7738.959961	4761.000000	181;
280.076599	91.406662	171.419998	7738.959961	2797.000000	181;
342.006012	56.322205	269.829987	7737.910156	144.000000	182;
340.251984	3.297397	2950.530029	7737.910156	4624.000000	182;
284.862091	90.338699	174.020004	7737.910156	2500.000000	182;
341.675415	54.380379	199.669998	7260.490234	121.000000	183;
335.038788	3.308534	2654.000000	7260.490234	3969.000000	183;
452.393280	216.694321	2452.169922	7260.490234	21092.000000	183;
341.260071	54.738914	258.000000	8140.390137	121.000000	184;
336.572632	3.301249	2763.399902	8140.390137	4096.000000	184;
307.997528	86.483780	121.129997	8140.390137	754.000000	184;
342.083923	53.821465	243.759995	8568.080078	289.000000	185;
337.234100	3.273471	2528.169922	8568.080078	4761.000000	185;
324.422211	93.008682	57.599998	8568.080078	433.000000	185;
340.848755	53.704262	411.679993	8402.780273	100.000000	186;
333.537079	4.259711	3738.270020	8402.780273	3600.000000	186;
214.940353	130.651398	477.660004	8402.780273	14180.000000	186;
328.343842	4.281956	3588.189941	8726.299805	4761.000000	187;
340.341278	53.713657	284.100006	8726.299805	400.000000	187;
448.862610	216.807358	2401.659912	8726.299805	18874.000000	187;
327.491943	4.614937	3707.260010	9625.320313	5476.000000	188;
340.771149	52.774391	352.779999	9625.320313	729.000000	188;
371.071350	88.442787	215.429993	9625.320313	629.000000	188;
340.917786	52.270653	411.299988	10799.769531	576.000000	189;
371.925507	88.338577	308.760010	10799.769531	692.000000	189;
338.350464	2.921553	2168.860107	10799.769531	5776.000000	189;
369.553375	88.296989	357.290009	11369.089844	576.000000	190;
340.762054	52.316097	394.559998	11369.089844	841.000000	190;
332.966461	2.919549	2075.040039	11369.089844	6561.000000	190;
339.216370	52.328392	387.920013	12106.780273	676.000000	191;
369.334839	88.384026	332.660004	12106.780273	580.000000	191;
334.869843	2.922345	2159.290039	12106.780273	6084.000000	191;
343.924591	3.282624	2874.810059	13610.679688	8649.000000	192;
449.600403	225.974274	3760.520020	13610.679688	13537.000000	192;
295.878815	242.305283	1958.790039	13610.679688	18496.000000	192;
344.362030	3.937928	3544.909912	13455.059570	7744.000000	193;
356.421570	57.345005	243.619995	13455.059570	1225.000000	193;
475.523315	234.495682	1971.099976	13455.059570	20340.000000	193;
408.468658	222.110016	7084.060059	7658.379883	13225.000000	194;
337.813995	2.914502	2445.449951	7658.379883	6889.000000	194;
302.244171	51.347042	257.029999	7658.379883	1153.000000	194;
];