ImageX	ImageY	BModeResponse	DopplerResponse	DopplerCentroidDistance	frame
[
364.808990	41.000000	-107374176.000000	-107374176.000000	-107374176.000000	2;
364.569092	43.000000	-107374176.000000	-107374176.000000	-107374176.000000	3;
366.469269	44.000000	-107374176.000000	-107374176.000000	-107374176.000000	4;
364.842499	46.000000	-107374176.000000	-107374176.000000	-107374176.000000	5;
371.429230	47.000000	-107374176.000000	-107374176.000000	-107374176.000000	6;
371.654022	41.000000	-107374176.000000	-107374176.000000	-107374176.000000	7;
368.348419	42.000000	-107374176.000000	-107374176.000000	-107374176.000000	8;
369.396606	50.000000	-107374176.000000	-107374176.000000	-107374176.000000	9;
371.248657	43.000000	-107374176.000000	-107374176.000000	-107374176.000000	10;
370.782776	39.000000	-107374176.000000	-107374176.000000	-107374176.000000	11;
370.510742	43.000000	-107374176.000000	-107374176.000000	-107374176.000000	12;
375.628723	40.000000	-107374176.000000	-107374176.000000	-107374176.000000	13;
374.637146	43.000000	-107374176.000000	-107374176.000000	-107374176.000000	14;
378.606079	34.000000	-107374176.000000	-107374176.000000	-107374176.000000	15;
379.649445	32.000000	-107374176.000000	-107374176.000000	-107374176.000000	16;
381.746490	38.000000	-107374176.000000	-107374176.000000	-107374176.000000	17;
384.477844	40.000000	-107374176.000000	-107374176.000000	-107374176.000000	18;
400.905090	46.000000	-107374176.000000	-107374176.000000	-107374176.000000	19;
407.214325	47.000000	-107374176.000000	-107374176.000000	-107374176.000000	20;
413.784454	46.000000	-107374176.000000	-107374176.000000	-107374176.000000	21;
419.146179	36.000000	-107374176.000000	-107374176.000000	-107374176.000000	22;
418.514496	35.000000	-107374176.000000	-107374176.000000	-107374176.000000	23;
418.983246	45.000000	-107374176.000000	-107374176.000000	-107374176.000000	24;
416.511993	43.000000	-107374176.000000	-107374176.000000	-107374176.000000	25;
416.436188	40.000000	-107374176.000000	-107374176.000000	-107374176.000000	26;
417.980713	42.000000	-107374176.000000	-107374176.000000	-107374176.000000	27;
418.573120	41.000000	-107374176.000000	-107374176.000000	-107374176.000000	28;
424.471466	39.000000	-107374176.000000	-107374176.000000	-107374176.000000	29;
420.951904	40.000000	-107374176.000000	-107374176.000000	-107374176.000000	30;
407.949127	42.000000	-107374176.000000	-107374176.000000	-107374176.000000	31;
421.730743	41.000000	-107374176.000000	-107374176.000000	-107374176.000000	32;
424.624512	40.000000	-107374176.000000	-107374176.000000	-107374176.000000	33;
423.170776	39.000000	-107374176.000000	-107374176.000000	-107374176.000000	34;
419.434784	37.000000	-107374176.000000	-107374176.000000	-107374176.000000	35;
414.976379	42.000000	-107374176.000000	-107374176.000000	-107374176.000000	36;
421.343994	42.000000	-107374176.000000	-107374176.000000	-107374176.000000	37;
431.440979	42.000000	-107374176.000000	-107374176.000000	-107374176.000000	38;
431.367188	44.000000	-107374176.000000	-107374176.000000	-107374176.000000	39;
435.924347	45.000000	-107374176.000000	-107374176.000000	-107374176.000000	40;
435.939514	45.000000	-107374176.000000	-107374176.000000	-107374176.000000	41;
445.777191	45.000000	-107374176.000000	-107374176.000000	-107374176.000000	42;
444.462341	48.000000	-107374176.000000	-107374176.000000	-107374176.000000	43;
439.917999	47.000000	-107374176.000000	-107374176.000000	-107374176.000000	44;
422.436676	46.000000	-107374176.000000	-107374176.000000	-107374176.000000	45;
416.895874	45.000000	-107374176.000000	-107374176.000000	-107374176.000000	46;
412.716644	42.000000	-107374176.000000	-107374176.000000	-107374176.000000	47;
404.793274	47.000000	-107374176.000000	-107374176.000000	-107374176.000000	48;
409.099884	47.000000	-107374176.000000	-107374176.000000	-107374176.000000	49;
407.450928	51.000000	-107374176.000000	-107374176.000000	-107374176.000000	50;
405.014130	49.000000	-107374176.000000	-107374176.000000	-107374176.000000	51;
405.233521	59.000000	-107374176.000000	-107374176.000000	-107374176.000000	52;
401.370209	62.000000	-107374176.000000	-107374176.000000	-107374176.000000	53;
402.962189	61.000000	-107374176.000000	-107374176.000000	-107374176.000000	54;
405.407959	63.000000	-107374176.000000	-107374176.000000	-107374176.000000	55;
401.698395	66.000000	-107374176.000000	-107374176.000000	-107374176.000000	56;
403.700104	56.000000	-107374176.000000	-107374176.000000	-107374176.000000	57;
401.986603	56.000000	-107374176.000000	-107374176.000000	-107374176.000000	58;
395.316956	57.000000	-107374176.000000	-107374176.000000	-107374176.000000	59;
398.171997	56.000000	-107374176.000000	-107374176.000000	-107374176.000000	60;
395.581604	57.000000	-107374176.000000	-107374176.000000	-107374176.000000	61;
398.612946	57.000000	-107374176.000000	-107374176.000000	-107374176.000000	62;
396.495819	58.000000	-107374176.000000	-107374176.000000	-107374176.000000	63;
386.842377	61.000000	-107374176.000000	-107374176.000000	-107374176.000000	64;
390.194275	61.000000	-107374176.000000	-107374176.000000	-107374176.000000	65;
388.725922	62.000000	-107374176.000000	-107374176.000000	-107374176.000000	66;
386.279114	62.000000	-107374176.000000	-107374176.000000	-107374176.000000	67;
390.370911	63.000000	-107374176.000000	-107374176.000000	-107374176.000000	68;
387.508728	64.000000	-107374176.000000	-107374176.000000	-107374176.000000	69;
388.169220	63.000000	-107374176.000000	-107374176.000000	-107374176.000000	70;
386.209167	63.000000	-107374176.000000	-107374176.000000	-107374176.000000	71;
384.184570	62.000000	-107374176.000000	-107374176.000000	-107374176.000000	72;
379.265045	60.000000	-107374176.000000	-107374176.000000	-107374176.000000	73;
379.448608	58.000000	-107374176.000000	-107374176.000000	-107374176.000000	74;
376.887573	59.000000	-107374176.000000	-107374176.000000	-107374176.000000	75;
374.810730	57.000000	-107374176.000000	-107374176.000000	-107374176.000000	76;
378.877777	56.000000	-107374176.000000	-107374176.000000	-107374176.000000	77;
379.101074	54.000000	-107374176.000000	-107374176.000000	-107374176.000000	78;
381.490143	54.000000	-107374176.000000	-107374176.000000	-107374176.000000	79;
379.132202	56.000000	-107374176.000000	-107374176.000000	-107374176.000000	80;
382.593811	56.000000	-107374176.000000	-107374176.000000	-107374176.000000	81;
386.678101	56.000000	-107374176.000000	-107374176.000000	-107374176.000000	82;
389.818909	57.000000	-107374176.000000	-107374176.000000	-107374176.000000	83;
402.253418	54.000000	-107374176.000000	-107374176.000000	-107374176.000000	84;
399.577911	54.000000	-107374176.000000	-107374176.000000	-107374176.000000	85;
390.781494	55.000000	-107374176.000000	-107374176.000000	-107374176.000000	86;
393.975372	52.000000	-107374176.000000	-107374176.000000	-107374176.000000	87;
398.528412	51.000000	-107374176.000000	-107374176.000000	-107374176.000000	88;
384.333344	41.000000	-107374176.000000	-107374176.000000	-107374176.000000	89;
362.250000	28.000000	-107374176.000000	-107374176.000000	-107374176.000000	96;
392.488220	39.000000	-107374176.000000	-107374176.000000	-107374176.000000	97;
362.930664	28.000000	-107374176.000000	-107374176.000000	-107374176.000000	98;
393.760010	42.000000	-107374176.000000	-107374176.000000	-107374176.000000	100;
392.030609	39.000000	-107374176.000000	-107374176.000000	-107374176.000000	101;
379.612762	40.000000	-107374176.000000	-107374176.000000	-107374176.000000	102;
383.614380	40.000000	-107374176.000000	-107374176.000000	-107374176.000000	103;
408.293152	51.000000	-107374176.000000	-107374176.000000	-107374176.000000	104;
416.516144	49.000000	-107374176.000000	-107374176.000000	-107374176.000000	105;
388.605408	53.000000	-107374176.000000	-107374176.000000	-107374176.000000	106;
382.619141	52.000000	-107374176.000000	-107374176.000000	-107374176.000000	107;
382.053650	55.000000	-107374176.000000	-107374176.000000	-107374176.000000	108;
382.806580	50.000000	-107374176.000000	-107374176.000000	-107374176.000000	109;
380.995789	52.000000	-107374176.000000	-107374176.000000	-107374176.000000	110;
375.904968	59.000000	-107374176.000000	-107374176.000000	-107374176.000000	111;
377.716309	52.000000	-107374176.000000	-107374176.000000	-107374176.000000	112;
377.183929	56.000000	-107374176.000000	-107374176.000000	-107374176.000000	113;
375.669342	59.000000	-107374176.000000	-107374176.000000	-107374176.000000	114;
376.322266	57.000000	-107374176.000000	-107374176.000000	-107374176.000000	115;
375.290192	61.000000	-107374176.000000	-107374176.000000	-107374176.000000	116;
372.656586	58.000000	-107374176.000000	-107374176.000000	-107374176.000000	117;
372.653015	60.000000	-107374176.000000	-107374176.000000	-107374176.000000	118;
372.290558	62.000000	-107374176.000000	-107374176.000000	-107374176.000000	119;
372.113800	60.000000	-107374176.000000	-107374176.000000	-107374176.000000	120;
371.911957	60.000000	-107374176.000000	-107374176.000000	-107374176.000000	121;
374.764191	64.000000	-107374176.000000	-107374176.000000	-107374176.000000	122;
375.371979	63.000000	-107374176.000000	-107374176.000000	-107374176.000000	123;
377.984192	65.000000	-107374176.000000	-107374176.000000	-107374176.000000	124;
375.979523	64.000000	-107374176.000000	-107374176.000000	-107374176.000000	125;
382.792206	65.000000	-107374176.000000	-107374176.000000	-107374176.000000	126;
383.820374	69.000000	-107374176.000000	-107374176.000000	-107374176.000000	127;
380.519775	66.000000	-107374176.000000	-107374176.000000	-107374176.000000	128;
385.638824	68.000000	-107374176.000000	-107374176.000000	-107374176.000000	129;
380.313568	68.000000	-107374176.000000	-107374176.000000	-107374176.000000	130;
380.965820	65.000000	-107374176.000000	-107374176.000000	-107374176.000000	131;
382.363800	66.000000	-107374176.000000	-107374176.000000	-107374176.000000	132;
383.251312	70.000000	-107374176.000000	-107374176.000000	-107374176.000000	133;
386.758057	65.000000	-107374176.000000	-107374176.000000	-107374176.000000	134;
389.242981	71.000000	-107374176.000000	-107374176.000000	-107374176.000000	135;
386.391724	68.000000	-107374176.000000	-107374176.000000	-107374176.000000	136;
391.575012	62.000000	-107374176.000000	-107374176.000000	-107374176.000000	137;
392.055634	63.000000	-107374176.000000	-107374176.000000	-107374176.000000	138;
392.174744	68.000000	-107374176.000000	-107374176.000000	-107374176.000000	139;
392.765961	73.000000	-107374176.000000	-107374176.000000	-107374176.000000	140;
390.479462	67.000000	-107374176.000000	-107374176.000000	-107374176.000000	141;
391.095154	72.000000	-107374176.000000	-107374176.000000	-107374176.000000	142;
389.555817	62.000000	-107374176.000000	-107374176.000000	-107374176.000000	143;
386.700562	61.000000	-107374176.000000	-107374176.000000	-107374176.000000	144;
394.746948	66.000000	-107374176.000000	-107374176.000000	-107374176.000000	145;
397.278229	74.000000	-107374176.000000	-107374176.000000	-107374176.000000	146;
400.479462	81.000000	-107374176.000000	-107374176.000000	-107374176.000000	147;
396.643524	64.000000	-107374176.000000	-107374176.000000	-107374176.000000	148;
393.870270	55.000000	-107374176.000000	-107374176.000000	-107374176.000000	149;
407.012115	52.000000	-107374176.000000	-107374176.000000	-107374176.000000	150;
419.480469	53.000000	-107374176.000000	-107374176.000000	-107374176.000000	151;
427.125824	47.000000	-107374176.000000	-107374176.000000	-107374176.000000	152;
435.277374	42.000000	-107374176.000000	-107374176.000000	-107374176.000000	153;
439.060516	43.000000	-107374176.000000	-107374176.000000	-107374176.000000	154;
436.614502	43.000000	-107374176.000000	-107374176.000000	-107374176.000000	155;
452.515533	51.000000	-107374176.000000	-107374176.000000	-107374176.000000	156;
];